<?xml version="1.0" encoding="UTF-8"?>
<!-- Generated by org.testng.reporters.JUnitXMLReporter -->
<testsuite ignored="2" hostname="TYSS-Dilip-Chakkarabani" failures="1" tests="4" name="TrialUserPurchaseClassicSubscriptionTest" time="800.164" errors="0" timestamp="2025-11-27T22:56:53 IST">
  <testcase classname="TaskMasterFlowTest.NewUserPurchaseClassicSubscriptionThroughRenewItLinkTest" name="Tc01_newUserTrytoPurchasingNewFacilityTest" time="78.956"/>
  <testcase classname="TaskMasterFlowTest.NewUserPurchaseClassicSubscriptionThroughRenewItLinkTest" name="Tc02_newUser_Tap_RenewItLink_Purchasing_ClassicSubscriptionTest" time="130.971">
    <failure type="org.openqa.selenium.TimeoutException" message="Expected condition failed: waiting for visibility of Located by By.chained({By.xpath: //android.widget.Button[@text=&amp;quot;ICICI ICICI&amp;quot;]}) (tried for 30 second(s) with 500 milliseconds interval)">
      <![CDATA[org.openqa.selenium.TimeoutException: Expected condition failed: waiting for visibility of Located by By.chained({By.xpath: //android.widget.Button[@text="ICICI ICICI"]}) (tried for 30 second(s) with 500 milliseconds interval)
at org.openqa.selenium.support.ui.WebDriverWait.timeoutException(WebDriverWait.java:84)
at org.openqa.selenium.support.ui.FluentWait.until(FluentWait.java:230)
at razorpayPaymentRepo.NetbankingPage.tapPaymentBank(NetbankingPage.java:69)
at TaskMasterFlowTest.NewUserPurchaseClassicSubscriptionThroughRenewItLinkTest.Tc02_newUser_Tap_RenewItLink_Purchasing_ClassicSubscriptionTest(NewUserPurchaseClassicSubscriptionThroughRenewItLinkTest.java:63)
at java.base/java.util.ArrayList.forEach(ArrayList.java:1597)
Caused by: org.openqa.selenium.NoSuchElementException: Can't locate an element by this strategy: By.chained({By.xpath: //android.widget.Button[@text="ICICI ICICI"]})
at io.appium.java_client.pagefactory.AppiumElementLocator.findElement(AppiumElementLocator.java:166)
at io.appium.java_client.pagefactory.interceptors.InterceptorOfASingleElement.call(InterceptorOfASingleElement.java:64)
at io.appium.java_client.proxy.Interceptor.intercept(Interceptor.java:78)
at org.openqa.selenium.remote.RemoteWebElement$ByteBuddy$wAzLvu57.isDisplayed(Unknown Source)
at org.openqa.selenium.support.ui.ExpectedConditions.elementIfVisible(ExpectedConditions.java:304)
at org.openqa.selenium.support.ui.ExpectedConditions.access$000(ExpectedConditions.java:37)
at org.openqa.selenium.support.ui.ExpectedConditions$10.apply(ExpectedConditions.java:290)
at org.openqa.selenium.support.ui.ExpectedConditions$10.apply(ExpectedConditions.java:287)
at org.openqa.selenium.support.ui.FluentWait.until(FluentWait.java:205)
... 29 more
Caused by: org.openqa.selenium.TimeoutException: Expected condition failed: waiting for io.appium.java_client.pagefactory.AppiumElementLocator$WaitingFunction@4a83b89 (tried for 1 second(s) with 500 milliseconds interval)
at org.openqa.selenium.support.ui.FluentWait.timeoutException(FluentWait.java:262)
at org.openqa.selenium.support.ui.FluentWait.until(FluentWait.java:230)
at io.appium.java_client.pagefactory.AppiumElementLocator.waitFor(AppiumElementLocator.java:135)
at io.appium.java_client.pagefactory.AppiumElementLocator.findElement(AppiumElementLocator.java:160)
... 37 more
Caused by: org.openqa.selenium.NoSuchElementException: Cannot locate an element using By.chained({By.xpath: //android.widget.Button[@text="ICICI ICICI"]})
For documentation on this error, please visit: https://www.selenium.dev/documentation/webdriver/troubleshooting/errors#no-such-element-exception
Build info: version: '4.13.0', revision: 'ba948ece5b*'
System info: os.name: 'Windows 11', os.arch: 'amd64', os.version: '10.0', java.version: '23.0.2'
Driver info: driver.version: RemoteWebDriver
at io.appium.java_client.pagefactory.bys.builder.ByChained.findElement(ByChained.java:77)
at org.openqa.selenium.remote.ElementLocation$ElementFinder$1.findElement(ElementLocation.java:139)
at org.openqa.selenium.remote.ElementLocation.findElement(ElementLocation.java:59)
at org.openqa.selenium.remote.RemoteWebDriver.findElement(RemoteWebDriver.java:359)
at org.openqa.selenium.remote.RemoteWebDriver.findElement(RemoteWebDriver.java:353)
at io.appium.java_client.pagefactory.bys.ContentMappedBy.findElement(ContentMappedBy.java:53)
at org.openqa.selenium.remote.ElementLocation$ElementFinder$1.findElement(ElementLocation.java:139)
at org.openqa.selenium.remote.ElementLocation.findElement(ElementLocation.java:59)
at org.openqa.selenium.remote.RemoteWebDriver.findElement(RemoteWebDriver.java:359)
at org.openqa.selenium.remote.RemoteWebDriver.findElement(RemoteWebDriver.java:353)
at io.appium.java_client.pagefactory.AppiumElementLocator.lambda$findElement$1(AppiumElementLocator.java:160)
at io.appium.java_client.pagefactory.AppiumElementLocator$WaitingFunction.apply(AppiumElementLocator.java:217)
at io.appium.java_client.pagefactory.AppiumElementLocator$WaitingFunction.apply(AppiumElementLocator.java:210)
at org.openqa.selenium.support.ui.FluentWait.until(FluentWait.java:205)
... 39 more
... Removed 26 stack frames]]>
    </failure>
  </testcase> <!-- Tc02_newUser_Tap_RenewItLink_Purchasing_ClassicSubscriptionTest -->
  <testcase classname="TaskMasterFlowTest.NewUserPurchasePremiumSubscriptionThrough_RenewItLinkTest" name="Tc01_newUserTrytoPurchasingNewFacilityTest" time="77.849"/>
  <testcase classname="TaskMasterFlowTest.NewUserPurchasePremiumSubscriptionThrough_RenewItLinkTest" name="Tc02_newUser_Tap_RenewItLink_Purchasing_PremiumSubscriptionTest" time="155.632"/>
  <testcase classname="Utilities.BaseClass" name="@AfterSuite stopServer" time="0.0">
    <ignored/>
  </testcase> <!-- @AfterSuite stopServer -->
  <testcase classname="Utilities.BaseClass" name="@BeforeSuite loadConfigAndStartServer" time="0.0">
    <ignored/>
  </testcase> <!-- @BeforeSuite loadConfigAndStartServer -->
</testsuite> <!-- TrialUserPurchaseClassicSubscriptionTest -->
