<?xml version="1.0" encoding="UTF-8"?>
<!-- Generated by org.testng.reporters.JUnitXMLReporter -->
<testsuite ignored="21" hostname="TYSS-Dilip-Chakkarabani" failures="0" tests="1" name="Default test" time="345.992" errors="0" timestamp="2025-11-27T16:42:20 IST">
  <testcase classname="TaskMasterFlowTest.AdminTaskDeletionScenarioTest" name="Tc09_taskBuddyStartToWorkAcceptedTaskFlowTest" time="243.658"/>
  <testcase classname="TaskMasterFlowTest.AdminTaskDeletionScenarioTest" name="Tc04_validationOf_PN_for_AcceptedTaskTest" time="0.0">
    <ignored/>
  </testcase> <!-- Tc04_validationOf_PN_for_AcceptedTaskTest -->
  <testcase classname="TaskMasterFlowTest.AdminTaskDeletionScenarioTest" name="Tc19_approveBuddyRequestedTaskTest" time="0.0">
    <ignored/>
  </testcase> <!-- Tc19_approveBuddyRequestedTaskTest -->
  <testcase classname="TaskMasterFlowTest.AdminTaskDeletionScenarioTest" name="Tc18_verifyAdminDelete_BuddyRequestForClosureTaskTest" time="0.0">
    <ignored/>
  </testcase> <!-- Tc18_verifyAdminDelete_BuddyRequestForClosureTaskTest -->
  <testcase classname="TaskMasterFlowTest.AdminTaskDeletionScenarioTest" name="Tc17_taskbuddyClosureTaskUpdateInAdminDashboardTest" time="0.0">
    <ignored/>
  </testcase> <!-- Tc17_taskbuddyClosureTaskUpdateInAdminDashboardTest -->
  <testcase classname="TaskMasterFlowTest.AdminTaskDeletionScenarioTest" name="Tc20_completedTaskUpdatedInSupervisors_JanitorsDetailScreenTest" time="0.0">
    <ignored/>
  </testcase> <!-- Tc20_completedTaskUpdatedInSupervisors_JanitorsDetailScreenTest -->
  <testcase classname="TaskMasterFlowTest.AdminTaskDeletionScenarioTest" name="Tc10_taskBuddyDashboardOngoingTaskValidationTest" time="0.0">
    <ignored/>
  </testcase> <!-- Tc10_taskBuddyDashboardOngoingTaskValidationTest -->
  <testcase classname="TaskMasterFlowTest.AdminTaskDeletionScenarioTest" name="Tc13_taskbuddyOngoingTaskUpdatedInSupervisors_JanitorsDetailsScreenTest" time="0.0">
    <ignored/>
  </testcase> <!-- Tc13_taskbuddyOngoingTaskUpdatedInSupervisors_JanitorsDetailsScreenTest -->
  <testcase classname="TaskMasterFlowTest.AdminTaskDeletionScenarioTest" name="Tc02_pendingTaskValidationTest" time="0.0">
    <ignored/>
  </testcase> <!-- Tc02_pendingTaskValidationTest -->
  <testcase classname="TaskMasterFlowTest.AdminTaskDeletionScenarioTest" name="Tc05_taskBuddyDashboardAcceptedTaskValidationTest" time="0.0">
    <ignored/>
  </testcase> <!-- Tc05_taskBuddyDashboardAcceptedTaskValidationTest -->
  <testcase classname="TaskMasterFlowTest.AdminTaskDeletionScenarioTest" name="Tc21_validateBuddyCompletedTaskTest" time="0.0">
    <ignored/>
  </testcase> <!-- Tc21_validateBuddyCompletedTaskTest -->
  <testcase classname="TaskMasterFlowTest.AdminTaskDeletionScenarioTest" name="Tc08_taskbuddyAcceptedTaskUpdatedInSupervisors_JanitorsDetailsScreenTest" time="0.0">
    <ignored/>
  </testcase> <!-- Tc08_taskbuddyAcceptedTaskUpdatedInSupervisors_JanitorsDetailsScreenTest -->
  <testcase classname="TaskMasterFlowTest.AdminTaskDeletionScenarioTest" name="Tc03_validateBuddyPendingTaskTest" time="0.0">
    <ignored/>
  </testcase> <!-- Tc03_validateBuddyPendingTaskTest -->
  <testcase classname="TaskMasterFlowTest.AdminTaskDeletionScenarioTest" name="Tc06_taskbuddyAcceptedTask_UpdateInAdminDashboardTest" time="0.0">
    <ignored/>
  </testcase> <!-- Tc06_taskbuddyAcceptedTask_UpdateInAdminDashboardTest -->
  <testcase classname="TaskMasterFlowTest.AdminTaskDeletionScenarioTest" name="Tc07_adminDeleteTaskbuddyAcceptedTaskTest" time="0.0">
    <ignored/>
  </testcase> <!-- Tc07_adminDeleteTaskbuddyAcceptedTaskTest -->
  <testcase classname="TaskMasterFlowTest.AdminTaskDeletionScenarioTest" name="Tc15_taskBuddyDashboardClosureTaskValidationTest" time="0.0">
    <ignored/>
  </testcase> <!-- Tc15_taskBuddyDashboardClosureTaskValidationTest -->
  <testcase classname="TaskMasterFlowTest.AdminTaskDeletionScenarioTest" name="Tc16_validateClosureTaskIsUpdatedInSupervisors_JanitorsDetailScreenTest" time="0.0">
    <ignored/>
  </testcase> <!-- Tc16_validateClosureTaskIsUpdatedInSupervisors_JanitorsDetailScreenTest -->
  <testcase classname="TaskMasterFlowTest.AdminTaskDeletionScenarioTest" name="Tc11_taskbuddyOngoingTaskUpdateInAdminDashboardTest" time="0.0">
    <ignored/>
  </testcase> <!-- Tc11_taskbuddyOngoingTaskUpdateInAdminDashboardTest -->
  <testcase classname="TaskMasterFlowTest.AdminTaskDeletionScenarioTest" name="Tc01_assign_Delete_AssignTaskOfSameFacilityTest" time="0.0">
    <ignored/>
  </testcase> <!-- Tc01_assign_Delete_AssignTaskOfSameFacilityTest -->
  <testcase classname="TaskMasterFlowTest.AdminTaskDeletionScenarioTest" name="Tc12_adminDeleteTaskbuddyOngoingTaskTest" time="0.0">
    <ignored/>
  </testcase> <!-- Tc12_adminDeleteTaskbuddyOngoingTaskTest -->
  <testcase classname="TaskMasterFlowTest.AdminTaskDeletionScenarioTest" name="Tc22_validateCompletedTaskUpdatedInAdminDashboardTest" time="0.0">
    <ignored/>
  </testcase> <!-- Tc22_validateCompletedTaskUpdatedInAdminDashboardTest -->
  <testcase classname="TaskMasterFlowTest.AdminTaskDeletionScenarioTest" name="Tc14_validationOf_PN_for_RequestforClosureTaskTest" time="0.0">
    <ignored/>
  </testcase> <!-- Tc14_validationOf_PN_for_RequestforClosureTaskTest -->
</testsuite> <!-- Default test -->
