<html>
<head>
<title>TestNG:  AdminDifferentTaskDeletionTest</title>
<link href="../testng.css" rel="stylesheet" type="text/css" />
<link href="../my-testng.css" rel="stylesheet" type="text/css" />

<style type="text/css">
.log { display: none;} 
.stack-trace { display: none;} 
</style>
<script type="text/javascript">
<!--
function flip(e) {
  current = e.style.display;
  if (current == 'block') {
    e.style.display = 'none';
    return 0;
  }
  else {
    e.style.display = 'block';
    return 1;
  }
}

function toggleBox(szDivId, elem, msg1, msg2)
{
  var res = -1;  if (document.getElementById) {
    res = flip(document.getElementById(szDivId));
  }
  else if (document.all) {
    // this is the way old msie versions work
    res = flip(document.all[szDivId]);
  }
  if(elem) {
    if(res == 0) elem.innerHTML = msg1; else elem.innerHTML = msg2;
  }

}

function toggleAllBoxes() {
  if (document.getElementsByTagName) {
    d = document.getElementsByTagName('div');
    for (i = 0; i < d.length; i++) {
      if (d[i].className == 'log') {
        flip(d[i]);
      }
    }
  }
}

// -->
</script>

</head>
<body>
<h2 align='center'>AdminDifferentTaskDeletionTest</h2><table border='1' align="center">
<tr>
<td>Tests passed/Failed/Skipped:</td><td>21/1/0</td>
</tr><tr>
<td>Started on:</td><td>Fri Nov 28 09:06:28 IST 2025</td>
</tr>
<tr><td>Total time:</td><td>2945 seconds (2945663 ms)</td>
</tr><tr>
<td>Included groups:</td><td>sanity </td>
</tr><tr>
<td>Excluded groups:</td><td></td>
</tr>
</table><p/>
<small><i>(Hover the method name to see the test class name)</i></small><p/>
<table width='100%' border='1' class='invocation-failed'>
<tr><td colspan='4' align='center'><b>FAILED TESTS</b></td></tr>
<tr><td><b>Test method</b></td>
<td><b>Attribute(s)</b></td>
<td width="30%"><b>Exception</b></td>
<td width="10%"><b>Time (seconds)</b></td>
<td><b>Instance</b></td>
</tr>
<tr>
<td title='TaskMasterFlowTest.AdminTaskDeletionScenarioTest.Tc19_approveBuddyRequestedTaskTest()'><b>Tc19_approveBuddyRequestedTaskTest</b><br>Test class: TaskMasterFlowTest.AdminTaskDeletionScenarioTest<br>Parameters: 1</td>
<td><div><pre>org.openqa.selenium.NoSuchElementException: An element could not be located on the page using the given search parameters.
For documentation on this error, please visit: https://www.selenium.dev/documentation/webdriver/troubleshooting/errors#no-such-element-exception
Build info: version: &apos;4.13.0&apos;, revision: &apos;ba948ece5b*&apos;
System info: os.name: &apos;Windows 11&apos;, os.arch: &apos;amd64&apos;, os.version: &apos;10.0&apos;, java.version: &apos;23.0.2&apos;
Driver info: io.appium.java_client.android.AndroidDriver
Command: [dabb11ee-af38-4543-b479-b944753ce21d, findElement {using=xpath, value=//android.widget.TextView[@resource-id=&quot;android:id/title&quot; and contains(@text,&quot;Task Approved by Supervisor&quot;)]}]
Capabilities {appium:app: ./apps/Nov17.apk, appium:appActivity: com.woloo.smarthygiene.Main..., appium:appPackage: com.woloo.smarthygiene, appium:autoGrantPermissions: true, appium:automationName: UiAutomator2, appium:databaseEnabled: false, appium:desired: {app: ./apps/Nov17.apk, appActivity: com.woloo.smarthygiene.Main..., appPackage: com.woloo.smarthygiene, autoGrantPermissions: true, automationName: UiAutomator2, deviceName: Galaxy A13, newCommandTimeout: 120, noReset: false, platformName: ANDROID, platformVersion: 14.0}, appium:deviceApiLevel: 34, appium:deviceManufacturer: samsung, appium:deviceModel: SM-A135F, appium:deviceName: RZ8TA0PDHLX, appium:deviceScreenDensity: 450, appium:deviceScreenSize: 1080x2408, appium:deviceUDID: RZ8TA0PDHLX, appium:javascriptEnabled: true, appium:locationContextEnabled: false, appium:networkConnectionEnabled: true, appium:newCommandTimeout: 120, appium:noReset: false, appium:pixelRatio: 2.8125, appium:platformVersion: 14, appium:statBarHeight: 70, appium:takesScreenshot: true, appium:viewportRect: {height: 2338, left: 0, top: 70, width: 1080}, appium:warnings: {}, appium:webStorageEnabled: false, platformName: ANDROID}
Session ID: dabb11ee-af38-4543-b479-b944753ce21d
	at org.openqa.selenium.remote.codec.w3c.W3CHttpResponseCodec.createException(W3CHttpResponseCodec.java:200)
	at org.openqa.selenium.remote.codec.w3c.W3CHttpResponseCodec.decode(W3CHttpResponseCodec.java:133)
	at org.openqa.selenium.remote.codec.w3c.W3CHttpResponseCodec.decode(W3CHttpResponseCodec.java:52)
	at org.openqa.selenium.remote.HttpCommandExecutor.execute(HttpCommandExecutor.java:191)
	at io.appium.java_client.remote.AppiumCommandExecutor.execute(AppiumCommandExecutor.java:250)
	at org.openqa.selenium.remote.RemoteWebDriver.execute(RemoteWebDriver.java:602)
	at org.openqa.selenium.remote.ElementLocation$ElementFinder$2.findElement(ElementLocation.java:165)
	at org.openqa.selenium.remote.ElementLocation.findElement(ElementLocation.java:59)
	at org.openqa.selenium.remote.RemoteWebDriver.findElement(RemoteWebDriver.java:359)
	at org.openqa.selenium.remote.RemoteWebDriver.findElement(RemoteWebDriver.java:353)
	at TaskMasterFlowTest.AdminTaskDeletionScenarioTest.Tc19_approveBuddyRequestedTaskTest(AdminTaskDeletionScenarioTest.java:693)
	at java.base/java.util.ArrayList.forEach(ArrayList.java:1597)
... Removed 28 stack frames</pre></div><a href='#' onClick='toggleBox("stack-trace127459823", this, "Click to show all stack frames", "Click to hide stack frames")'>Click to show all stack frames</a>
<div class='stack-trace' id='stack-trace127459823'><pre>org.openqa.selenium.NoSuchElementException: An element could not be located on the page using the given search parameters.
For documentation on this error, please visit: https://www.selenium.dev/documentation/webdriver/troubleshooting/errors#no-such-element-exception
Build info: version: &apos;4.13.0&apos;, revision: &apos;ba948ece5b*&apos;
System info: os.name: &apos;Windows 11&apos;, os.arch: &apos;amd64&apos;, os.version: &apos;10.0&apos;, java.version: &apos;23.0.2&apos;
Driver info: io.appium.java_client.android.AndroidDriver
Command: [dabb11ee-af38-4543-b479-b944753ce21d, findElement {using=xpath, value=//android.widget.TextView[@resource-id=&quot;android:id/title&quot; and contains(@text,&quot;Task Approved by Supervisor&quot;)]}]
Capabilities {appium:app: ./apps/Nov17.apk, appium:appActivity: com.woloo.smarthygiene.Main..., appium:appPackage: com.woloo.smarthygiene, appium:autoGrantPermissions: true, appium:automationName: UiAutomator2, appium:databaseEnabled: false, appium:desired: {app: ./apps/Nov17.apk, appActivity: com.woloo.smarthygiene.Main..., appPackage: com.woloo.smarthygiene, autoGrantPermissions: true, automationName: UiAutomator2, deviceName: Galaxy A13, newCommandTimeout: 120, noReset: false, platformName: ANDROID, platformVersion: 14.0}, appium:deviceApiLevel: 34, appium:deviceManufacturer: samsung, appium:deviceModel: SM-A135F, appium:deviceName: RZ8TA0PDHLX, appium:deviceScreenDensity: 450, appium:deviceScreenSize: 1080x2408, appium:deviceUDID: RZ8TA0PDHLX, appium:javascriptEnabled: true, appium:locationContextEnabled: false, appium:networkConnectionEnabled: true, appium:newCommandTimeout: 120, appium:noReset: false, appium:pixelRatio: 2.8125, appium:platformVersion: 14, appium:statBarHeight: 70, appium:takesScreenshot: true, appium:viewportRect: {height: 2338, left: 0, top: 70, width: 1080}, appium:warnings: {}, appium:webStorageEnabled: false, platformName: ANDROID}
Session ID: dabb11ee-af38-4543-b479-b944753ce21d
	at java.base/jdk.internal.reflect.DirectConstructorHandleAccessor.newInstance(DirectConstructorHandleAccessor.java:62)
	at java.base/java.lang.reflect.Constructor.newInstanceWithCaller(Constructor.java:501)
	at java.base/java.lang.reflect.Constructor.newInstance(Constructor.java:485)
	at org.openqa.selenium.remote.codec.w3c.W3CHttpResponseCodec.createException(W3CHttpResponseCodec.java:200)
	at org.openqa.selenium.remote.codec.w3c.W3CHttpResponseCodec.decode(W3CHttpResponseCodec.java:133)
	at org.openqa.selenium.remote.codec.w3c.W3CHttpResponseCodec.decode(W3CHttpResponseCodec.java:52)
	at org.openqa.selenium.remote.HttpCommandExecutor.execute(HttpCommandExecutor.java:191)
	at io.appium.java_client.remote.AppiumCommandExecutor.execute(AppiumCommandExecutor.java:250)
	at org.openqa.selenium.remote.RemoteWebDriver.execute(RemoteWebDriver.java:602)
	at org.openqa.selenium.remote.ElementLocation$ElementFinder$2.findElement(ElementLocation.java:165)
	at org.openqa.selenium.remote.ElementLocation.findElement(ElementLocation.java:59)
	at org.openqa.selenium.remote.RemoteWebDriver.findElement(RemoteWebDriver.java:359)
	at org.openqa.selenium.remote.RemoteWebDriver.findElement(RemoteWebDriver.java:353)
	at TaskMasterFlowTest.AdminTaskDeletionScenarioTest.Tc19_approveBuddyRequestedTaskTest(AdminTaskDeletionScenarioTest.java:693)
	at java.base/jdk.internal.reflect.DirectMethodHandleAccessor.invoke(DirectMethodHandleAccessor.java:103)
	at java.base/java.lang.reflect.Method.invoke(Method.java:580)
	at org.testng.internal.invokers.MethodInvocationHelper.invokeMethod(MethodInvocationHelper.java:139)
	at org.testng.internal.invokers.TestInvoker.invokeMethod(TestInvoker.java:664)
	at org.testng.internal.invokers.TestInvoker.invokeTestMethod(TestInvoker.java:227)
	at org.testng.internal.invokers.MethodRunner.runInSequence(MethodRunner.java:50)
	at org.testng.internal.invokers.TestInvoker$MethodInvocationAgent.invoke(TestInvoker.java:957)
	at org.testng.internal.invokers.TestInvoker.invokeTestMethods(TestInvoker.java:200)
	at org.testng.internal.invokers.TestMethodWorker.invokeTestMethods(TestMethodWorker.java:148)
	at org.testng.internal.invokers.TestMethodWorker.run(TestMethodWorker.java:128)
	at java.base/java.util.ArrayList.forEach(ArrayList.java:1597)
	at org.testng.TestRunner.privateRun(TestRunner.java:848)
	at org.testng.TestRunner.run(TestRunner.java:621)
	at org.testng.SuiteRunner.runTest(SuiteRunner.java:443)
	at org.testng.SuiteRunner.runSequentially(SuiteRunner.java:437)
	at org.testng.SuiteRunner.privateRun(SuiteRunner.java:397)
	at org.testng.SuiteRunner.run(SuiteRunner.java:336)
	at org.testng.SuiteRunnerWorker.runSuite(SuiteRunnerWorker.java:52)
	at org.testng.SuiteRunnerWorker.run(SuiteRunnerWorker.java:95)
	at org.testng.TestNG.runSuitesSequentially(TestNG.java:1280)
	at org.testng.TestNG.runSuitesLocally(TestNG.java:1200)
	at org.testng.TestNG.runSuites(TestNG.java:1114)
	at org.testng.TestNG.run(TestNG.java:1082)
	at org.testng.remote.AbstractRemoteTestNG.run(AbstractRemoteTestNG.java:115)
	at org.testng.remote.RemoteTestNG.initAndRun(RemoteTestNG.java:293)
	at org.testng.remote.RemoteTestNG.main(RemoteTestNG.java:91)
</pre></div></td>
<td>58</td>
<td>TaskMasterFlowTest.AdminTaskDeletionScenarioTest@32502377</td></tr>
</table><p>
<table width='100%' border='1' class='invocation-passed'>
<tr><td colspan='4' align='center'><b>PASSED TESTS</b></td></tr>
<tr><td><b>Test method</b></td>
<td><b>Attribute(s)</b></td>
<td width="30%"><b>Exception</b></td>
<td width="10%"><b>Time (seconds)</b></td>
<td><b>Instance</b></td>
</tr>
<tr>
<td title='TaskMasterFlowTest.AdminTaskDeletionScenarioTest.Tc07_adminDeleteTaskbuddyAcceptedTaskTest()'><b>Tc07_adminDeleteTaskbuddyAcceptedTaskTest</b><br>Test class: TaskMasterFlowTest.AdminTaskDeletionScenarioTest<br>Parameters: 1</td>
<td></td>
<td>131</td>
<td>TaskMasterFlowTest.AdminTaskDeletionScenarioTest@32502377</td></tr>
<tr>
<td title='TaskMasterFlowTest.AdminTaskDeletionScenarioTest.Tc17_taskbuddyClosureTaskUpdateInAdminDashboardTest()'><b>Tc17_taskbuddyClosureTaskUpdateInAdminDashboardTest</b><br>Test class: TaskMasterFlowTest.AdminTaskDeletionScenarioTest<br>Parameters: 1</td>
<td></td>
<td>80</td>
<td>TaskMasterFlowTest.AdminTaskDeletionScenarioTest@32502377</td></tr>
<tr>
<td title='TaskMasterFlowTest.AdminTaskDeletionScenarioTest.Tc03_validateBuddyPendingTaskTest()'><b>Tc03_validateBuddyPendingTaskTest</b><br>Test class: TaskMasterFlowTest.AdminTaskDeletionScenarioTest<br>Parameters: 1</td>
<td></td>
<td>96</td>
<td>TaskMasterFlowTest.AdminTaskDeletionScenarioTest@32502377</td></tr>
<tr>
<td title='TaskMasterFlowTest.AdminTaskDeletionScenarioTest.Tc18_verifyAdminDelete_BuddyRequestForClosureTaskTest()'><b>Tc18_verifyAdminDelete_BuddyRequestForClosureTaskTest</b><br>Test class: TaskMasterFlowTest.AdminTaskDeletionScenarioTest<br>Parameters: 1</td>
<td></td>
<td>130</td>
<td>TaskMasterFlowTest.AdminTaskDeletionScenarioTest@32502377</td></tr>
<tr>
<td title='TaskMasterFlowTest.AdminTaskDeletionScenarioTest.Tc10_taskBuddyDashboardOngoingTaskValidationTest()'><b>Tc10_taskBuddyDashboardOngoingTaskValidationTest</b><br>Test class: TaskMasterFlowTest.AdminTaskDeletionScenarioTest<br>Parameters: 1</td>
<td></td>
<td>70</td>
<td>TaskMasterFlowTest.AdminTaskDeletionScenarioTest@32502377</td></tr>
<tr>
<td title='TaskMasterFlowTest.AdminTaskDeletionScenarioTest.Tc14_validationOf_PN_for_RequestforClosureTaskTest()'><b>Tc14_validationOf_PN_for_RequestforClosureTaskTest</b><br>Test class: TaskMasterFlowTest.AdminTaskDeletionScenarioTest<br>Parameters: 1</td>
<td></td>
<td>137</td>
<td>TaskMasterFlowTest.AdminTaskDeletionScenarioTest@32502377</td></tr>
<tr>
<td title='TaskMasterFlowTest.AdminTaskDeletionScenarioTest.Tc04_validationOf_PN_for_AcceptedTaskTest()'><b>Tc04_validationOf_PN_for_AcceptedTaskTest</b><br>Test class: TaskMasterFlowTest.AdminTaskDeletionScenarioTest<br>Parameters: 1</td>
<td></td>
<td>128</td>
<td>TaskMasterFlowTest.AdminTaskDeletionScenarioTest@32502377</td></tr>
<tr>
<td title='TaskMasterFlowTest.AdminTaskDeletionScenarioTest.Tc09_taskBuddyStartToWorkAcceptedTaskFlowTest()'><b>Tc09_taskBuddyStartToWorkAcceptedTaskFlowTest</b><br>Test class: TaskMasterFlowTest.AdminTaskDeletionScenarioTest<br>Parameters: 1</td>
<td></td>
<td>153</td>
<td>TaskMasterFlowTest.AdminTaskDeletionScenarioTest@32502377</td></tr>
<tr>
<td title='TaskMasterFlowTest.AdminTaskDeletionScenarioTest.Tc01_assign_Delete_AssignTaskOfSameFacilityTest()'><b>Tc01_assign_Delete_AssignTaskOfSameFacilityTest</b><br>Test class: TaskMasterFlowTest.AdminTaskDeletionScenarioTest<br>Parameters: 1</td>
<td></td>
<td>186</td>
<td>TaskMasterFlowTest.AdminTaskDeletionScenarioTest@32502377</td></tr>
<tr>
<td title='TaskMasterFlowTest.AdminTaskDeletionScenarioTest.Tc13_taskbuddyOngoingTaskUpdatedInSupervisors_JanitorsDetailsScreenTest()'><b>Tc13_taskbuddyOngoingTaskUpdatedInSupervisors_JanitorsDetailsScreenTest</b><br>Test class: TaskMasterFlowTest.AdminTaskDeletionScenarioTest<br>Parameters: 1</td>
<td></td>
<td>53</td>
<td>TaskMasterFlowTest.AdminTaskDeletionScenarioTest@32502377</td></tr>
<tr>
<td title='TaskMasterFlowTest.AdminTaskDeletionScenarioTest.Tc02_pendingTaskValidationTest()'><b>Tc02_pendingTaskValidationTest</b><br>Test class: TaskMasterFlowTest.AdminTaskDeletionScenarioTest<br>Parameters: 1</td>
<td></td>
<td>58</td>
<td>TaskMasterFlowTest.AdminTaskDeletionScenarioTest@32502377</td></tr>
<tr>
<td title='TaskMasterFlowTest.AdminTaskDeletionScenarioTest.Tc11_taskbuddyOngoingTaskUpdateInAdminDashboardTest()'><b>Tc11_taskbuddyOngoingTaskUpdateInAdminDashboardTest</b><br>Test class: TaskMasterFlowTest.AdminTaskDeletionScenarioTest<br>Parameters: 1</td>
<td></td>
<td>81</td>
<td>TaskMasterFlowTest.AdminTaskDeletionScenarioTest@32502377</td></tr>
<tr>
<td title='TaskMasterFlowTest.AdminTaskDeletionScenarioTest.Tc05_taskBuddyDashboardAcceptedTaskValidationTest()'><b>Tc05_taskBuddyDashboardAcceptedTaskValidationTest</b><br>Test class: TaskMasterFlowTest.AdminTaskDeletionScenarioTest<br>Parameters: 1</td>
<td></td>
<td>70</td>
<td>TaskMasterFlowTest.AdminTaskDeletionScenarioTest@32502377</td></tr>
<tr>
<td title='TaskMasterFlowTest.AdminTaskDeletionScenarioTest.Tc12_adminDeleteTaskbuddyOngoingTaskTest()'><b>Tc12_adminDeleteTaskbuddyOngoingTaskTest</b><br>Test class: TaskMasterFlowTest.AdminTaskDeletionScenarioTest<br>Parameters: 1</td>
<td></td>
<td>130</td>
<td>TaskMasterFlowTest.AdminTaskDeletionScenarioTest@32502377</td></tr>
<tr>
<td title='TaskMasterFlowTest.AdminTaskDeletionScenarioTest.Tc16_validateClosureTaskIsUpdatedInSupervisors_JanitorsDetailScreenTest()'><b>Tc16_validateClosureTaskIsUpdatedInSupervisors_JanitorsDetailScreenTest</b><br>Test class: TaskMasterFlowTest.AdminTaskDeletionScenarioTest<br>Parameters: 1</td>
<td></td>
<td>52</td>
<td>TaskMasterFlowTest.AdminTaskDeletionScenarioTest@32502377</td></tr>
<tr>
<td title='TaskMasterFlowTest.AdminTaskDeletionScenarioTest.Tc06_taskbuddyAcceptedTask_UpdateInAdminDashboardTest()'><b>Tc06_taskbuddyAcceptedTask_UpdateInAdminDashboardTest</b><br>Test class: TaskMasterFlowTest.AdminTaskDeletionScenarioTest<br>Parameters: 1</td>
<td></td>
<td>84</td>
<td>TaskMasterFlowTest.AdminTaskDeletionScenarioTest@32502377</td></tr>
<tr>
<td title='TaskMasterFlowTest.AdminTaskDeletionScenarioTest.Tc08_taskbuddyAcceptedTaskUpdatedInSupervisors_JanitorsDetailsScreenTest()'><b>Tc08_taskbuddyAcceptedTaskUpdatedInSupervisors_JanitorsDetailsScreenTest</b><br>Test class: TaskMasterFlowTest.AdminTaskDeletionScenarioTest<br>Parameters: 1</td>
<td></td>
<td>52</td>
<td>TaskMasterFlowTest.AdminTaskDeletionScenarioTest@32502377</td></tr>
<tr>
<td title='TaskMasterFlowTest.AdminTaskDeletionScenarioTest.Tc22_validateCompletedTaskUpdatedInAdminDashboardTest()'><b>Tc22_validateCompletedTaskUpdatedInAdminDashboardTest</b><br>Test class: TaskMasterFlowTest.AdminTaskDeletionScenarioTest<br>Parameters: 1</td>
<td></td>
<td>79</td>
<td>TaskMasterFlowTest.AdminTaskDeletionScenarioTest@32502377</td></tr>
<tr>
<td title='TaskMasterFlowTest.AdminTaskDeletionScenarioTest.Tc20_completedTaskUpdatedInSupervisors_JanitorsDetailScreenTest()'><b>Tc20_completedTaskUpdatedInSupervisors_JanitorsDetailScreenTest</b><br>Test class: TaskMasterFlowTest.AdminTaskDeletionScenarioTest<br>Parameters: 1</td>
<td></td>
<td>58</td>
<td>TaskMasterFlowTest.AdminTaskDeletionScenarioTest@32502377</td></tr>
<tr>
<td title='TaskMasterFlowTest.AdminTaskDeletionScenarioTest.Tc15_taskBuddyDashboardClosureTaskValidationTest()'><b>Tc15_taskBuddyDashboardClosureTaskValidationTest</b><br>Test class: TaskMasterFlowTest.AdminTaskDeletionScenarioTest<br>Parameters: 1</td>
<td></td>
<td>68</td>
<td>TaskMasterFlowTest.AdminTaskDeletionScenarioTest@32502377</td></tr>
<tr>
<td title='TaskMasterFlowTest.AdminTaskDeletionScenarioTest.Tc21_validateBuddyCompletedTaskTest()'><b>Tc21_validateBuddyCompletedTaskTest</b><br>Test class: TaskMasterFlowTest.AdminTaskDeletionScenarioTest<br>Parameters: 1</td>
<td></td>
<td>71</td>
<td>TaskMasterFlowTest.AdminTaskDeletionScenarioTest@32502377</td></tr>
</table><p>
</body>
</html>