<?xml version="1.0" encoding="UTF-8"?>
<!-- Generated by org.testng.reporters.JUnitXMLReporter -->
<testsuite ignored="0" hostname="TYSS-Dilip-Chakkarabani" failures="1" tests="22" name="AdminDifferentTaskDeletionTest" time="2945.663" errors="0" timestamp="2025-11-28T09:55:34 IST">
  <testcase classname="TaskMasterFlowTest.AdminTaskDeletionScenarioTest" name="Tc01_assign_Delete_AssignTaskOfSameFacilityTest" time="186.9"/>
  <testcase classname="TaskMasterFlowTest.AdminTaskDeletionScenarioTest" name="Tc02_pendingTaskValidationTest" time="58.109"/>
  <testcase classname="TaskMasterFlowTest.AdminTaskDeletionScenarioTest" name="Tc03_validateBuddyPendingTaskTest" time="96.993"/>
  <testcase classname="TaskMasterFlowTest.AdminTaskDeletionScenarioTest" name="Tc04_validationOf_PN_for_AcceptedTaskTest" time="128.039"/>
  <testcase classname="TaskMasterFlowTest.AdminTaskDeletionScenarioTest" name="Tc05_taskBuddyDashboardAcceptedTaskValidationTest" time="70.397"/>
  <testcase classname="TaskMasterFlowTest.AdminTaskDeletionScenarioTest" name="Tc06_taskbuddyAcceptedTask_UpdateInAdminDashboardTest" time="84.271"/>
  <testcase classname="TaskMasterFlowTest.AdminTaskDeletionScenarioTest" name="Tc07_adminDeleteTaskbuddyAcceptedTaskTest" time="131.154"/>
  <testcase classname="TaskMasterFlowTest.AdminTaskDeletionScenarioTest" name="Tc08_taskbuddyAcceptedTaskUpdatedInSupervisors_JanitorsDetailsScreenTest" time="52.5"/>
  <testcase classname="TaskMasterFlowTest.AdminTaskDeletionScenarioTest" name="Tc09_taskBuddyStartToWorkAcceptedTaskFlowTest" time="153.726"/>
  <testcase classname="TaskMasterFlowTest.AdminTaskDeletionScenarioTest" name="Tc10_taskBuddyDashboardOngoingTaskValidationTest" time="70.145"/>
  <testcase classname="TaskMasterFlowTest.AdminTaskDeletionScenarioTest" name="Tc11_taskbuddyOngoingTaskUpdateInAdminDashboardTest" time="81.699"/>
  <testcase classname="TaskMasterFlowTest.AdminTaskDeletionScenarioTest" name="Tc12_adminDeleteTaskbuddyOngoingTaskTest" time="130.299"/>
  <testcase classname="TaskMasterFlowTest.AdminTaskDeletionScenarioTest" name="Tc13_taskbuddyOngoingTaskUpdatedInSupervisors_JanitorsDetailsScreenTest" time="53.413"/>
  <testcase classname="TaskMasterFlowTest.AdminTaskDeletionScenarioTest" name="Tc14_validationOf_PN_for_RequestforClosureTaskTest" time="137.889"/>
  <testcase classname="TaskMasterFlowTest.AdminTaskDeletionScenarioTest" name="Tc15_taskBuddyDashboardClosureTaskValidationTest" time="68.32"/>
  <testcase classname="TaskMasterFlowTest.AdminTaskDeletionScenarioTest" name="Tc16_validateClosureTaskIsUpdatedInSupervisors_JanitorsDetailScreenTest" time="52.53"/>
  <testcase classname="TaskMasterFlowTest.AdminTaskDeletionScenarioTest" name="Tc17_taskbuddyClosureTaskUpdateInAdminDashboardTest" time="80.686"/>
  <testcase classname="TaskMasterFlowTest.AdminTaskDeletionScenarioTest" name="Tc18_verifyAdminDelete_BuddyRequestForClosureTaskTest" time="130.993"/>
  <testcase classname="TaskMasterFlowTest.AdminTaskDeletionScenarioTest" name="Tc19_approveBuddyRequestedTaskTest" time="58.37">
    <failure type="org.openqa.selenium.NoSuchElementException" message="An element could not be located on the page using the given search parameters.
For documentation on this error, please visit: https://www.selenium.dev/documentation/webdriver/troubleshooting/errors#no-such-element-exception
Build info: version: &amp;apos;4.13.0&amp;apos;, revision: &amp;apos;ba948ece5b*&amp;apos;
System info: os.name: &amp;apos;Windows 11&amp;apos;, os.arch: &amp;apos;amd64&amp;apos;, os.version: &amp;apos;10.0&amp;apos;, java.version: &amp;apos;23.0.2&amp;apos;
Driver info: io.appium.java_client.android.AndroidDriver
Command: [dabb11ee-af38-4543-b479-b944753ce21d, findElement {using=xpath, value=//android.widget.TextView[@resource-id=&amp;quot;android:id/title&amp;quot; and contains(@text,&amp;quot;Task Approved by Supervisor&amp;quot;)]}]
Capabilities {appium:app: ./apps/Nov17.apk, appium:appActivity: com.woloo.smarthygiene.Main..., appium:appPackage: com.woloo.smarthygiene, appium:autoGrantPermissions: true, appium:automationName: UiAutomator2, appium:databaseEnabled: false, appium:desired: {app: ./apps/Nov17.apk, appActivity: com.woloo.smarthygiene.Main..., appPackage: com.woloo.smarthygiene, autoGrantPermissions: true, automationName: UiAutomator2, deviceName: Galaxy A13, newCommandTimeout: 120, noReset: false, platformName: ANDROID, platformVersion: 14.0}, appium:deviceApiLevel: 34, appium:deviceManufacturer: samsung, appium:deviceModel: SM-A135F, appium:deviceName: RZ8TA0PDHLX, appium:deviceScreenDensity: 450, appium:deviceScreenSize: 1080x2408, appium:deviceUDID: RZ8TA0PDHLX, appium:javascriptEnabled: true, appium:locationContextEnabled: false, appium:networkConnectionEnabled: true, appium:newCommandTimeout: 120, appium:noReset: false, appium:pixelRatio: 2.8125, appium:platformVersion: 14, appium:statBarHeight: 70, appium:takesScreenshot: true, appium:viewportRect: {height: 2338, left: 0, top: 70, width: 1080}, appium:warnings: {}, appium:webStorageEnabled: false, platformName: ANDROID}
Session ID: dabb11ee-af38-4543-b479-b944753ce21d">
      <![CDATA[org.openqa.selenium.NoSuchElementException: An element could not be located on the page using the given search parameters.
For documentation on this error, please visit: https://www.selenium.dev/documentation/webdriver/troubleshooting/errors#no-such-element-exception
Build info: version: '4.13.0', revision: 'ba948ece5b*'
System info: os.name: 'Windows 11', os.arch: 'amd64', os.version: '10.0', java.version: '23.0.2'
Driver info: io.appium.java_client.android.AndroidDriver
Command: [dabb11ee-af38-4543-b479-b944753ce21d, findElement {using=xpath, value=//android.widget.TextView[@resource-id="android:id/title" and contains(@text,"Task Approved by Supervisor")]}]
Capabilities {appium:app: ./apps/Nov17.apk, appium:appActivity: com.woloo.smarthygiene.Main..., appium:appPackage: com.woloo.smarthygiene, appium:autoGrantPermissions: true, appium:automationName: UiAutomator2, appium:databaseEnabled: false, appium:desired: {app: ./apps/Nov17.apk, appActivity: com.woloo.smarthygiene.Main..., appPackage: com.woloo.smarthygiene, autoGrantPermissions: true, automationName: UiAutomator2, deviceName: Galaxy A13, newCommandTimeout: 120, noReset: false, platformName: ANDROID, platformVersion: 14.0}, appium:deviceApiLevel: 34, appium:deviceManufacturer: samsung, appium:deviceModel: SM-A135F, appium:deviceName: RZ8TA0PDHLX, appium:deviceScreenDensity: 450, appium:deviceScreenSize: 1080x2408, appium:deviceUDID: RZ8TA0PDHLX, appium:javascriptEnabled: true, appium:locationContextEnabled: false, appium:networkConnectionEnabled: true, appium:newCommandTimeout: 120, appium:noReset: false, appium:pixelRatio: 2.8125, appium:platformVersion: 14, appium:statBarHeight: 70, appium:takesScreenshot: true, appium:viewportRect: {height: 2338, left: 0, top: 70, width: 1080}, appium:warnings: {}, appium:webStorageEnabled: false, platformName: ANDROID}
Session ID: dabb11ee-af38-4543-b479-b944753ce21d
at org.openqa.selenium.remote.codec.w3c.W3CHttpResponseCodec.createException(W3CHttpResponseCodec.java:200)
at org.openqa.selenium.remote.codec.w3c.W3CHttpResponseCodec.decode(W3CHttpResponseCodec.java:133)
at org.openqa.selenium.remote.codec.w3c.W3CHttpResponseCodec.decode(W3CHttpResponseCodec.java:52)
at org.openqa.selenium.remote.HttpCommandExecutor.execute(HttpCommandExecutor.java:191)
at io.appium.java_client.remote.AppiumCommandExecutor.execute(AppiumCommandExecutor.java:250)
at org.openqa.selenium.remote.RemoteWebDriver.execute(RemoteWebDriver.java:602)
at org.openqa.selenium.remote.ElementLocation$ElementFinder$2.findElement(ElementLocation.java:165)
at org.openqa.selenium.remote.ElementLocation.findElement(ElementLocation.java:59)
at org.openqa.selenium.remote.RemoteWebDriver.findElement(RemoteWebDriver.java:359)
at org.openqa.selenium.remote.RemoteWebDriver.findElement(RemoteWebDriver.java:353)
at TaskMasterFlowTest.AdminTaskDeletionScenarioTest.Tc19_approveBuddyRequestedTaskTest(AdminTaskDeletionScenarioTest.java:693)
at java.base/java.util.ArrayList.forEach(ArrayList.java:1597)
... Removed 28 stack frames]]>
    </failure>
  </testcase> <!-- Tc19_approveBuddyRequestedTaskTest -->
  <testcase classname="TaskMasterFlowTest.AdminTaskDeletionScenarioTest" name="Tc20_completedTaskUpdatedInSupervisors_JanitorsDetailScreenTest" time="58.237"/>
  <testcase classname="TaskMasterFlowTest.AdminTaskDeletionScenarioTest" name="Tc21_validateBuddyCompletedTaskTest" time="71.101"/>
  <testcase classname="TaskMasterFlowTest.AdminTaskDeletionScenarioTest" name="Tc22_validateCompletedTaskUpdatedInAdminDashboardTest" time="79.982"/>
</testsuite> <!-- AdminDifferentTaskDeletionTest -->
