<?xml version="1.0" encoding="UTF-8"?>
<!-- Generated by org.testng.reporters.JUnitXMLReporter -->
<testsuite ignored="2" hostname="TYSS-Dilip-Chakkarabani" failures="0" tests="2" name="Admin and Supervisor Flow" time="35.829" errors="0" timestamp="2025-07-26T12:06:29 IST">
  <testcase classname="Utilities.BaseClass" name="@BeforeClass setup" time="0.001">
    <failure type="java.lang.NullPointerException" message="Cannot invoke &amp;quot;java.util.Properties.getProperty(String)&amp;quot; because &amp;quot;this.property&amp;quot; is null">
      <![CDATA[java.lang.NullPointerException: Cannot invoke "java.util.Properties.getProperty(String)" because "this.property" is null
at Utilities.BaseClass.setup(BaseClass.java:59)
at java.base/java.util.ArrayList.forEach(ArrayList.java:1597)
... Removed 23 stack frames]]>
    </failure>
  </testcase> <!-- @BeforeClass setup -->
  <testcase classname="Utilities.BaseClass" name="@BeforeMethod launchApp" time="0.0">
    <skipped/>
  </testcase> <!-- @BeforeMethod launchApp -->
  <testcase classname="Utilities.BaseClass" name="@AfterMethod closeApp" time="0.0">
    <skipped/>
  </testcase> <!-- @AfterMethod closeApp -->
  <testcase classname="Utilities.BaseClass" name="@AfterClass tearDown" time="0.0">
    <skipped/>
  </testcase> <!-- @AfterClass tearDown -->
  <testcase classname="NewAdminFlowTest.Sample1Test" name="Tc01_validateEmptyLoginTest" time="10.867"/>
  <testcase classname="NewAdminFlowTest.Sample2Test" name="Tc02_validateInvalidMobileNoTest" time="0.0">
    <skipped/>
  </testcase> <!-- Tc02_validateInvalidMobileNoTest -->
  <testcase classname="Utilities.BaseClass" name="@BeforeSuite loadConfig" time="0.0">
    <ignored/>
  </testcase> <!-- @BeforeSuite loadConfig -->
  <testcase classname="Utilities.BaseClass" name="@AfterSuite stopServer" time="0.0">
    <ignored/>
  </testcase> <!-- @AfterSuite stopServer -->
</testsuite> <!-- Admin and Supervisor Flow -->
