<?xml version="1.0" encoding="UTF-8"?>
<!-- Generated by org.testng.reporters.JUnitXMLReporter -->
<testsuite ignored="0" hostname="TYSS-Dilip-Chakkarabani" failures="0" tests="2" name="TaskMasterFlowTest.NewUserPurchaseClassicSubscriptionThroughRenewItLinkTest" time="191.271" errors="0" timestamp="2025-10-27T19:42:38 IST">
  <testcase classname="TaskMasterFlowTest.NewUserPurchaseClassicSubscriptionThroughRenewItLinkTest" name="Tc01_newUserTrytoPurchasingNewFacilityTest" time="56.338"/>
  <testcase classname="TaskMasterFlowTest.NewUserPurchaseClassicSubscriptionThroughRenewItLinkTest" name="Tc02_newUser_Tap_RenewItLink_Purchasing_ClassicSubscriptionTest" time="101.41"/>
</testsuite> <!-- TaskMasterFlowTest.NewUserPurchaseClassicSubscriptionThroughRenewItLinkTest -->
