<?xml version="1.0" encoding="UTF-8"?>
<!-- Generated by org.testng.reporters.JUnitXMLReporter -->
<testsuite ignored="1" hostname="TYSS-Dilip-Chakkarabani" failures="1" tests="2" name="TaskMasterFlowTest.NewUserPurchasePremiumSubscriptionThroughRenewItLinkTest" time="273.284" errors="0" timestamp="2025-10-28T09:00:48 IST">
  <testcase classname="Utilities.BaseClass" name="@AfterMethod closeApp" time="0.002">
    <failure type="java.lang.AssertionError" message="The following asserts failed:
	 elemnt is not displayed - Exception occurred: Can&amp;apos;t locate an element by this strategy: By.chained({By.xpath: //android.widget.RadioButton[@text=&amp;quot;EMI snapmint zestmoney&amp;quot;]}),
	 elemnt is not displayed - Exception occurred: Can&amp;apos;t locate an element by this strategy: By.chained({By.xpath: //android.widget.RadioButton[@text=&amp;quot;Pay Later lazypay icic epaylater kkbk&amp;quot;]})">
      <![CDATA[java.lang.AssertionError: The following asserts failed:
 elemnt is not displayed - Exception occurred: Can't locate an element by this strategy: By.chained({By.xpath: //android.widget.RadioButton[@text="EMI snapmint zestmoney"]}),
 elemnt is not displayed - Exception occurred: Can't locate an element by this strategy: By.chained({By.xpath: //android.widget.RadioButton[@text="Pay Later lazypay icic epaylater kkbk"]})
at Utilities.SoftAssertValidationUtility.assertAll(SoftAssertValidationUtility.java:31)
at Utilities.BaseClass.closeApp(BaseClass.java:180)
at java.base/java.util.ArrayList.forEach(ArrayList.java:1597)
... Removed 32 stack frames]]>
    </failure>
  </testcase> <!-- @AfterMethod closeApp -->
  <testcase classname="TaskMasterFlowTest.NewUserPurchasePremiumSubscriptionThrough_RenewItLinkTest" name="Tc02_newUserTrytoPurchasingNewFacilityTest" time="45.594"/>
  <testcase classname="TaskMasterFlowTest.NewUserPurchasePremiumSubscriptionThrough_RenewItLinkTest" name="Tc03_newUser_Tap_RenewItLink_Purchasing_PremiumSubscriptionTest" time="194.611">
    <failure type="org.openqa.selenium.TimeoutException" message="Expected condition failed: waiting for visibility of Located by By.chained({AppiumBy.accessibilityId: Dashboard Overview}) (tried for 30 second(s) with 500 milliseconds interval)">
      <![CDATA[org.openqa.selenium.TimeoutException: Expected condition failed: waiting for visibility of Located by By.chained({AppiumBy.accessibilityId: Dashboard Overview}) (tried for 30 second(s) with 500 milliseconds interval)
at org.openqa.selenium.support.ui.WebDriverWait.timeoutException(WebDriverWait.java:84)
at org.openqa.selenium.support.ui.FluentWait.until(FluentWait.java:230)
at TaskMasterFlowTest.NewUserPurchasePremiumSubscriptionThrough_RenewItLinkTest.Tc03_newUser_Tap_RenewItLink_Purchasing_PremiumSubscriptionTest(NewUserPurchasePremiumSubscriptionThrough_RenewItLinkTest.java:161)
at java.base/java.util.ArrayList.forEach(ArrayList.java:1597)
Caused by: org.openqa.selenium.NoSuchElementException: Can't locate an element by this strategy: By.chained({AppiumBy.accessibilityId: Dashboard Overview})
at io.appium.java_client.pagefactory.AppiumElementLocator.findElement(AppiumElementLocator.java:166)
at io.appium.java_client.pagefactory.interceptors.InterceptorOfASingleElement.call(InterceptorOfASingleElement.java:64)
at io.appium.java_client.proxy.Interceptor.intercept(Interceptor.java:78)
at org.openqa.selenium.remote.RemoteWebElement$ByteBuddy$wMOVZcvm.isDisplayed(Unknown Source)
at org.openqa.selenium.support.ui.ExpectedConditions.elementIfVisible(ExpectedConditions.java:304)
at org.openqa.selenium.support.ui.ExpectedConditions.access$000(ExpectedConditions.java:37)
at org.openqa.selenium.support.ui.ExpectedConditions$10.apply(ExpectedConditions.java:290)
at org.openqa.selenium.support.ui.ExpectedConditions$10.apply(ExpectedConditions.java:287)
at org.openqa.selenium.support.ui.FluentWait.until(FluentWait.java:205)
... 27 more
Caused by: org.openqa.selenium.TimeoutException: Expected condition failed: waiting for io.appium.java_client.pagefactory.AppiumElementLocator$WaitingFunction@4e2ad1f2 (tried for 1 second(s) with 500 milliseconds interval)
at org.openqa.selenium.support.ui.FluentWait.timeoutException(FluentWait.java:262)
at org.openqa.selenium.support.ui.FluentWait.until(FluentWait.java:230)
at io.appium.java_client.pagefactory.AppiumElementLocator.waitFor(AppiumElementLocator.java:135)
at io.appium.java_client.pagefactory.AppiumElementLocator.findElement(AppiumElementLocator.java:160)
... 35 more
Caused by: org.openqa.selenium.NoSuchElementException: Cannot locate an element using By.chained({AppiumBy.accessibilityId: Dashboard Overview})
For documentation on this error, please visit: https://www.selenium.dev/documentation/webdriver/troubleshooting/errors#no-such-element-exception
Build info: version: '4.13.0', revision: 'ba948ece5b*'
System info: os.name: 'Windows 11', os.arch: 'amd64', os.version: '10.0', java.version: '23.0.2'
Driver info: driver.version: RemoteWebDriver
at io.appium.java_client.pagefactory.bys.builder.ByChained.findElement(ByChained.java:77)
at org.openqa.selenium.remote.ElementLocation$ElementFinder$1.findElement(ElementLocation.java:139)
at org.openqa.selenium.remote.ElementLocation.findElement(ElementLocation.java:59)
at org.openqa.selenium.remote.RemoteWebDriver.findElement(RemoteWebDriver.java:359)
at org.openqa.selenium.remote.RemoteWebDriver.findElement(RemoteWebDriver.java:353)
at io.appium.java_client.pagefactory.bys.ContentMappedBy.findElement(ContentMappedBy.java:53)
at org.openqa.selenium.remote.ElementLocation$ElementFinder$1.findElement(ElementLocation.java:139)
at org.openqa.selenium.remote.ElementLocation.findElement(ElementLocation.java:59)
at org.openqa.selenium.remote.RemoteWebDriver.findElement(RemoteWebDriver.java:359)
at org.openqa.selenium.remote.RemoteWebDriver.findElement(RemoteWebDriver.java:353)
at io.appium.java_client.pagefactory.AppiumElementLocator.lambda$findElement$1(AppiumElementLocator.java:160)
at io.appium.java_client.pagefactory.AppiumElementLocator$WaitingFunction.apply(AppiumElementLocator.java:217)
at io.appium.java_client.pagefactory.AppiumElementLocator$WaitingFunction.apply(AppiumElementLocator.java:210)
at org.openqa.selenium.support.ui.FluentWait.until(FluentWait.java:205)
... 37 more
... Removed 25 stack frames]]>
    </failure>
  </testcase> <!-- Tc03_newUser_Tap_RenewItLink_Purchasing_PremiumSubscriptionTest -->
  <testcase classname="TaskMasterFlowTest.NewUserPurchasePremiumSubscriptionThrough_RenewItLinkTest" name="Tc01_newUserLoginTest" time="0.0">
    <ignored/>
  </testcase> <!-- Tc01_newUserLoginTest -->
</testsuite> <!-- TaskMasterFlowTest.NewUserPurchasePremiumSubscriptionThroughRenewItLinkTest -->
