<?xml version="1.0" encoding="UTF-8"?>
<!-- Generated by org.testng.reporters.JUnitXMLReporter -->
<testsuite ignored="20" hostname="TYSS-Dilip-Chakkarabani" failures="8" tests="42" name="TaskMasterFlowTest_AdminTaskDeletionScenarioTest" time="3450.852" errors="0" timestamp="2025-11-01T19:58:31 IST">
  <testcase classname="Utilities.BaseClass" name="@AfterMethod closeApp" time="0.0">
    <failure type="java.lang.AssertionError" message="The following asserts failed:
	Located by By.chained({By.xpath: //android.widget.ScrollView/android.widget.ImageView[1]})profile Image should be visible - Exception occurred: Can&amp;apos;t locate an element by this strategy: By.chained({By.xpath: //android.widget.ScrollView/android.widget.ImageView[1]})">
      <![CDATA[java.lang.AssertionError: The following asserts failed:
Located by By.chained({By.xpath: //android.widget.ScrollView/android.widget.ImageView[1]})profile Image should be visible - Exception occurred: Can't locate an element by this strategy: By.chained({By.xpath: //android.widget.ScrollView/android.widget.ImageView[1]})
at Utilities.SoftAssertValidationUtility.assertAll(SoftAssertValidationUtility.java:31)
at Utilities.BaseClass.closeApp(BaseClass.java:180)
at java.base/java.util.ArrayList.forEach(ArrayList.java:1597)
... Removed 32 stack frames]]>
    </failure>
  </testcase> <!-- @AfterMethod closeApp -->
  <testcase classname="TaskMasterFlowTest.NewUserTaskMasterAccountCreationAllFlowTest" name="Tc01_newUserLogin_AssignSingleTaskTest" time="158.151"/>
  <testcase classname="TaskMasterFlowTest.NewUserTaskMasterAccountCreationAllFlowTest" name="Tc02_newUserLogin_AssignSingleTask_differentTimeTest" time="214.96"/>
  <testcase classname="TaskMasterFlowTest.NewUserTaskMasterAccountCreationAllFlowTest" name="Tc03_newUserLogin_AssignMultipleTask_differentTimeTest" time="197.532"/>
  <testcase classname="TaskMasterFlowTest.NewUserTaskMasterAccountCreationAllFlowTest" name="Tc04_newUserLogin_AssignSingleTask_Delete_AssignTest" time="218.037"/>
  <testcase classname="TaskMasterFlowTest.NewUserTaskMasterAccountCreationAllFlowTest" name="Tc05_newUserLogin_ExistingTaskbuddyMobileNoValidationTest" time="172.148"/>
  <testcase classname="TaskMasterFlowTest.AddNewTaskbuddyAllFlowTest" name="Tc01_addNewTaskbuddyForClassicFacilityTest" time="165.384"/>
  <testcase classname="TaskMasterFlowTest.AddNewTaskbuddyAllFlowTest" name="Tc02_addNewTaskbuddy_SingleTask_MultipleTaskTimeTest" time="221.758"/>
  <testcase classname="TaskMasterFlowTest.AddNewTaskbuddyAllFlowTest" name="Tc03_addNewTaskbuddy_MultipleTask_differentTaskTimeTest" time="244.81"/>
  <testcase classname="TaskMasterFlowTest.AddNewTaskbuddyAllFlowTest" name="Tc04_addNewTaskbuddyTaskDeletionFlowTest" time="190.411"/>
  <testcase classname="TaskMasterFlowTest.AddNewTaskbuddyAllFlowTest" name="Tc05_addNewTaskbuddyFlow_ExistingTaskbuddyMobileNoValidationTest" time="69.668">
    <failure type="org.openqa.selenium.NoSuchElementException" message="Can&amp;apos;t locate an element by this strategy: By.chained({AppiumBy.accessibilityId: Your Facility Name *})">
      <![CDATA[org.openqa.selenium.NoSuchElementException: Can't locate an element by this strategy: By.chained({AppiumBy.accessibilityId: Your Facility Name *})
at io.appium.java_client.pagefactory.AppiumElementLocator.findElement(AppiumElementLocator.java:166)
at io.appium.java_client.pagefactory.interceptors.InterceptorOfASingleElement.call(InterceptorOfASingleElement.java:64)
at io.appium.java_client.proxy.Interceptor.intercept(Interceptor.java:78)
at org.openqa.selenium.remote.RemoteWebElement$ByteBuddy$zueuZCrl.click(Unknown Source)
at adminLoginRepo.ListYourFacilityPage.chooseFacilityfromDropdown(ListYourFacilityPage.java:261)
at TaskMasterFlowTest.AddNewTaskbuddyAllFlowTest.Tc05_addNewTaskbuddyFlow_ExistingTaskbuddyMobileNoValidationTest(AddNewTaskbuddyAllFlowTest.java:340)
at java.base/java.util.ArrayList.forEach(ArrayList.java:1597)
Caused by: org.openqa.selenium.TimeoutException: Expected condition failed: waiting for io.appium.java_client.pagefactory.AppiumElementLocator$WaitingFunction@181b905 (tried for 1 second(s) with 500 milliseconds interval)
at org.openqa.selenium.support.ui.FluentWait.timeoutException(FluentWait.java:262)
at org.openqa.selenium.support.ui.FluentWait.until(FluentWait.java:230)
at io.appium.java_client.pagefactory.AppiumElementLocator.waitFor(AppiumElementLocator.java:135)
at io.appium.java_client.pagefactory.AppiumElementLocator.findElement(AppiumElementLocator.java:160)
... 31 more
Caused by: org.openqa.selenium.NoSuchElementException: Cannot locate an element using By.chained({AppiumBy.accessibilityId: Your Facility Name *})
For documentation on this error, please visit: https://www.selenium.dev/documentation/webdriver/troubleshooting/errors#no-such-element-exception
Build info: version: '4.13.0', revision: 'ba948ece5b*'
System info: os.name: 'Windows 11', os.arch: 'amd64', os.version: '10.0', java.version: '23.0.2'
Driver info: driver.version: RemoteWebDriver
at io.appium.java_client.pagefactory.bys.builder.ByChained.findElement(ByChained.java:77)
at org.openqa.selenium.remote.ElementLocation$ElementFinder$1.findElement(ElementLocation.java:139)
at org.openqa.selenium.remote.ElementLocation.findElement(ElementLocation.java:59)
at org.openqa.selenium.remote.RemoteWebDriver.findElement(RemoteWebDriver.java:359)
at org.openqa.selenium.remote.RemoteWebDriver.findElement(RemoteWebDriver.java:353)
at io.appium.java_client.pagefactory.bys.ContentMappedBy.findElement(ContentMappedBy.java:53)
at org.openqa.selenium.remote.ElementLocation$ElementFinder$1.findElement(ElementLocation.java:139)
at org.openqa.selenium.remote.ElementLocation.findElement(ElementLocation.java:59)
at org.openqa.selenium.remote.RemoteWebDriver.findElement(RemoteWebDriver.java:359)
at org.openqa.selenium.remote.RemoteWebDriver.findElement(RemoteWebDriver.java:353)
at io.appium.java_client.pagefactory.AppiumElementLocator.lambda$findElement$1(AppiumElementLocator.java:160)
at io.appium.java_client.pagefactory.AppiumElementLocator$WaitingFunction.apply(AppiumElementLocator.java:217)
at io.appium.java_client.pagefactory.AppiumElementLocator$WaitingFunction.apply(AppiumElementLocator.java:210)
at org.openqa.selenium.support.ui.FluentWait.until(FluentWait.java:205)
... 33 more
... Removed 25 stack frames]]>
    </failure>
  </testcase> <!-- Tc05_addNewTaskbuddyFlow_ExistingTaskbuddyMobileNoValidationTest -->
  <testcase classname="TaskMasterFlowTest.AssignSingleTaskToDifferentTimeTest" name="Tc01_assignSingleTaskForDifferentTimeTest" time="244.817"/>
  <testcase classname="TaskMasterFlowTest.AssignSingleTaskToDifferentTimeTest" name="Tc02_pendingTaskValidationTest" time="96.544"/>
  <testcase classname="TaskMasterFlowTest.AssignMultipleTaskDifferentTimingTest" name="Tc01_assignMultipleTaskAtDifferentTiming" time="40.94">
    <failure type="org.openqa.selenium.StaleElementReferenceException" message="The element &amp;apos;By.accessibilityId: Dashboard Overview&amp;apos; does not exist in DOM anymore
For documentation on this error, please visit: https://www.selenium.dev/documentation/webdriver/troubleshooting/errors#stale-element-reference-exception
Build info: version: &amp;apos;4.13.0&amp;apos;, revision: &amp;apos;ba948ece5b*&amp;apos;
System info: os.name: &amp;apos;Windows 11&amp;apos;, os.arch: &amp;apos;amd64&amp;apos;, os.version: &amp;apos;10.0&amp;apos;, java.version: &amp;apos;23.0.2&amp;apos;
Driver info: io.appium.java_client.android.AndroidDriver
Command: [342375c7-0abc-4e5f-89c9-936757d4cd6c, isElementDisplayed {id=00000000-0000-007d-0000-00b300000003}]
Capabilities {appium:app: C:\Users\User\eclipse-works..., appium:appActivity: com.woloo.smarthygiene.Main..., appium:appPackage: com.woloo.smarthygiene, appium:autoGrantPermissions: true, appium:automationName: UiAutomator2, appium:databaseEnabled: false, appium:desired: {app: C:\Users\User\eclipse-works..., appActivity: com.woloo.smarthygiene.Main..., appPackage: com.woloo.smarthygiene, autoGrantPermissions: true, automationName: UiAutomator2, deviceName: Galaxy A13, newCommandTimeout: 120, noReset: false, platformName: ANDROID, platformVersion: 14.0}, appium:deviceApiLevel: 34, appium:deviceManufacturer: samsung, appium:deviceModel: SM-A135F, appium:deviceName: RZ8TA0PDHLX, appium:deviceScreenDensity: 450, appium:deviceScreenSize: 1080x2408, appium:deviceUDID: RZ8TA0PDHLX, appium:javascriptEnabled: true, appium:locationContextEnabled: false, appium:networkConnectionEnabled: true, appium:newCommandTimeout: 120, appium:noReset: false, appium:pixelRatio: 2.8125, appium:platformVersion: 14, appium:statBarHeight: 70, appium:takesScreenshot: true, appium:viewportRect: {height: 2338, left: 0, top: 70, width: 1080}, appium:warnings: {}, appium:webStorageEnabled: false, platformName: ANDROID}
Element: [[AndroidDriver:  on ANDROID (342375c7-0abc-4e5f-89c9-936757d4cd6c)] -&amp;gt; accessibility id: Dashboard Overview]
Session ID: 342375c7-0abc-4e5f-89c9-936757d4cd6c">
      <![CDATA[org.openqa.selenium.StaleElementReferenceException: The element 'By.accessibilityId: Dashboard Overview' does not exist in DOM anymore
For documentation on this error, please visit: https://www.selenium.dev/documentation/webdriver/troubleshooting/errors#stale-element-reference-exception
Build info: version: '4.13.0', revision: 'ba948ece5b*'
System info: os.name: 'Windows 11', os.arch: 'amd64', os.version: '10.0', java.version: '23.0.2'
Driver info: io.appium.java_client.android.AndroidDriver
Command: [342375c7-0abc-4e5f-89c9-936757d4cd6c, isElementDisplayed {id=00000000-0000-007d-0000-00b300000003}]
Capabilities {appium:app: C:\Users\User\eclipse-works..., appium:appActivity: com.woloo.smarthygiene.Main..., appium:appPackage: com.woloo.smarthygiene, appium:autoGrantPermissions: true, appium:automationName: UiAutomator2, appium:databaseEnabled: false, appium:desired: {app: C:\Users\User\eclipse-works..., appActivity: com.woloo.smarthygiene.Main..., appPackage: com.woloo.smarthygiene, autoGrantPermissions: true, automationName: UiAutomator2, deviceName: Galaxy A13, newCommandTimeout: 120, noReset: false, platformName: ANDROID, platformVersion: 14.0}, appium:deviceApiLevel: 34, appium:deviceManufacturer: samsung, appium:deviceModel: SM-A135F, appium:deviceName: RZ8TA0PDHLX, appium:deviceScreenDensity: 450, appium:deviceScreenSize: 1080x2408, appium:deviceUDID: RZ8TA0PDHLX, appium:javascriptEnabled: true, appium:locationContextEnabled: false, appium:networkConnectionEnabled: true, appium:newCommandTimeout: 120, appium:noReset: false, appium:pixelRatio: 2.8125, appium:platformVersion: 14, appium:statBarHeight: 70, appium:takesScreenshot: true, appium:viewportRect: {height: 2338, left: 0, top: 70, width: 1080}, appium:warnings: {}, appium:webStorageEnabled: false, platformName: ANDROID}
Element: [[AndroidDriver:  on ANDROID (342375c7-0abc-4e5f-89c9-936757d4cd6c)] -> accessibility id: Dashboard Overview]
Session ID: 342375c7-0abc-4e5f-89c9-936757d4cd6c
at org.openqa.selenium.remote.codec.w3c.W3CHttpResponseCodec.createException(W3CHttpResponseCodec.java:200)
at org.openqa.selenium.remote.codec.w3c.W3CHttpResponseCodec.decode(W3CHttpResponseCodec.java:133)
at org.openqa.selenium.remote.codec.w3c.W3CHttpResponseCodec.decode(W3CHttpResponseCodec.java:52)
at org.openqa.selenium.remote.HttpCommandExecutor.execute(HttpCommandExecutor.java:191)
at io.appium.java_client.remote.AppiumCommandExecutor.execute(AppiumCommandExecutor.java:250)
at org.openqa.selenium.remote.RemoteWebDriver.execute(RemoteWebDriver.java:602)
at org.openqa.selenium.remote.RemoteWebElement.execute(RemoteWebElement.java:224)
at org.openqa.selenium.remote.RemoteWebElement.isDisplayed(RemoteWebElement.java:283)
at io.appium.java_client.pagefactory.ElementInterceptor.getObject(ElementInterceptor.java:42)
at io.appium.java_client.pagefactory.interceptors.InterceptorOfASingleElement.call(InterceptorOfASingleElement.java:65)
at io.appium.java_client.proxy.Interceptor.intercept(Interceptor.java:78)
at org.openqa.selenium.remote.RemoteWebElement$ByteBuddy$EdvzwgRJ.isDisplayed(Unknown Source)
at org.openqa.selenium.support.ui.ExpectedConditions.elementIfVisible(ExpectedConditions.java:304)
at org.openqa.selenium.support.ui.ExpectedConditions.access$000(ExpectedConditions.java:37)
at org.openqa.selenium.support.ui.ExpectedConditions$10.apply(ExpectedConditions.java:290)
at org.openqa.selenium.support.ui.ExpectedConditions$10.apply(ExpectedConditions.java:287)
at org.openqa.selenium.support.ui.FluentWait.until(FluentWait.java:205)
at TaskMasterFlowTest.AssignMultipleTaskDifferentTimingTest.Tc01_assignMultipleTaskAtDifferentTiming(AssignMultipleTaskDifferentTimingTest.java:58)
at java.base/java.util.ArrayList.forEach(ArrayList.java:1597)
... Removed 30 stack frames]]>
    </failure>
  </testcase> <!-- Tc01_assignMultipleTaskAtDifferentTiming -->
  <testcase classname="TaskMasterFlowTest.AssignMultipleTaskDifferentTimingTest" name="Tc02_pendingTaskValidationTest" time="64.244">
    <failure type="org.openqa.selenium.TimeoutException" message="Expected condition failed: waiting for visibility of Located by By.chained({AppiumBy.accessibilityId: Submit}) (tried for 30 second(s) with 500 milliseconds interval)">
      <![CDATA[org.openqa.selenium.TimeoutException: Expected condition failed: waiting for visibility of Located by By.chained({AppiumBy.accessibilityId: Submit}) (tried for 30 second(s) with 500 milliseconds interval)
at org.openqa.selenium.support.ui.WebDriverWait.timeoutException(WebDriverWait.java:84)
at org.openqa.selenium.support.ui.FluentWait.until(FluentWait.java:230)
at adminLoginRepo.AdminOTPPage.otpUIvalidation(AdminOTPPage.java:68)
at adminDashboardRepo.AdminDashboardPage.adminLogin(AdminDashboardPage.java:365)
at supervisorDashboardRepo.SupervisorDashboardPage.supervisorLogin(SupervisorDashboardPage.java:227)
at TaskMasterFlowTest.AssignMultipleTaskDifferentTimingTest.Tc02_pendingTaskValidationTest(AssignMultipleTaskDifferentTimingTest.java:109)
at java.base/java.util.ArrayList.forEach(ArrayList.java:1597)
Caused by: org.openqa.selenium.NoSuchElementException: Can't locate an element by this strategy: By.chained({AppiumBy.accessibilityId: Submit})
at io.appium.java_client.pagefactory.AppiumElementLocator.findElement(AppiumElementLocator.java:166)
at io.appium.java_client.pagefactory.interceptors.InterceptorOfASingleElement.call(InterceptorOfASingleElement.java:64)
at io.appium.java_client.proxy.Interceptor.intercept(Interceptor.java:78)
at org.openqa.selenium.remote.RemoteWebElement$ByteBuddy$ARUquT1h.isDisplayed(Unknown Source)
at org.openqa.selenium.support.ui.ExpectedConditions.elementIfVisible(ExpectedConditions.java:304)
at org.openqa.selenium.support.ui.ExpectedConditions.access$000(ExpectedConditions.java:37)
at org.openqa.selenium.support.ui.ExpectedConditions$10.apply(ExpectedConditions.java:290)
at org.openqa.selenium.support.ui.ExpectedConditions$10.apply(ExpectedConditions.java:287)
at org.openqa.selenium.support.ui.FluentWait.until(FluentWait.java:205)
... 30 more
Caused by: org.openqa.selenium.TimeoutException: Expected condition failed: waiting for io.appium.java_client.pagefactory.AppiumElementLocator$WaitingFunction@4bc18820 (tried for 1 second(s) with 500 milliseconds interval)
at org.openqa.selenium.support.ui.FluentWait.timeoutException(FluentWait.java:262)
at org.openqa.selenium.support.ui.FluentWait.until(FluentWait.java:230)
at io.appium.java_client.pagefactory.AppiumElementLocator.waitFor(AppiumElementLocator.java:135)
at io.appium.java_client.pagefactory.AppiumElementLocator.findElement(AppiumElementLocator.java:160)
... 38 more
Caused by: org.openqa.selenium.NoSuchElementException: Cannot locate an element using By.chained({AppiumBy.accessibilityId: Submit})
For documentation on this error, please visit: https://www.selenium.dev/documentation/webdriver/troubleshooting/errors#no-such-element-exception
Build info: version: '4.13.0', revision: 'ba948ece5b*'
System info: os.name: 'Windows 11', os.arch: 'amd64', os.version: '10.0', java.version: '23.0.2'
Driver info: driver.version: RemoteWebDriver
at io.appium.java_client.pagefactory.bys.builder.ByChained.findElement(ByChained.java:77)
at org.openqa.selenium.remote.ElementLocation$ElementFinder$1.findElement(ElementLocation.java:139)
at org.openqa.selenium.remote.ElementLocation.findElement(ElementLocation.java:59)
at org.openqa.selenium.remote.RemoteWebDriver.findElement(RemoteWebDriver.java:359)
at org.openqa.selenium.remote.RemoteWebDriver.findElement(RemoteWebDriver.java:353)
at io.appium.java_client.pagefactory.bys.ContentMappedBy.findElement(ContentMappedBy.java:53)
at org.openqa.selenium.remote.ElementLocation$ElementFinder$1.findElement(ElementLocation.java:139)
at org.openqa.selenium.remote.ElementLocation.findElement(ElementLocation.java:59)
at org.openqa.selenium.remote.RemoteWebDriver.findElement(RemoteWebDriver.java:359)
at org.openqa.selenium.remote.RemoteWebDriver.findElement(RemoteWebDriver.java:353)
at io.appium.java_client.pagefactory.AppiumElementLocator.lambda$findElement$1(AppiumElementLocator.java:160)
at io.appium.java_client.pagefactory.AppiumElementLocator$WaitingFunction.apply(AppiumElementLocator.java:217)
at io.appium.java_client.pagefactory.AppiumElementLocator$WaitingFunction.apply(AppiumElementLocator.java:210)
at org.openqa.selenium.support.ui.FluentWait.until(FluentWait.java:205)
... 40 more
... Removed 25 stack frames]]>
    </failure>
  </testcase> <!-- Tc02_pendingTaskValidationTest -->
  <testcase classname="TaskMasterFlowTest.NewUserPurchaseClassicSubscriptionThroughRenewItLinkTest" name="Tc01_newUserTrytoPurchasingNewFacilityTest" time="68.697">
    <failure type="org.openqa.selenium.TimeoutException" message="Expected condition failed: waiting for visibility of Located by By.chained({AppiumBy.accessibilityId: Dashboard Overview}) (tried for 30 second(s) with 500 milliseconds interval)">
      <![CDATA[org.openqa.selenium.TimeoutException: Expected condition failed: waiting for visibility of Located by By.chained({AppiumBy.accessibilityId: Dashboard Overview}) (tried for 30 second(s) with 500 milliseconds interval)
at org.openqa.selenium.support.ui.WebDriverWait.timeoutException(WebDriverWait.java:84)
at org.openqa.selenium.support.ui.FluentWait.until(FluentWait.java:230)
at TaskMasterFlowTest.NewUserPurchaseClassicSubscriptionThroughRenewItLinkTest.Tc01_newUserTrytoPurchasingNewFacilityTest(NewUserPurchaseClassicSubscriptionThroughRenewItLinkTest.java:35)
at java.base/java.util.ArrayList.forEach(ArrayList.java:1597)
Caused by: org.openqa.selenium.NoSuchElementException: Can't locate an element by this strategy: By.chained({AppiumBy.accessibilityId: Dashboard Overview})
at io.appium.java_client.pagefactory.AppiumElementLocator.findElement(AppiumElementLocator.java:166)
at io.appium.java_client.pagefactory.interceptors.InterceptorOfASingleElement.call(InterceptorOfASingleElement.java:64)
at io.appium.java_client.proxy.Interceptor.intercept(Interceptor.java:78)
at org.openqa.selenium.remote.RemoteWebElement$ByteBuddy$1Yqm2a17.isDisplayed(Unknown Source)
at org.openqa.selenium.support.ui.ExpectedConditions.elementIfVisible(ExpectedConditions.java:304)
at org.openqa.selenium.support.ui.ExpectedConditions.access$000(ExpectedConditions.java:37)
at org.openqa.selenium.support.ui.ExpectedConditions$10.apply(ExpectedConditions.java:290)
at org.openqa.selenium.support.ui.ExpectedConditions$10.apply(ExpectedConditions.java:287)
at org.openqa.selenium.support.ui.FluentWait.until(FluentWait.java:205)
... 27 more
Caused by: org.openqa.selenium.TimeoutException: Expected condition failed: waiting for io.appium.java_client.pagefactory.AppiumElementLocator$WaitingFunction@5a4f3f2d (tried for 1 second(s) with 500 milliseconds interval)
at org.openqa.selenium.support.ui.FluentWait.timeoutException(FluentWait.java:262)
at org.openqa.selenium.support.ui.FluentWait.until(FluentWait.java:230)
at io.appium.java_client.pagefactory.AppiumElementLocator.waitFor(AppiumElementLocator.java:135)
at io.appium.java_client.pagefactory.AppiumElementLocator.findElement(AppiumElementLocator.java:160)
... 35 more
Caused by: org.openqa.selenium.NoSuchElementException: Cannot locate an element using By.chained({AppiumBy.accessibilityId: Dashboard Overview})
For documentation on this error, please visit: https://www.selenium.dev/documentation/webdriver/troubleshooting/errors#no-such-element-exception
Build info: version: '4.13.0', revision: 'ba948ece5b*'
System info: os.name: 'Windows 11', os.arch: 'amd64', os.version: '10.0', java.version: '23.0.2'
Driver info: driver.version: RemoteWebDriver
at io.appium.java_client.pagefactory.bys.builder.ByChained.findElement(ByChained.java:77)
at org.openqa.selenium.remote.ElementLocation$ElementFinder$1.findElement(ElementLocation.java:139)
at org.openqa.selenium.remote.ElementLocation.findElement(ElementLocation.java:59)
at org.openqa.selenium.remote.RemoteWebDriver.findElement(RemoteWebDriver.java:359)
at org.openqa.selenium.remote.RemoteWebDriver.findElement(RemoteWebDriver.java:353)
at io.appium.java_client.pagefactory.bys.ContentMappedBy.findElement(ContentMappedBy.java:53)
at org.openqa.selenium.remote.ElementLocation$ElementFinder$1.findElement(ElementLocation.java:139)
at org.openqa.selenium.remote.ElementLocation.findElement(ElementLocation.java:59)
at org.openqa.selenium.remote.RemoteWebDriver.findElement(RemoteWebDriver.java:359)
at org.openqa.selenium.remote.RemoteWebDriver.findElement(RemoteWebDriver.java:353)
at io.appium.java_client.pagefactory.AppiumElementLocator.lambda$findElement$1(AppiumElementLocator.java:160)
at io.appium.java_client.pagefactory.AppiumElementLocator$WaitingFunction.apply(AppiumElementLocator.java:217)
at io.appium.java_client.pagefactory.AppiumElementLocator$WaitingFunction.apply(AppiumElementLocator.java:210)
at org.openqa.selenium.support.ui.FluentWait.until(FluentWait.java:205)
... 37 more
... Removed 25 stack frames]]>
    </failure>
  </testcase> <!-- Tc01_newUserTrytoPurchasingNewFacilityTest -->
  <testcase classname="TaskMasterFlowTest.NewUserPurchaseClassicSubscriptionThroughRenewItLinkTest" name="Tc02_newUser_Tap_RenewItLink_Purchasing_ClassicSubscriptionTest" time="30.79">
    <failure type="org.openqa.selenium.TimeoutException" message="Expected condition failed: waiting for element to be clickable: Located by By.chained({By.xpath: //android.widget.EditText}) (tried for 30 second(s) with 500 milliseconds interval)">
      <![CDATA[org.openqa.selenium.TimeoutException: Expected condition failed: waiting for element to be clickable: Located by By.chained({By.xpath: //android.widget.EditText}) (tried for 30 second(s) with 500 milliseconds interval)
at org.openqa.selenium.support.ui.WebDriverWait.timeoutException(WebDriverWait.java:84)
at org.openqa.selenium.support.ui.FluentWait.until(FluentWait.java:230)
at adminLoginRepo.AdminLoginPage.login(AdminLoginPage.java:98)
at adminDashboardRepo.AdminDashboardPage.adminLogin(AdminDashboardPage.java:362)
at TaskMasterFlowTest.NewUserPurchaseClassicSubscriptionThroughRenewItLinkTest.Tc02_newUser_Tap_RenewItLink_Purchasing_ClassicSubscriptionTest(NewUserPurchaseClassicSubscriptionThroughRenewItLinkTest.java:65)
at java.base/java.util.ArrayList.forEach(ArrayList.java:1597)
Caused by: org.openqa.selenium.NoSuchElementException: Can't locate an element by this strategy: By.chained({By.xpath: //android.widget.EditText})
at io.appium.java_client.pagefactory.AppiumElementLocator.findElement(AppiumElementLocator.java:166)
at io.appium.java_client.pagefactory.interceptors.InterceptorOfASingleElement.call(InterceptorOfASingleElement.java:64)
at io.appium.java_client.proxy.Interceptor.intercept(Interceptor.java:78)
at org.openqa.selenium.remote.RemoteWebElement$ByteBuddy$JV0so0gU.isDisplayed(Unknown Source)
at org.openqa.selenium.support.ui.ExpectedConditions.elementIfVisible(ExpectedConditions.java:304)
at org.openqa.selenium.support.ui.ExpectedConditions.access$000(ExpectedConditions.java:37)
at org.openqa.selenium.support.ui.ExpectedConditions$10.apply(ExpectedConditions.java:290)
at org.openqa.selenium.support.ui.ExpectedConditions$10.apply(ExpectedConditions.java:287)
at org.openqa.selenium.support.ui.ExpectedConditions$23.apply(ExpectedConditions.java:656)
at org.openqa.selenium.support.ui.ExpectedConditions$23.apply(ExpectedConditions.java:652)
at org.openqa.selenium.support.ui.FluentWait.until(FluentWait.java:205)
... 29 more
Caused by: org.openqa.selenium.TimeoutException: Expected condition failed: waiting for io.appium.java_client.pagefactory.AppiumElementLocator$WaitingFunction@438e8573 (tried for 1 second(s) with 500 milliseconds interval)
at org.openqa.selenium.support.ui.FluentWait.timeoutException(FluentWait.java:262)
at org.openqa.selenium.support.ui.FluentWait.until(FluentWait.java:230)
at io.appium.java_client.pagefactory.AppiumElementLocator.waitFor(AppiumElementLocator.java:135)
at io.appium.java_client.pagefactory.AppiumElementLocator.findElement(AppiumElementLocator.java:160)
... 39 more
Caused by: org.openqa.selenium.NoSuchElementException: Cannot locate an element using By.chained({By.xpath: //android.widget.EditText})
For documentation on this error, please visit: https://www.selenium.dev/documentation/webdriver/troubleshooting/errors#no-such-element-exception
Build info: version: '4.13.0', revision: 'ba948ece5b*'
System info: os.name: 'Windows 11', os.arch: 'amd64', os.version: '10.0', java.version: '23.0.2'
Driver info: driver.version: RemoteWebDriver
at io.appium.java_client.pagefactory.bys.builder.ByChained.findElement(ByChained.java:77)
at org.openqa.selenium.remote.ElementLocation$ElementFinder$1.findElement(ElementLocation.java:139)
at org.openqa.selenium.remote.ElementLocation.findElement(ElementLocation.java:59)
at org.openqa.selenium.remote.RemoteWebDriver.findElement(RemoteWebDriver.java:359)
at org.openqa.selenium.remote.RemoteWebDriver.findElement(RemoteWebDriver.java:353)
at io.appium.java_client.pagefactory.bys.ContentMappedBy.findElement(ContentMappedBy.java:53)
at org.openqa.selenium.remote.ElementLocation$ElementFinder$1.findElement(ElementLocation.java:139)
at org.openqa.selenium.remote.ElementLocation.findElement(ElementLocation.java:59)
at org.openqa.selenium.remote.RemoteWebDriver.findElement(RemoteWebDriver.java:359)
at org.openqa.selenium.remote.RemoteWebDriver.findElement(RemoteWebDriver.java:353)
at io.appium.java_client.pagefactory.AppiumElementLocator.lambda$findElement$1(AppiumElementLocator.java:160)
at io.appium.java_client.pagefactory.AppiumElementLocator$WaitingFunction.apply(AppiumElementLocator.java:217)
at io.appium.java_client.pagefactory.AppiumElementLocator$WaitingFunction.apply(AppiumElementLocator.java:210)
at org.openqa.selenium.support.ui.FluentWait.until(FluentWait.java:205)
... 41 more
... Removed 25 stack frames]]>
    </failure>
  </testcase> <!-- Tc02_newUser_Tap_RenewItLink_Purchasing_ClassicSubscriptionTest -->
  <testcase classname="TaskMasterFlowTest.NewUserPurchasePremiumSubscriptionThrough_RenewItLinkTest" name="Tc02_newUserTrytoPurchasingNewFacilityTest" time="61.141"/>
  <testcase classname="TaskMasterFlowTest.NewUserPurchasePremiumSubscriptionThrough_RenewItLinkTest" name="Tc03_newUser_Tap_RenewItLink_Purchasing_PremiumSubscriptionTest" time="138.459"/>
  <testcase classname="TaskMasterFlowTest.AddNewFacilityTest" name="TC01_addNew_ClassicFacilityTest" time="82.178">
    <failure type="org.openqa.selenium.TimeoutException" message="Expected condition failed: waiting for visibility of Located by By.chained({AppiumBy.accessibilityId:  Upgrade your Tasq master service}) (tried for 30 second(s) with 500 milliseconds interval)">
      <![CDATA[org.openqa.selenium.TimeoutException: Expected condition failed: waiting for visibility of Located by By.chained({AppiumBy.accessibilityId:  Upgrade your Tasq master service}) (tried for 30 second(s) with 500 milliseconds interval)
at org.openqa.selenium.support.ui.WebDriverWait.timeoutException(WebDriverWait.java:84)
at org.openqa.selenium.support.ui.FluentWait.until(FluentWait.java:230)
at adminDashboardRepo.PaynowPage.paynowScreenUIValidation(PaynowPage.java:69)
at TaskMasterFlowTest.AddNewFacilityTest.TC01_addNew_ClassicFacilityTest(AddNewFacilityTest.java:61)
at java.base/java.util.ArrayList.forEach(ArrayList.java:1597)
Caused by: org.openqa.selenium.NoSuchElementException: Can't locate an element by this strategy: By.chained({AppiumBy.accessibilityId:  Upgrade your Tasq master service})
at io.appium.java_client.pagefactory.AppiumElementLocator.findElement(AppiumElementLocator.java:166)
at io.appium.java_client.pagefactory.interceptors.InterceptorOfASingleElement.call(InterceptorOfASingleElement.java:64)
at io.appium.java_client.proxy.Interceptor.intercept(Interceptor.java:78)
at org.openqa.selenium.remote.RemoteWebElement$ByteBuddy$XN2oZxxM.isDisplayed(Unknown Source)
at org.openqa.selenium.support.ui.ExpectedConditions.elementIfVisible(ExpectedConditions.java:304)
at org.openqa.selenium.support.ui.ExpectedConditions.access$000(ExpectedConditions.java:37)
at org.openqa.selenium.support.ui.ExpectedConditions$10.apply(ExpectedConditions.java:290)
at org.openqa.selenium.support.ui.ExpectedConditions$10.apply(ExpectedConditions.java:287)
at org.openqa.selenium.support.ui.FluentWait.until(FluentWait.java:205)
... 28 more
Caused by: org.openqa.selenium.TimeoutException: Expected condition failed: waiting for io.appium.java_client.pagefactory.AppiumElementLocator$WaitingFunction@2e114d9d (tried for 1 second(s) with 500 milliseconds interval)
at org.openqa.selenium.support.ui.FluentWait.timeoutException(FluentWait.java:262)
at org.openqa.selenium.support.ui.FluentWait.until(FluentWait.java:230)
at io.appium.java_client.pagefactory.AppiumElementLocator.waitFor(AppiumElementLocator.java:135)
at io.appium.java_client.pagefactory.AppiumElementLocator.findElement(AppiumElementLocator.java:160)
... 36 more
Caused by: org.openqa.selenium.NoSuchElementException: Cannot locate an element using By.chained({AppiumBy.accessibilityId:  Upgrade your Tasq master service})
For documentation on this error, please visit: https://www.selenium.dev/documentation/webdriver/troubleshooting/errors#no-such-element-exception
Build info: version: '4.13.0', revision: 'ba948ece5b*'
System info: os.name: 'Windows 11', os.arch: 'amd64', os.version: '10.0', java.version: '23.0.2'
Driver info: driver.version: RemoteWebDriver
at io.appium.java_client.pagefactory.bys.builder.ByChained.findElement(ByChained.java:77)
at org.openqa.selenium.remote.ElementLocation$ElementFinder$1.findElement(ElementLocation.java:139)
at org.openqa.selenium.remote.ElementLocation.findElement(ElementLocation.java:59)
at org.openqa.selenium.remote.RemoteWebDriver.findElement(RemoteWebDriver.java:359)
at org.openqa.selenium.remote.RemoteWebDriver.findElement(RemoteWebDriver.java:353)
at io.appium.java_client.pagefactory.bys.ContentMappedBy.findElement(ContentMappedBy.java:53)
at org.openqa.selenium.remote.ElementLocation$ElementFinder$1.findElement(ElementLocation.java:139)
at org.openqa.selenium.remote.ElementLocation.findElement(ElementLocation.java:59)
at org.openqa.selenium.remote.RemoteWebDriver.findElement(RemoteWebDriver.java:359)
at org.openqa.selenium.remote.RemoteWebDriver.findElement(RemoteWebDriver.java:353)
at io.appium.java_client.pagefactory.AppiumElementLocator.lambda$findElement$1(AppiumElementLocator.java:160)
at io.appium.java_client.pagefactory.AppiumElementLocator$WaitingFunction.apply(AppiumElementLocator.java:217)
at io.appium.java_client.pagefactory.AppiumElementLocator$WaitingFunction.apply(AppiumElementLocator.java:210)
at org.openqa.selenium.support.ui.FluentWait.until(FluentWait.java:205)
... 38 more
... Removed 25 stack frames]]>
    </failure>
  </testcase> <!-- TC01_addNew_ClassicFacilityTest -->
  <testcase classname="TaskMasterFlowTest.AddNewFacilityTest" name="TC02_addNew_PremiumFacilityTest" time="30.228">
    <failure type="org.openqa.selenium.TimeoutException" message="Expected condition failed: waiting for element to be clickable: Located by By.chained({By.xpath: //android.widget.EditText}) (tried for 30 second(s) with 500 milliseconds interval)">
      <![CDATA[org.openqa.selenium.TimeoutException: Expected condition failed: waiting for element to be clickable: Located by By.chained({By.xpath: //android.widget.EditText}) (tried for 30 second(s) with 500 milliseconds interval)
at org.openqa.selenium.support.ui.WebDriverWait.timeoutException(WebDriverWait.java:84)
at org.openqa.selenium.support.ui.FluentWait.until(FluentWait.java:230)
at adminLoginRepo.AdminLoginPage.login(AdminLoginPage.java:98)
at adminDashboardRepo.AdminDashboardPage.adminLogin(AdminDashboardPage.java:362)
at TaskMasterFlowTest.AddNewFacilityTest.TC02_addNew_PremiumFacilityTest(AddNewFacilityTest.java:132)
at java.base/java.util.ArrayList.forEach(ArrayList.java:1597)
Caused by: org.openqa.selenium.NoSuchElementException: Can't locate an element by this strategy: By.chained({By.xpath: //android.widget.EditText})
at io.appium.java_client.pagefactory.AppiumElementLocator.findElement(AppiumElementLocator.java:166)
at io.appium.java_client.pagefactory.interceptors.InterceptorOfASingleElement.call(InterceptorOfASingleElement.java:64)
at io.appium.java_client.proxy.Interceptor.intercept(Interceptor.java:78)
at org.openqa.selenium.remote.RemoteWebElement$ByteBuddy$3snuCWFE.isDisplayed(Unknown Source)
at org.openqa.selenium.support.ui.ExpectedConditions.elementIfVisible(ExpectedConditions.java:304)
at org.openqa.selenium.support.ui.ExpectedConditions.access$000(ExpectedConditions.java:37)
at org.openqa.selenium.support.ui.ExpectedConditions$10.apply(ExpectedConditions.java:290)
at org.openqa.selenium.support.ui.ExpectedConditions$10.apply(ExpectedConditions.java:287)
at org.openqa.selenium.support.ui.ExpectedConditions$23.apply(ExpectedConditions.java:656)
at org.openqa.selenium.support.ui.ExpectedConditions$23.apply(ExpectedConditions.java:652)
at org.openqa.selenium.support.ui.FluentWait.until(FluentWait.java:205)
... 29 more
Caused by: org.openqa.selenium.TimeoutException: Expected condition failed: waiting for io.appium.java_client.pagefactory.AppiumElementLocator$WaitingFunction@3dd2ac39 (tried for 1 second(s) with 500 milliseconds interval)
at org.openqa.selenium.support.ui.FluentWait.timeoutException(FluentWait.java:262)
at org.openqa.selenium.support.ui.FluentWait.until(FluentWait.java:230)
at io.appium.java_client.pagefactory.AppiumElementLocator.waitFor(AppiumElementLocator.java:135)
at io.appium.java_client.pagefactory.AppiumElementLocator.findElement(AppiumElementLocator.java:160)
... 39 more
Caused by: org.openqa.selenium.NoSuchElementException: Cannot locate an element using By.chained({By.xpath: //android.widget.EditText})
For documentation on this error, please visit: https://www.selenium.dev/documentation/webdriver/troubleshooting/errors#no-such-element-exception
Build info: version: '4.13.0', revision: 'ba948ece5b*'
System info: os.name: 'Windows 11', os.arch: 'amd64', os.version: '10.0', java.version: '23.0.2'
Driver info: driver.version: RemoteWebDriver
at io.appium.java_client.pagefactory.bys.builder.ByChained.findElement(ByChained.java:77)
at org.openqa.selenium.remote.ElementLocation$ElementFinder$1.findElement(ElementLocation.java:139)
at org.openqa.selenium.remote.ElementLocation.findElement(ElementLocation.java:59)
at org.openqa.selenium.remote.RemoteWebDriver.findElement(RemoteWebDriver.java:359)
at org.openqa.selenium.remote.RemoteWebDriver.findElement(RemoteWebDriver.java:353)
at io.appium.java_client.pagefactory.bys.ContentMappedBy.findElement(ContentMappedBy.java:53)
at org.openqa.selenium.remote.ElementLocation$ElementFinder$1.findElement(ElementLocation.java:139)
at org.openqa.selenium.remote.ElementLocation.findElement(ElementLocation.java:59)
at org.openqa.selenium.remote.RemoteWebDriver.findElement(RemoteWebDriver.java:359)
at org.openqa.selenium.remote.RemoteWebDriver.findElement(RemoteWebDriver.java:353)
at io.appium.java_client.pagefactory.AppiumElementLocator.lambda$findElement$1(AppiumElementLocator.java:160)
at io.appium.java_client.pagefactory.AppiumElementLocator$WaitingFunction.apply(AppiumElementLocator.java:217)
at io.appium.java_client.pagefactory.AppiumElementLocator$WaitingFunction.apply(AppiumElementLocator.java:210)
at org.openqa.selenium.support.ui.FluentWait.until(FluentWait.java:205)
... 41 more
... Removed 25 stack frames]]>
    </failure>
  </testcase> <!-- TC02_addNew_PremiumFacilityTest -->
  <testcase classname="TaskMasterFlowTest.AdminTaskDeletionScenarioTest" name="Tc01_assign_Delete_AssignTaskOfSameFacilityTest" time="161.909"/>
  <testcase classname="TaskMasterFlowTest.AdminTaskDeletionScenarioTest" name="Tc02_pendingTaskValidationTest" time="105.141"/>
  <testcase classname="TaskMasterFlowTest.AdminTaskDeletionScenarioTest" name="Tc03_validateBuddyPendingTaskTest" time="74.744">
    <failure type="org.openqa.selenium.NoSuchElementException" message="An element could not be located on the page using the given search parameters.
For documentation on this error, please visit: https://www.selenium.dev/documentation/webdriver/troubleshooting/errors#no-such-element-exception
Build info: version: &amp;apos;4.13.0&amp;apos;, revision: &amp;apos;ba948ece5b*&amp;apos;
System info: os.name: &amp;apos;Windows 11&amp;apos;, os.arch: &amp;apos;amd64&amp;apos;, os.version: &amp;apos;10.0&amp;apos;, java.version: &amp;apos;23.0.2&amp;apos;
Driver info: io.appium.java_client.android.AndroidDriver
Command: [b7ef207d-a267-4719-8d9a-ad8db996fda6, findElement {using=xpath, value=//android.view.View[contains(@content-desc,&amp;apos;Maruthi&amp;apos;)]}]
Capabilities {appium:app: C:\Users\User\eclipse-works..., appium:appActivity: com.woloo.smarthygiene.Main..., appium:appPackage: com.woloo.smarthygiene, appium:autoGrantPermissions: true, appium:automationName: UiAutomator2, appium:databaseEnabled: false, appium:desired: {app: C:\Users\User\eclipse-works..., appActivity: com.woloo.smarthygiene.Main..., appPackage: com.woloo.smarthygiene, autoGrantPermissions: true, automationName: UiAutomator2, deviceName: Galaxy A13, newCommandTimeout: 120, noReset: false, platformName: ANDROID, platformVersion: 14.0}, appium:deviceApiLevel: 34, appium:deviceManufacturer: samsung, appium:deviceModel: SM-A135F, appium:deviceName: RZ8TA0PDHLX, appium:deviceScreenDensity: 450, appium:deviceScreenSize: 1080x2408, appium:deviceUDID: RZ8TA0PDHLX, appium:javascriptEnabled: true, appium:locationContextEnabled: false, appium:networkConnectionEnabled: true, appium:newCommandTimeout: 120, appium:noReset: false, appium:pixelRatio: 2.8125, appium:platformVersion: 14, appium:statBarHeight: 70, appium:takesScreenshot: true, appium:viewportRect: {height: 2338, left: 0, top: 70, width: 1080}, appium:warnings: {}, appium:webStorageEnabled: false, platformName: ANDROID}
Session ID: b7ef207d-a267-4719-8d9a-ad8db996fda6">
      <![CDATA[org.openqa.selenium.NoSuchElementException: An element could not be located on the page using the given search parameters.
For documentation on this error, please visit: https://www.selenium.dev/documentation/webdriver/troubleshooting/errors#no-such-element-exception
Build info: version: '4.13.0', revision: 'ba948ece5b*'
System info: os.name: 'Windows 11', os.arch: 'amd64', os.version: '10.0', java.version: '23.0.2'
Driver info: io.appium.java_client.android.AndroidDriver
Command: [b7ef207d-a267-4719-8d9a-ad8db996fda6, findElement {using=xpath, value=//android.view.View[contains(@content-desc,'Maruthi')]}]
Capabilities {appium:app: C:\Users\User\eclipse-works..., appium:appActivity: com.woloo.smarthygiene.Main..., appium:appPackage: com.woloo.smarthygiene, appium:autoGrantPermissions: true, appium:automationName: UiAutomator2, appium:databaseEnabled: false, appium:desired: {app: C:\Users\User\eclipse-works..., appActivity: com.woloo.smarthygiene.Main..., appPackage: com.woloo.smarthygiene, autoGrantPermissions: true, automationName: UiAutomator2, deviceName: Galaxy A13, newCommandTimeout: 120, noReset: false, platformName: ANDROID, platformVersion: 14.0}, appium:deviceApiLevel: 34, appium:deviceManufacturer: samsung, appium:deviceModel: SM-A135F, appium:deviceName: RZ8TA0PDHLX, appium:deviceScreenDensity: 450, appium:deviceScreenSize: 1080x2408, appium:deviceUDID: RZ8TA0PDHLX, appium:javascriptEnabled: true, appium:locationContextEnabled: false, appium:networkConnectionEnabled: true, appium:newCommandTimeout: 120, appium:noReset: false, appium:pixelRatio: 2.8125, appium:platformVersion: 14, appium:statBarHeight: 70, appium:takesScreenshot: true, appium:viewportRect: {height: 2338, left: 0, top: 70, width: 1080}, appium:warnings: {}, appium:webStorageEnabled: false, platformName: ANDROID}
Session ID: b7ef207d-a267-4719-8d9a-ad8db996fda6
at org.openqa.selenium.remote.codec.w3c.W3CHttpResponseCodec.createException(W3CHttpResponseCodec.java:200)
at org.openqa.selenium.remote.codec.w3c.W3CHttpResponseCodec.decode(W3CHttpResponseCodec.java:133)
at org.openqa.selenium.remote.codec.w3c.W3CHttpResponseCodec.decode(W3CHttpResponseCodec.java:52)
at org.openqa.selenium.remote.HttpCommandExecutor.execute(HttpCommandExecutor.java:191)
at io.appium.java_client.remote.AppiumCommandExecutor.execute(AppiumCommandExecutor.java:250)
at org.openqa.selenium.remote.RemoteWebDriver.execute(RemoteWebDriver.java:602)
at org.openqa.selenium.remote.ElementLocation$ElementFinder$2.findElement(ElementLocation.java:165)
at org.openqa.selenium.remote.ElementLocation.findElement(ElementLocation.java:59)
at org.openqa.selenium.remote.RemoteWebDriver.findElement(RemoteWebDriver.java:359)
at org.openqa.selenium.remote.RemoteWebDriver.findElement(RemoteWebDriver.java:353)
at taskBuddyDashboardRepo.BuddyProfilePage.buddyProfileUIValidation(BuddyProfilePage.java:85)
at TaskMasterFlowTest.AdminTaskDeletionScenarioTest.Tc03_validateBuddyPendingTaskTest(AdminTaskDeletionScenarioTest.java:132)
at java.base/java.util.ArrayList.forEach(ArrayList.java:1597)
... Removed 28 stack frames]]>
    </failure>
  </testcase> <!-- Tc03_validateBuddyPendingTaskTest -->
  <testcase classname="TaskMasterFlowTest.AdminTaskDeletionScenarioTest" name="Tc04_validationOf_PN_for_AcceptedTaskTest" time="0.0">
    <skipped/>
  </testcase> <!-- Tc04_validationOf_PN_for_AcceptedTaskTest -->
  <testcase classname="TaskMasterFlowTest.AdminTaskDeletionScenarioTest" name="Tc05_taskBuddyDashboardAcceptedTaskValidationTest" time="0.0">
    <skipped/>
  </testcase> <!-- Tc05_taskBuddyDashboardAcceptedTaskValidationTest -->
  <testcase classname="TaskMasterFlowTest.AdminTaskDeletionScenarioTest" name="Tc06_taskbuddyAcceptedTask_UpdateInAdminDashboardTest" time="0.0">
    <skipped/>
  </testcase> <!-- Tc06_taskbuddyAcceptedTask_UpdateInAdminDashboardTest -->
  <testcase classname="TaskMasterFlowTest.AdminTaskDeletionScenarioTest" name="Tc07_adminDeleteTaskbuddyAcceptedTaskTest" time="0.0">
    <skipped/>
  </testcase> <!-- Tc07_adminDeleteTaskbuddyAcceptedTaskTest -->
  <testcase classname="TaskMasterFlowTest.AdminTaskDeletionScenarioTest" name="Tc08_taskbuddyAcceptedTaskUpdatedInSupervisors_JanitorsDetailsScreenTest" time="0.0">
    <skipped/>
  </testcase> <!-- Tc08_taskbuddyAcceptedTaskUpdatedInSupervisors_JanitorsDetailsScreenTest -->
  <testcase classname="TaskMasterFlowTest.AdminTaskDeletionScenarioTest" name="Tc09_taskBuddyStartToWorkAcceptedTaskFlowTest" time="0.0">
    <skipped/>
  </testcase> <!-- Tc09_taskBuddyStartToWorkAcceptedTaskFlowTest -->
  <testcase classname="TaskMasterFlowTest.AdminTaskDeletionScenarioTest" name="Tc10_taskBuddyDashboardOngoingTaskValidationTest" time="0.0">
    <skipped/>
  </testcase> <!-- Tc10_taskBuddyDashboardOngoingTaskValidationTest -->
  <testcase classname="TaskMasterFlowTest.AdminTaskDeletionScenarioTest" name="Tc11_taskbuddyOngoingTaskUpdateInAdminDashboardTest" time="0.0">
    <skipped/>
  </testcase> <!-- Tc11_taskbuddyOngoingTaskUpdateInAdminDashboardTest -->
  <testcase classname="TaskMasterFlowTest.AdminTaskDeletionScenarioTest" name="Tc12_adminDeleteTaskbuddyOngoingTaskTest" time="0.0">
    <skipped/>
  </testcase> <!-- Tc12_adminDeleteTaskbuddyOngoingTaskTest -->
  <testcase classname="TaskMasterFlowTest.AdminTaskDeletionScenarioTest" name="Tc13_taskbuddyOngoingTaskUpdatedInSupervisors_JanitorsDetailsScreenTest" time="0.0">
    <skipped/>
  </testcase> <!-- Tc13_taskbuddyOngoingTaskUpdatedInSupervisors_JanitorsDetailsScreenTest -->
  <testcase classname="TaskMasterFlowTest.AdminTaskDeletionScenarioTest" name="Tc14_validationOf_PN_for_RequestforClosureTaskTest" time="0.0">
    <skipped/>
  </testcase> <!-- Tc14_validationOf_PN_for_RequestforClosureTaskTest -->
  <testcase classname="TaskMasterFlowTest.AdminTaskDeletionScenarioTest" name="Tc15_taskBuddyDashboardClosureTaskValidationTest" time="0.0">
    <skipped/>
  </testcase> <!-- Tc15_taskBuddyDashboardClosureTaskValidationTest -->
  <testcase classname="TaskMasterFlowTest.AdminTaskDeletionScenarioTest" name="Tc16_validateClosureTaskIsUpdatedInSupervisors_JanitorsDetailScreenTest" time="0.0">
    <skipped/>
  </testcase> <!-- Tc16_validateClosureTaskIsUpdatedInSupervisors_JanitorsDetailScreenTest -->
  <testcase classname="TaskMasterFlowTest.AdminTaskDeletionScenarioTest" name="Tc17_taskbuddyClosureTaskUpdateInAdminDashboardTest" time="0.0">
    <skipped/>
  </testcase> <!-- Tc17_taskbuddyClosureTaskUpdateInAdminDashboardTest -->
  <testcase classname="TaskMasterFlowTest.AdminTaskDeletionScenarioTest" name="Tc18_verifyAdminDelete_BuddyRequestForClosureTaskTest" time="0.0">
    <skipped/>
  </testcase> <!-- Tc18_verifyAdminDelete_BuddyRequestForClosureTaskTest -->
  <testcase classname="TaskMasterFlowTest.AdminTaskDeletionScenarioTest" name="Tc19_approveBuddyRequestedTaskTest" time="0.0">
    <skipped/>
  </testcase> <!-- Tc19_approveBuddyRequestedTaskTest -->
  <testcase classname="TaskMasterFlowTest.AdminTaskDeletionScenarioTest" name="Tc20_completedTaskUpdatedInSupervisors_JanitorsDetailScreenTest" time="0.0">
    <skipped/>
  </testcase> <!-- Tc20_completedTaskUpdatedInSupervisors_JanitorsDetailScreenTest -->
  <testcase classname="TaskMasterFlowTest.AdminTaskDeletionScenarioTest" name="Tc21_validateBuddyCompletedTaskTest" time="0.0">
    <skipped/>
  </testcase> <!-- Tc21_validateBuddyCompletedTaskTest -->
  <testcase classname="TaskMasterFlowTest.AdminTaskDeletionScenarioTest" name="Tc22_validateCompletedTaskUpdatedInAdminDashboardTest" time="0.0">
    <skipped/>
  </testcase> <!-- Tc22_validateCompletedTaskUpdatedInAdminDashboardTest -->
  <testcase classname="TaskMasterFlowTest.AddNewFacilityTest" name="TC03_addNew_ClassicFacilityPaymentPersistentTest" time="0.0">
    <ignored/>
  </testcase> <!-- TC03_addNew_ClassicFacilityPaymentPersistentTest -->
  <testcase classname="Utilities.BaseClass" name="@AfterSuite stopServer" time="0.0">
    <ignored/>
  </testcase> <!-- @AfterSuite stopServer -->
  <testcase classname="Utilities.BaseClass" name="@BeforeSuite loadConfig" time="0.0">
    <ignored/>
  </testcase> <!-- @BeforeSuite loadConfig -->
  <testcase classname="Utilities.BaseClass" name="@AfterSuite stopServer" time="0.0">
    <ignored/>
  </testcase> <!-- @AfterSuite stopServer -->
  <testcase classname="Utilities.BaseClass" name="@AfterSuite stopServer" time="0.0">
    <ignored/>
  </testcase> <!-- @AfterSuite stopServer -->
  <testcase classname="Utilities.BaseClass" name="@BeforeSuite loadConfig" time="0.0">
    <ignored/>
  </testcase> <!-- @BeforeSuite loadConfig -->
  <testcase classname="Utilities.BaseClass" name="@AfterSuite stopServer" time="0.0">
    <ignored/>
  </testcase> <!-- @AfterSuite stopServer -->
  <testcase classname="Utilities.BaseClass" name="@BeforeSuite loadConfig" time="0.0">
    <ignored/>
  </testcase> <!-- @BeforeSuite loadConfig -->
  <testcase classname="Utilities.BaseClass" name="@BeforeSuite loadConfig" time="0.0">
    <ignored/>
  </testcase> <!-- @BeforeSuite loadConfig -->
  <testcase classname="TaskMasterFlowTest.AssignSingleTaskToDifferentTimeTest" name="Tc04_validateBuddyPendingTaskTest" time="0.0">
    <ignored/>
  </testcase> <!-- Tc04_validateBuddyPendingTaskTest -->
  <testcase classname="Utilities.BaseClass" name="@AfterSuite stopServer" time="0.0">
    <ignored/>
  </testcase> <!-- @AfterSuite stopServer -->
  <testcase classname="TaskMasterFlowTest.AssignSingleTaskToDifferentTimeTest" name="Tc03_taskbuddyPendingTaskUpdatedInSupervisors_JanitorsDetailsScreenTest" time="0.0">
    <ignored/>
  </testcase> <!-- Tc03_taskbuddyPendingTaskUpdatedInSupervisors_JanitorsDetailsScreenTest -->
  <testcase classname="Utilities.BaseClass" name="@BeforeSuite loadConfig" time="0.0">
    <ignored/>
  </testcase> <!-- @BeforeSuite loadConfig -->
  <testcase classname="TaskMasterFlowTest.AssignMultipleTaskDifferentTimingTest" name="Tc04_validateBuddyPendingTaskTest" time="0.0">
    <ignored/>
  </testcase> <!-- Tc04_validateBuddyPendingTaskTest -->
  <testcase classname="TaskMasterFlowTest.AssignMultipleTaskDifferentTimingTest" name="Tc03_taskbuddyPendingTaskUpdatedInSupervisors_JanitorsDetailsScreenTest" time="0.0">
    <ignored/>
  </testcase> <!-- Tc03_taskbuddyPendingTaskUpdatedInSupervisors_JanitorsDetailsScreenTest -->
  <testcase classname="TaskMasterFlowTest.NewUserPurchasePremiumSubscriptionThrough_RenewItLinkTest" name="Tc01_newUserLoginTest" time="0.0">
    <ignored/>
  </testcase> <!-- Tc01_newUserLoginTest -->
  <testcase classname="Utilities.BaseClass" name="@AfterSuite stopServer" time="0.0">
    <ignored/>
  </testcase> <!-- @AfterSuite stopServer -->
  <testcase classname="Utilities.BaseClass" name="@AfterSuite stopServer" time="0.0">
    <ignored/>
  </testcase> <!-- @AfterSuite stopServer -->
  <testcase classname="Utilities.BaseClass" name="@BeforeSuite loadConfig" time="0.0">
    <ignored/>
  </testcase> <!-- @BeforeSuite loadConfig -->
  <testcase classname="Utilities.BaseClass" name="@BeforeSuite loadConfig" time="0.0">
    <ignored/>
  </testcase> <!-- @BeforeSuite loadConfig -->
</testsuite> <!-- TaskMasterFlowTest_AdminTaskDeletionScenarioTest -->
