<?xml version="1.0" encoding="UTF-8"?>
<!-- Generated by org.testng.reporters.JUnitXMLReporter -->
<testsuite ignored="2" hostname="TYSS-Dilip-Chakkarabani" failures="0" tests="2" name="TaskMasterFlowTest_AssignMultipleTaskDifferentTimingTest" time="331.419" errors="0" timestamp="2025-10-27T19:28:07 IST">
  <testcase classname="TaskMasterFlowTest.AssignMultipleTaskDifferentTimingTest" name="Tc01_assignMultipleTaskAtDifferentTiming" time="201.426"/>
  <testcase classname="TaskMasterFlowTest.AssignMultipleTaskDifferentTimingTest" name="Tc02_pendingTaskValidationTest" time="97.79"/>
  <testcase classname="TaskMasterFlowTest.AssignMultipleTaskDifferentTimingTest" name="Tc03_taskbuddyPendingTaskUpdatedInSupervisors_JanitorsDetailsScreenTest" time="0.0">
    <ignored/>
  </testcase> <!-- Tc03_taskbuddyPendingTaskUpdatedInSupervisors_JanitorsDetailsScreenTest -->
  <testcase classname="TaskMasterFlowTest.AssignMultipleTaskDifferentTimingTest" name="Tc04_validateBuddyPendingTaskTest" time="0.0">
    <ignored/>
  </testcase> <!-- Tc04_validateBuddyPendingTaskTest -->
</testsuite> <!-- TaskMasterFlowTest_AssignMultipleTaskDifferentTimingTest -->
