<?xml version="1.0" encoding="UTF-8"?>
<!-- Generated by org.testng.reporters.JUnitXMLReporter -->
<testsuite ignored="1" hostname="TYSS-Dilip-Chakkarabani" failures="0" tests="2" name="TaskMasterFlowTest_AddNewFacilityTest" time="786.417" errors="0" timestamp="2025-11-27T14:25:01 IST">
  <testcase classname="TaskMasterFlowTest.AddNewFacilityTest" name="TC01_addNew_ClassicFacilityTest" time="331.134"/>
  <testcase classname="TaskMasterFlowTest.AddNewFacilityTest" name="TC02_addNew_PremiumFacilityTest" time="316.086"/>
  <testcase classname="TaskMasterFlowTest.AddNewFacilityTest" name="TC03_addNew_ClassicFacilityPaymentPersistentTest" time="0.0">
    <ignored/>
  </testcase> <!-- TC03_addNew_ClassicFacilityPaymentPersistentTest -->
</testsuite> <!-- TaskMasterFlowTest_AddNewFacilityTest -->
