<?xml version="1.0" encoding="UTF-8"?>
<!-- Generated by org.testng.reporters.JUnitXMLReporter -->
<testsuite ignored="2" hostname="TYSS-Dilip-Chakkarabani" failures="1" tests="2" name="TaskMasterFlowTest_AssignSingleTaskToDifferentTimeTest" time="271.682" errors="0" timestamp="2025-10-27T19:12:40 IST">
  <testcase classname="TaskMasterFlowTest.AssignSingleTaskToDifferentTimeTest" name="Tc01_assignSingleTaskForDifferentTimeTest" time="174.662"/>
  <testcase classname="TaskMasterFlowTest.AssignSingleTaskToDifferentTimeTest" name="Tc02_pendingTaskValidationTest" time="62.187">
    <failure type="org.openqa.selenium.TimeoutException" message="Expected condition failed: waiting for visibility of element located by By.xpath: //android.widget.EditText (tried for 30 second(s) with 500 milliseconds interval)
Build info: version: &amp;apos;4.13.0&amp;apos;, revision: &amp;apos;ba948ece5b*&amp;apos;
System info: os.name: &amp;apos;Windows 11&amp;apos;, os.arch: &amp;apos;amd64&amp;apos;, os.version: &amp;apos;10.0&amp;apos;, java.version: &amp;apos;23.0.2&amp;apos;
Driver info: io.appium.java_client.android.AndroidDriver
Capabilities {appium:app: C:\Users\User\eclipse-works..., appium:appActivity: com.woloo.smarthygiene.Main..., appium:appPackage: com.woloo.smarthygiene, appium:autoGrantPermissions: true, appium:automationName: UiAutomator2, appium:databaseEnabled: false, appium:desired: {app: C:\Users\User\eclipse-works..., appActivity: com.woloo.smarthygiene.Main..., appPackage: com.woloo.smarthygiene, autoGrantPermissions: true, automationName: UiAutomator2, deviceName: Galaxy A13, newCommandTimeout: 120, platformName: ANDROID, platformVersion: 14.0}, appium:deviceApiLevel: 34, appium:deviceManufacturer: samsung, appium:deviceModel: SM-A135F, appium:deviceName: RZ8TA0PDHLX, appium:deviceScreenDensity: 450, appium:deviceScreenSize: 1080x2408, appium:deviceUDID: RZ8TA0PDHLX, appium:javascriptEnabled: true, appium:locationContextEnabled: false, appium:networkConnectionEnabled: true, appium:newCommandTimeout: 120, appium:pixelRatio: 2.8125, appium:platformVersion: 14, appium:statBarHeight: 70, appium:takesScreenshot: true, appium:viewportRect: {height: 2338, left: 0, top: 70, width: 1080}, appium:warnings: {}, appium:webStorageEnabled: false, platformName: ANDROID}
Session ID: 7c256dab-b22b-4327-b368-3c841a7b6e3b">
      <![CDATA[org.openqa.selenium.TimeoutException: Expected condition failed: waiting for visibility of element located by By.xpath: //android.widget.EditText (tried for 30 second(s) with 500 milliseconds interval)
Build info: version: '4.13.0', revision: 'ba948ece5b*'
System info: os.name: 'Windows 11', os.arch: 'amd64', os.version: '10.0', java.version: '23.0.2'
Driver info: io.appium.java_client.android.AndroidDriver
Capabilities {appium:app: C:\Users\User\eclipse-works..., appium:appActivity: com.woloo.smarthygiene.Main..., appium:appPackage: com.woloo.smarthygiene, appium:autoGrantPermissions: true, appium:automationName: UiAutomator2, appium:databaseEnabled: false, appium:desired: {app: C:\Users\User\eclipse-works..., appActivity: com.woloo.smarthygiene.Main..., appPackage: com.woloo.smarthygiene, autoGrantPermissions: true, automationName: UiAutomator2, deviceName: Galaxy A13, newCommandTimeout: 120, platformName: ANDROID, platformVersion: 14.0}, appium:deviceApiLevel: 34, appium:deviceManufacturer: samsung, appium:deviceModel: SM-A135F, appium:deviceName: RZ8TA0PDHLX, appium:deviceScreenDensity: 450, appium:deviceScreenSize: 1080x2408, appium:deviceUDID: RZ8TA0PDHLX, appium:javascriptEnabled: true, appium:locationContextEnabled: false, appium:networkConnectionEnabled: true, appium:newCommandTimeout: 120, appium:pixelRatio: 2.8125, appium:platformVersion: 14, appium:statBarHeight: 70, appium:takesScreenshot: true, appium:viewportRect: {height: 2338, left: 0, top: 70, width: 1080}, appium:warnings: {}, appium:webStorageEnabled: false, platformName: ANDROID}
Session ID: 7c256dab-b22b-4327-b368-3c841a7b6e3b
at org.openqa.selenium.support.ui.WebDriverWait.timeoutException(WebDriverWait.java:84)
at org.openqa.selenium.support.ui.FluentWait.until(FluentWait.java:230)
at supervisorLoginRepo.SupervisorLoginPage.login(SupervisorLoginPage.java:73)
at supervisorDashboardRepo.SupervisorDashboardPage.supervisorLoginValidation(SupervisorDashboardPage.java:189)
at supervisorDashboardRepo.SupervisorDashboardPage.supervisorLogin(SupervisorDashboardPage.java:226)
at TaskMasterFlowTest.AssignSingleTaskToDifferentTimeTest.Tc02_pendingTaskValidationTest(AssignSingleTaskToDifferentTimeTest.java:103)
at java.base/java.util.ArrayList.forEach(ArrayList.java:1597)
... Removed 25 stack frames]]>
    </failure>
  </testcase> <!-- Tc02_pendingTaskValidationTest -->
  <testcase classname="TaskMasterFlowTest.AssignSingleTaskToDifferentTimeTest" name="Tc04_validateBuddyPendingTaskTest" time="0.0">
    <ignored/>
  </testcase> <!-- Tc04_validateBuddyPendingTaskTest -->
  <testcase classname="TaskMasterFlowTest.AssignSingleTaskToDifferentTimeTest" name="Tc03_taskbuddyPendingTaskUpdatedInSupervisors_JanitorsDetailsScreenTest" time="0.0">
    <ignored/>
  </testcase> <!-- Tc03_taskbuddyPendingTaskUpdatedInSupervisors_JanitorsDetailsScreenTest -->
</testsuite> <!-- TaskMasterFlowTest_AssignSingleTaskToDifferentTimeTest -->
