<?xml version="1.0" encoding="UTF-8"?>
<!-- Generated by org.testng.reporters.JUnitXMLReporter -->
<testsuite ignored="5" hostname="TYSS-Dilip-Chakkarabani" failures="0" tests="0" time="0.013" errors="0" timestamp="2025-10-27T18:36:57 IST">
  <testcase classname="TaskMasterFlowTest.AddNewTaskbuddyAllFlowTest" name="Tc03_addNewTaskbuddy_MultipleTask_differentTaskTimeTest" time="0.0">
    <ignored/>
  </testcase> <!-- Tc03_addNewTaskbuddy_MultipleTask_differentTaskTimeTest -->
  <testcase classname="TaskMasterFlowTest.AddNewTaskbuddyAllFlowTest" name="Tc04_addNewTaskbuddyTaskDeletionFlowTest" time="0.0">
    <ignored/>
  </testcase> <!-- Tc04_addNewTaskbuddyTaskDeletionFlowTest -->
  <testcase classname="TaskMasterFlowTest.AddNewTaskbuddyAllFlowTest" name="Tc01_addNewTaskbuddyForClassicFacilityTest" time="0.0">
    <ignored/>
  </testcase> <!-- Tc01_addNewTaskbuddyForClassicFacilityTest -->
  <testcase classname="TaskMasterFlowTest.AddNewTaskbuddyAllFlowTest" name="Tc05_addNewTaskbuddyFlow_ExistingTaskbuddyMobileNoValidationTest" time="0.0">
    <ignored/>
  </testcase> <!-- Tc05_addNewTaskbuddyFlow_ExistingTaskbuddyMobileNoValidationTest -->
  <testcase classname="TaskMasterFlowTest.AddNewTaskbuddyAllFlowTest" name="Tc02_addNewTaskbuddy_SingleTask_MultipleTaskTimeTest" time="0.0">
    <ignored/>
  </testcase> <!-- Tc02_addNewTaskbuddy_SingleTask_MultipleTaskTimeTest -->
</testsuite>
