<?xml version="1.0" encoding="UTF-8"?>
<!-- Generated by org.testng.reporters.JUnitXMLReporter -->
<testsuite ignored="0" hostname="TYSS-Dilip-Chakkarabani" failures="0" tests="5" name="TaskMasterFlowTest_AddNewTaskbuddyAllFlowTest" time="1120.488" errors="0" timestamp="2025-10-27T19:05:26 IST">
  <testcase classname="TaskMasterFlowTest.AddNewTaskbuddyAllFlowTest" name="Tc01_addNewTaskbuddyForClassicFacilityTest" time="168.136"/>
  <testcase classname="TaskMasterFlowTest.AddNewTaskbuddyAllFlowTest" name="Tc02_addNewTaskbuddy_SingleTask_MultipleTaskTimeTest" time="209.278"/>
  <testcase classname="TaskMasterFlowTest.AddNewTaskbuddyAllFlowTest" name="Tc03_addNewTaskbuddy_MultipleTask_differentTaskTimeTest" time="227.981"/>
  <testcase classname="TaskMasterFlowTest.AddNewTaskbuddyAllFlowTest" name="Tc04_addNewTaskbuddyTaskDeletionFlowTest" time="274.679"/>
  <testcase classname="TaskMasterFlowTest.AddNewTaskbuddyAllFlowTest" name="Tc05_addNewTaskbuddyFlow_ExistingTaskbuddyMobileNoValidationTest" time="188.983"/>
</testsuite> <!-- TaskMasterFlowTest_AddNewTaskbuddyAllFlowTest -->
