<?xml version="1.0" encoding="UTF-8"?>
<!-- Generated by org.testng.reporters.JUnitXMLReporter -->
<testsuite ignored="1" hostname="TYSS-Dilip-Chakkarabani" failures="1" tests="4" name="TaskMasterFlowTest_NewUserTaskmasterTest" time="1316.117" errors="0" timestamp="2025-11-27T21:48:47 IST">
  <testcase classname="TaskMasterFlowTest.NewUserTaskMasterAccountCreationAllFlowTest" name="Tc01_newUserLogin_AssignSingleTaskTest" time="301.186">
    <failure type="java.lang.AssertionError" message="Not a valid woloo points expected [true] but found [false]">
      <![CDATA[java.lang.AssertionError: Not a valid woloo points expected [true] but found [false]
at adminDashboardRepo.AdminProfilePage.validateWolooPoints(AdminProfilePage.java:100)
at TaskMasterFlowTest.NewUserTaskMasterAccountCreationAllFlowTest.Tc01_newUserLogin_AssignSingleTaskTest(NewUserTaskMasterAccountCreationAllFlowTest.java:71)
at java.base/java.util.ArrayList.forEach(ArrayList.java:1597)
... Removed 29 stack frames]]>
    </failure>
  </testcase> <!-- Tc01_newUserLogin_AssignSingleTaskTest -->
  <testcase classname="TaskMasterFlowTest.NewUserTaskMasterAccountCreationAllFlowTest" name="Tc03_newUserLogin_AssignMultipleTask_differentTimeTest" time="284.886"/>
  <testcase classname="TaskMasterFlowTest.NewUserTaskMasterAccountCreationAllFlowTest" name="Tc04_newUserLogin_AssignSingleTask_Delete_AssignTest" time="278.847"/>
  <testcase classname="TaskMasterFlowTest.NewUserTaskMasterAccountCreationAllFlowTest" name="Tc05_newUserLogin_ExistingTaskbuddyMobileNoValidationTest" time="233.112"/>
  <testcase classname="TaskMasterFlowTest.NewUserTaskMasterAccountCreationAllFlowTest" name="Tc02_newUserLogin_AssignSingleTask_differentTimeTest" time="0.0">
    <ignored/>
  </testcase> <!-- Tc02_newUserLogin_AssignSingleTask_differentTimeTest -->
</testsuite> <!-- TaskMasterFlowTest_NewUserTaskmasterTest -->
