<?xml version="1.0" encoding="UTF-8"?>
<!-- Generated by org.testng.reporters.JUnitXMLReporter -->
<testsuite ignored="2" hostname="TYSS-Dilip-Chakkarabani" failures="1" tests="4" name="TrialUserPurchaseClassicSubscriptionTest" time="503.389" errors="0" timestamp="2025-11-16T20:51:01 IST">
  <testcase classname="TaskMasterFlowTest.NewUserPurchaseClassicSubscriptionThroughRenewItLinkTest" name="Tc01_newUserTrytoPurchasingNewFacilityTest" time="77.246"/>
  <testcase classname="TaskMasterFlowTest.NewUserPurchaseClassicSubscriptionThroughRenewItLinkTest" name="Tc02_newUser_Tap_RenewItLink_Purchasing_ClassicSubscriptionTest" time="119.543">
    <failure type="org.openqa.selenium.StaleElementReferenceException" message="The element &amp;apos;By.xpath: //android.widget.ImageView&amp;apos; is not linked to the same object in DOM anymore
For documentation on this error, please visit: https://www.selenium.dev/documentation/webdriver/troubleshooting/errors#stale-element-reference-exception
Build info: version: &amp;apos;4.13.0&amp;apos;, revision: &amp;apos;ba948ece5b*&amp;apos;
System info: os.name: &amp;apos;Windows 11&amp;apos;, os.arch: &amp;apos;amd64&amp;apos;, os.version: &amp;apos;10.0&amp;apos;, java.version: &amp;apos;23.0.2&amp;apos;
Driver info: io.appium.java_client.android.AndroidDriver
Command: [8b1bf29d-ed43-4331-8928-ea97c0062cc1, isElementDisplayed {id=00000000-0000-021f-0000-00e400000003}]
Capabilities {appium:app: C:\Users\User\eclipse-works..., appium:appActivity: com.woloo.smarthygiene.Main..., appium:appPackage: com.woloo.smarthygiene, appium:autoGrantPermissions: true, appium:automationName: UiAutomator2, appium:databaseEnabled: false, appium:desired: {app: C:\Users\User\eclipse-works..., appActivity: com.woloo.smarthygiene.Main..., appPackage: com.woloo.smarthygiene, autoGrantPermissions: true, automationName: UiAutomator2, deviceName: Galaxy A13, newCommandTimeout: 120, noReset: false, platformName: ANDROID, platformVersion: 14.0}, appium:deviceApiLevel: 34, appium:deviceManufacturer: samsung, appium:deviceModel: SM-A135F, appium:deviceName: RZ8TA0PDHLX, appium:deviceScreenDensity: 450, appium:deviceScreenSize: 1080x2408, appium:deviceUDID: RZ8TA0PDHLX, appium:javascriptEnabled: true, appium:locationContextEnabled: false, appium:networkConnectionEnabled: true, appium:newCommandTimeout: 120, appium:noReset: false, appium:pixelRatio: 2.8125, appium:platformVersion: 14, appium:statBarHeight: 70, appium:takesScreenshot: true, appium:viewportRect: {height: 2338, left: 0, top: 70, width: 1080}, appium:warnings: {}, appium:webStorageEnabled: false, platformName: ANDROID}
Element: [[AndroidDriver:  on ANDROID (8b1bf29d-ed43-4331-8928-ea97c0062cc1)] -&amp;gt; xpath: //android.widget.ImageView]
Session ID: 8b1bf29d-ed43-4331-8928-ea97c0062cc1">
      <![CDATA[org.openqa.selenium.StaleElementReferenceException: The element 'By.xpath: //android.widget.ImageView' is not linked to the same object in DOM anymore
For documentation on this error, please visit: https://www.selenium.dev/documentation/webdriver/troubleshooting/errors#stale-element-reference-exception
Build info: version: '4.13.0', revision: 'ba948ece5b*'
System info: os.name: 'Windows 11', os.arch: 'amd64', os.version: '10.0', java.version: '23.0.2'
Driver info: io.appium.java_client.android.AndroidDriver
Command: [8b1bf29d-ed43-4331-8928-ea97c0062cc1, isElementDisplayed {id=00000000-0000-021f-0000-00e400000003}]
Capabilities {appium:app: C:\Users\User\eclipse-works..., appium:appActivity: com.woloo.smarthygiene.Main..., appium:appPackage: com.woloo.smarthygiene, appium:autoGrantPermissions: true, appium:automationName: UiAutomator2, appium:databaseEnabled: false, appium:desired: {app: C:\Users\User\eclipse-works..., appActivity: com.woloo.smarthygiene.Main..., appPackage: com.woloo.smarthygiene, autoGrantPermissions: true, automationName: UiAutomator2, deviceName: Galaxy A13, newCommandTimeout: 120, noReset: false, platformName: ANDROID, platformVersion: 14.0}, appium:deviceApiLevel: 34, appium:deviceManufacturer: samsung, appium:deviceModel: SM-A135F, appium:deviceName: RZ8TA0PDHLX, appium:deviceScreenDensity: 450, appium:deviceScreenSize: 1080x2408, appium:deviceUDID: RZ8TA0PDHLX, appium:javascriptEnabled: true, appium:locationContextEnabled: false, appium:networkConnectionEnabled: true, appium:newCommandTimeout: 120, appium:noReset: false, appium:pixelRatio: 2.8125, appium:platformVersion: 14, appium:statBarHeight: 70, appium:takesScreenshot: true, appium:viewportRect: {height: 2338, left: 0, top: 70, width: 1080}, appium:warnings: {}, appium:webStorageEnabled: false, platformName: ANDROID}
Element: [[AndroidDriver:  on ANDROID (8b1bf29d-ed43-4331-8928-ea97c0062cc1)] -> xpath: //android.widget.ImageView]
Session ID: 8b1bf29d-ed43-4331-8928-ea97c0062cc1
at org.openqa.selenium.remote.codec.w3c.W3CHttpResponseCodec.createException(W3CHttpResponseCodec.java:200)
at org.openqa.selenium.remote.codec.w3c.W3CHttpResponseCodec.decode(W3CHttpResponseCodec.java:133)
at org.openqa.selenium.remote.codec.w3c.W3CHttpResponseCodec.decode(W3CHttpResponseCodec.java:52)
at org.openqa.selenium.remote.HttpCommandExecutor.execute(HttpCommandExecutor.java:191)
at io.appium.java_client.remote.AppiumCommandExecutor.execute(AppiumCommandExecutor.java:250)
at org.openqa.selenium.remote.RemoteWebDriver.execute(RemoteWebDriver.java:602)
at org.openqa.selenium.remote.RemoteWebElement.execute(RemoteWebElement.java:224)
at org.openqa.selenium.remote.RemoteWebElement.isDisplayed(RemoteWebElement.java:283)
at io.appium.java_client.pagefactory.ElementInterceptor.getObject(ElementInterceptor.java:42)
at io.appium.java_client.pagefactory.interceptors.InterceptorOfASingleElement.call(InterceptorOfASingleElement.java:65)
at io.appium.java_client.proxy.Interceptor.intercept(Interceptor.java:78)
at org.openqa.selenium.remote.RemoteWebElement$ByteBuddy$zur7BY37.isDisplayed(Unknown Source)
at org.openqa.selenium.support.ui.ExpectedConditions.elementIfVisible(ExpectedConditions.java:304)
at org.openqa.selenium.support.ui.ExpectedConditions.access$000(ExpectedConditions.java:37)
at org.openqa.selenium.support.ui.ExpectedConditions$10.apply(ExpectedConditions.java:290)
at org.openqa.selenium.support.ui.ExpectedConditions$10.apply(ExpectedConditions.java:287)
at org.openqa.selenium.support.ui.FluentWait.until(FluentWait.java:205)
at razorpayPaymentRepo.PaymentConfirmationPage.confirmationUIValidation(PaymentConfirmationPage.java:77)
at TaskMasterFlowTest.NewUserPurchaseClassicSubscriptionThroughRenewItLinkTest.Tc02_newUser_Tap_RenewItLink_Purchasing_ClassicSubscriptionTest(NewUserPurchaseClassicSubscriptionThroughRenewItLinkTest.java:64)
at java.base/java.util.ArrayList.forEach(ArrayList.java:1597)
... Removed 31 stack frames]]>
    </failure>
  </testcase> <!-- Tc02_newUser_Tap_RenewItLink_Purchasing_ClassicSubscriptionTest -->
  <testcase classname="TaskMasterFlowTest.NewUserPurchasePremiumSubscriptionThrough_RenewItLinkTest" name="Tc01_newUserTrytoPurchasingNewFacilityTest" time="76.72"/>
  <testcase classname="TaskMasterFlowTest.NewUserPurchasePremiumSubscriptionThrough_RenewItLinkTest" name="Tc02_newUser_Tap_RenewItLink_Purchasing_PremiumSubscriptionTest" time="162.587"/>
  <testcase classname="Utilities.BaseClass" name="@BeforeSuite loadConfig" time="0.0">
    <ignored/>
  </testcase> <!-- @BeforeSuite loadConfig -->
  <testcase classname="Utilities.BaseClass" name="@AfterSuite stopServer" time="0.0">
    <ignored/>
  </testcase> <!-- @AfterSuite stopServer -->
</testsuite> <!-- TrialUserPurchaseClassicSubscriptionTest -->
