<?xml version="1.0" encoding="UTF-8"?>
<!-- Generated by org.testng.reporters.JUnitXMLReporter -->
<testsuite ignored="0" hostname="TYSS-Dilip-Chakkarabani" failures="0" tests="5" name="AddNewTaskBuddyTest" time="1364.153" errors="0" timestamp="2025-11-16T20:27:43 IST">
  <testcase classname="TaskMasterFlowTest.AddNewTaskbuddyAllFlowTest" name="Tc01_addNewTaskbuddyForClassicFacilityTest" time="271.538"/>
  <testcase classname="TaskMasterFlowTest.AddNewTaskbuddyAllFlowTest" name="Tc02_addNewTaskbuddy_SingleTask_MultipleTaskTimeTest" time="277.154"/>
  <testcase classname="TaskMasterFlowTest.AddNewTaskbuddyAllFlowTest" name="Tc03_addNewTaskbuddy_MultipleTask_differentTaskTimeTest" time="273.16"/>
  <testcase classname="TaskMasterFlowTest.AddNewTaskbuddyAllFlowTest" name="Tc04_addNewTaskbuddyTaskDeletionFlowTest" time="254.165"/>
  <testcase classname="TaskMasterFlowTest.AddNewTaskbuddyAllFlowTest" name="Tc05_addNewTaskbuddyFlow_ExistingTaskbuddyMobileNoValidationTest" time="236.848"/>
</testsuite> <!-- AddNewTaskBuddyTest -->
