<?xml version="1.0" encoding="UTF-8"?>
<!-- Generated by org.testng.reporters.JUnitXMLReporter -->
<testsuite ignored="8" hostname="TYSS-Dilip-Chakkarabani" failures="6" tests="28" name="TaskMasterFlowTest_AdminTaskDeletionScenarioTest" time="899.894" errors="0" timestamp="2025-11-05T19:42:51 IST">
  <testcase classname="TaskMasterFlowTest.NewUserPurchaseClassicSubscriptionThroughRenewItLinkTest" name="Tc01_newUserTrytoPurchasingNewFacilityTest" time="70.37">
    <failure type="org.openqa.selenium.TimeoutException" message="Expected condition failed: waiting for visibility of Located by By.chained({AppiumBy.accessibilityId: Add a New Facility}) (tried for 30 second(s) with 500 milliseconds interval)">
      <![CDATA[org.openqa.selenium.TimeoutException: Expected condition failed: waiting for visibility of Located by By.chained({AppiumBy.accessibilityId: Add a New Facility}) (tried for 30 second(s) with 500 milliseconds interval)
at org.openqa.selenium.support.ui.WebDriverWait.timeoutException(WebDriverWait.java:84)
at org.openqa.selenium.support.ui.FluentWait.until(FluentWait.java:230)
at adminDashboardRepo.AddNewFacilityPage.addNewFacilityUIValidation(AddNewFacilityPage.java:75)
at TaskMasterFlowTest.NewUserPurchaseClassicSubscriptionThroughRenewItLinkTest.Tc01_newUserTrytoPurchasingNewFacilityTest(NewUserPurchaseClassicSubscriptionThroughRenewItLinkTest.java:37)
at java.base/java.util.ArrayList.forEach(ArrayList.java:1597)
Caused by: org.openqa.selenium.NoSuchElementException: Can't locate an element by this strategy: By.chained({AppiumBy.accessibilityId: Add a New Facility})
at io.appium.java_client.pagefactory.AppiumElementLocator.findElement(AppiumElementLocator.java:166)
at io.appium.java_client.pagefactory.interceptors.InterceptorOfASingleElement.call(InterceptorOfASingleElement.java:64)
at io.appium.java_client.proxy.Interceptor.intercept(Interceptor.java:78)
at org.openqa.selenium.remote.RemoteWebElement$ByteBuddy$TINLWV4x.isDisplayed(Unknown Source)
at org.openqa.selenium.support.ui.ExpectedConditions.elementIfVisible(ExpectedConditions.java:304)
at org.openqa.selenium.support.ui.ExpectedConditions.access$000(ExpectedConditions.java:37)
at org.openqa.selenium.support.ui.ExpectedConditions$10.apply(ExpectedConditions.java:290)
at org.openqa.selenium.support.ui.ExpectedConditions$10.apply(ExpectedConditions.java:287)
at org.openqa.selenium.support.ui.FluentWait.until(FluentWait.java:205)
... 29 more
Caused by: org.openqa.selenium.TimeoutException: Expected condition failed: waiting for io.appium.java_client.pagefactory.AppiumElementLocator$WaitingFunction@3b24c23c (tried for 1 second(s) with 500 milliseconds interval)
at org.openqa.selenium.support.ui.FluentWait.timeoutException(FluentWait.java:262)
at org.openqa.selenium.support.ui.FluentWait.until(FluentWait.java:230)
at io.appium.java_client.pagefactory.AppiumElementLocator.waitFor(AppiumElementLocator.java:135)
at io.appium.java_client.pagefactory.AppiumElementLocator.findElement(AppiumElementLocator.java:160)
... 37 more
Caused by: org.openqa.selenium.NoSuchElementException: Cannot locate an element using By.chained({AppiumBy.accessibilityId: Add a New Facility})
For documentation on this error, please visit: https://www.selenium.dev/documentation/webdriver/troubleshooting/errors#no-such-element-exception
Build info: version: '4.13.0', revision: 'ba948ece5b*'
System info: os.name: 'Windows 11', os.arch: 'amd64', os.version: '10.0', java.version: '23.0.2'
Driver info: driver.version: RemoteWebDriver
at io.appium.java_client.pagefactory.bys.builder.ByChained.findElement(ByChained.java:77)
at org.openqa.selenium.remote.ElementLocation$ElementFinder$1.findElement(ElementLocation.java:139)
at org.openqa.selenium.remote.ElementLocation.findElement(ElementLocation.java:59)
at org.openqa.selenium.remote.RemoteWebDriver.findElement(RemoteWebDriver.java:359)
at org.openqa.selenium.remote.RemoteWebDriver.findElement(RemoteWebDriver.java:353)
at io.appium.java_client.pagefactory.bys.ContentMappedBy.findElement(ContentMappedBy.java:53)
at org.openqa.selenium.remote.ElementLocation$ElementFinder$1.findElement(ElementLocation.java:139)
at org.openqa.selenium.remote.ElementLocation.findElement(ElementLocation.java:59)
at org.openqa.selenium.remote.RemoteWebDriver.findElement(RemoteWebDriver.java:359)
at org.openqa.selenium.remote.RemoteWebDriver.findElement(RemoteWebDriver.java:353)
at io.appium.java_client.pagefactory.AppiumElementLocator.lambda$findElement$1(AppiumElementLocator.java:160)
at io.appium.java_client.pagefactory.AppiumElementLocator$WaitingFunction.apply(AppiumElementLocator.java:217)
at io.appium.java_client.pagefactory.AppiumElementLocator$WaitingFunction.apply(AppiumElementLocator.java:210)
at org.openqa.selenium.support.ui.FluentWait.until(FluentWait.java:205)
... 39 more
... Removed 26 stack frames]]>
    </failure>
  </testcase> <!-- Tc01_newUserTrytoPurchasingNewFacilityTest -->
  <testcase classname="TaskMasterFlowTest.NewUserPurchaseClassicSubscriptionThroughRenewItLinkTest" name="Tc02_newUser_Tap_RenewItLink_Purchasing_ClassicSubscriptionTest" time="30.369">
    <failure type="org.openqa.selenium.TimeoutException" message="Expected condition failed: waiting for element to be clickable: Located by By.chained({By.xpath: //android.widget.EditText}) (tried for 30 second(s) with 500 milliseconds interval)">
      <![CDATA[org.openqa.selenium.TimeoutException: Expected condition failed: waiting for element to be clickable: Located by By.chained({By.xpath: //android.widget.EditText}) (tried for 30 second(s) with 500 milliseconds interval)
at org.openqa.selenium.support.ui.WebDriverWait.timeoutException(WebDriverWait.java:84)
at org.openqa.selenium.support.ui.FluentWait.until(FluentWait.java:230)
at appWelcomeRepo.LoginPage.login(LoginPage.java:98)
at adminDashboardRepo.AdminDashboardPage.adminLogin(AdminDashboardPage.java:394)
at TaskMasterFlowTest.NewUserPurchaseClassicSubscriptionThroughRenewItLinkTest.Tc02_newUser_Tap_RenewItLink_Purchasing_ClassicSubscriptionTest(NewUserPurchaseClassicSubscriptionThroughRenewItLinkTest.java:65)
at java.base/java.util.ArrayList.forEach(ArrayList.java:1597)
Caused by: org.openqa.selenium.NoSuchElementException: Can't locate an element by this strategy: By.chained({By.xpath: //android.widget.EditText})
at io.appium.java_client.pagefactory.AppiumElementLocator.findElement(AppiumElementLocator.java:166)
at io.appium.java_client.pagefactory.interceptors.InterceptorOfASingleElement.call(InterceptorOfASingleElement.java:64)
at io.appium.java_client.proxy.Interceptor.intercept(Interceptor.java:78)
at org.openqa.selenium.remote.RemoteWebElement$ByteBuddy$oSogV0YI.isDisplayed(Unknown Source)
at org.openqa.selenium.support.ui.ExpectedConditions.elementIfVisible(ExpectedConditions.java:304)
at org.openqa.selenium.support.ui.ExpectedConditions.access$000(ExpectedConditions.java:37)
at org.openqa.selenium.support.ui.ExpectedConditions$10.apply(ExpectedConditions.java:290)
at org.openqa.selenium.support.ui.ExpectedConditions$10.apply(ExpectedConditions.java:287)
at org.openqa.selenium.support.ui.ExpectedConditions$23.apply(ExpectedConditions.java:656)
at org.openqa.selenium.support.ui.ExpectedConditions$23.apply(ExpectedConditions.java:652)
at org.openqa.selenium.support.ui.FluentWait.until(FluentWait.java:205)
... 30 more
Caused by: org.openqa.selenium.TimeoutException: Expected condition failed: waiting for io.appium.java_client.pagefactory.AppiumElementLocator$WaitingFunction@2d642ce3 (tried for 1 second(s) with 500 milliseconds interval)
at org.openqa.selenium.support.ui.FluentWait.timeoutException(FluentWait.java:262)
at org.openqa.selenium.support.ui.FluentWait.until(FluentWait.java:230)
at io.appium.java_client.pagefactory.AppiumElementLocator.waitFor(AppiumElementLocator.java:135)
at io.appium.java_client.pagefactory.AppiumElementLocator.findElement(AppiumElementLocator.java:160)
... 40 more
Caused by: org.openqa.selenium.NoSuchElementException: Cannot locate an element using By.chained({By.xpath: //android.widget.EditText})
For documentation on this error, please visit: https://www.selenium.dev/documentation/webdriver/troubleshooting/errors#no-such-element-exception
Build info: version: '4.13.0', revision: 'ba948ece5b*'
System info: os.name: 'Windows 11', os.arch: 'amd64', os.version: '10.0', java.version: '23.0.2'
Driver info: driver.version: RemoteWebDriver
at io.appium.java_client.pagefactory.bys.builder.ByChained.findElement(ByChained.java:77)
at org.openqa.selenium.remote.ElementLocation$ElementFinder$1.findElement(ElementLocation.java:139)
at org.openqa.selenium.remote.ElementLocation.findElement(ElementLocation.java:59)
at org.openqa.selenium.remote.RemoteWebDriver.findElement(RemoteWebDriver.java:359)
at org.openqa.selenium.remote.RemoteWebDriver.findElement(RemoteWebDriver.java:353)
at io.appium.java_client.pagefactory.bys.ContentMappedBy.findElement(ContentMappedBy.java:53)
at org.openqa.selenium.remote.ElementLocation$ElementFinder$1.findElement(ElementLocation.java:139)
at org.openqa.selenium.remote.ElementLocation.findElement(ElementLocation.java:59)
at org.openqa.selenium.remote.RemoteWebDriver.findElement(RemoteWebDriver.java:359)
at org.openqa.selenium.remote.RemoteWebDriver.findElement(RemoteWebDriver.java:353)
at io.appium.java_client.pagefactory.AppiumElementLocator.lambda$findElement$1(AppiumElementLocator.java:160)
at io.appium.java_client.pagefactory.AppiumElementLocator$WaitingFunction.apply(AppiumElementLocator.java:217)
at io.appium.java_client.pagefactory.AppiumElementLocator$WaitingFunction.apply(AppiumElementLocator.java:210)
at org.openqa.selenium.support.ui.FluentWait.until(FluentWait.java:205)
... 42 more
... Removed 26 stack frames]]>
    </failure>
  </testcase> <!-- Tc02_newUser_Tap_RenewItLink_Purchasing_ClassicSubscriptionTest -->
  <testcase classname="TaskMasterFlowTest.NewUserPurchasePremiumSubscriptionThrough_RenewItLinkTest" name="Tc02_newUserTrytoPurchasingNewFacilityTest" time="55.826"/>
  <testcase classname="TaskMasterFlowTest.NewUserPurchasePremiumSubscriptionThrough_RenewItLinkTest" name="Tc03_newUser_Tap_RenewItLink_Purchasing_PremiumSubscriptionTest" time="133.621"/>
  <testcase classname="TaskMasterFlowTest.AddNewFacilityTest" name="TC01_addNew_ClassicFacilityTest" time="78.866">
    <failure type="org.openqa.selenium.TimeoutException" message="Expected condition failed: waiting for visibility of Located by By.chained({AppiumBy.accessibilityId:  Upgrade your Tasq master service}) (tried for 30 second(s) with 500 milliseconds interval)">
      <![CDATA[org.openqa.selenium.TimeoutException: Expected condition failed: waiting for visibility of Located by By.chained({AppiumBy.accessibilityId:  Upgrade your Tasq master service}) (tried for 30 second(s) with 500 milliseconds interval)
at org.openqa.selenium.support.ui.WebDriverWait.timeoutException(WebDriverWait.java:84)
at org.openqa.selenium.support.ui.FluentWait.until(FluentWait.java:230)
at adminDashboardRepo.PaynowPage.paynowScreenUIValidation(PaynowPage.java:69)
at TaskMasterFlowTest.AddNewFacilityTest.TC01_addNew_ClassicFacilityTest(AddNewFacilityTest.java:61)
at java.base/java.util.ArrayList.forEach(ArrayList.java:1597)
Caused by: org.openqa.selenium.NoSuchElementException: Can't locate an element by this strategy: By.chained({AppiumBy.accessibilityId:  Upgrade your Tasq master service})
at io.appium.java_client.pagefactory.AppiumElementLocator.findElement(AppiumElementLocator.java:166)
at io.appium.java_client.pagefactory.interceptors.InterceptorOfASingleElement.call(InterceptorOfASingleElement.java:64)
at io.appium.java_client.proxy.Interceptor.intercept(Interceptor.java:78)
at org.openqa.selenium.remote.RemoteWebElement$ByteBuddy$XNAqqUea.isDisplayed(Unknown Source)
at org.openqa.selenium.support.ui.ExpectedConditions.elementIfVisible(ExpectedConditions.java:304)
at org.openqa.selenium.support.ui.ExpectedConditions.access$000(ExpectedConditions.java:37)
at org.openqa.selenium.support.ui.ExpectedConditions$10.apply(ExpectedConditions.java:290)
at org.openqa.selenium.support.ui.ExpectedConditions$10.apply(ExpectedConditions.java:287)
at org.openqa.selenium.support.ui.FluentWait.until(FluentWait.java:205)
... 29 more
Caused by: org.openqa.selenium.TimeoutException: Expected condition failed: waiting for io.appium.java_client.pagefactory.AppiumElementLocator$WaitingFunction@2e8d49b8 (tried for 1 second(s) with 500 milliseconds interval)
at org.openqa.selenium.support.ui.FluentWait.timeoutException(FluentWait.java:262)
at org.openqa.selenium.support.ui.FluentWait.until(FluentWait.java:230)
at io.appium.java_client.pagefactory.AppiumElementLocator.waitFor(AppiumElementLocator.java:135)
at io.appium.java_client.pagefactory.AppiumElementLocator.findElement(AppiumElementLocator.java:160)
... 37 more
Caused by: org.openqa.selenium.NoSuchElementException: Cannot locate an element using By.chained({AppiumBy.accessibilityId:  Upgrade your Tasq master service})
For documentation on this error, please visit: https://www.selenium.dev/documentation/webdriver/troubleshooting/errors#no-such-element-exception
Build info: version: '4.13.0', revision: 'ba948ece5b*'
System info: os.name: 'Windows 11', os.arch: 'amd64', os.version: '10.0', java.version: '23.0.2'
Driver info: driver.version: RemoteWebDriver
at io.appium.java_client.pagefactory.bys.builder.ByChained.findElement(ByChained.java:77)
at org.openqa.selenium.remote.ElementLocation$ElementFinder$1.findElement(ElementLocation.java:139)
at org.openqa.selenium.remote.ElementLocation.findElement(ElementLocation.java:59)
at org.openqa.selenium.remote.RemoteWebDriver.findElement(RemoteWebDriver.java:359)
at org.openqa.selenium.remote.RemoteWebDriver.findElement(RemoteWebDriver.java:353)
at io.appium.java_client.pagefactory.bys.ContentMappedBy.findElement(ContentMappedBy.java:53)
at org.openqa.selenium.remote.ElementLocation$ElementFinder$1.findElement(ElementLocation.java:139)
at org.openqa.selenium.remote.ElementLocation.findElement(ElementLocation.java:59)
at org.openqa.selenium.remote.RemoteWebDriver.findElement(RemoteWebDriver.java:359)
at org.openqa.selenium.remote.RemoteWebDriver.findElement(RemoteWebDriver.java:353)
at io.appium.java_client.pagefactory.AppiumElementLocator.lambda$findElement$1(AppiumElementLocator.java:160)
at io.appium.java_client.pagefactory.AppiumElementLocator$WaitingFunction.apply(AppiumElementLocator.java:217)
at io.appium.java_client.pagefactory.AppiumElementLocator$WaitingFunction.apply(AppiumElementLocator.java:210)
at org.openqa.selenium.support.ui.FluentWait.until(FluentWait.java:205)
... 39 more
... Removed 26 stack frames]]>
    </failure>
  </testcase> <!-- TC01_addNew_ClassicFacilityTest -->
  <testcase classname="TaskMasterFlowTest.AddNewFacilityTest" name="TC02_addNew_PremiumFacilityTest" time="30.352">
    <failure type="org.openqa.selenium.TimeoutException" message="Expected condition failed: waiting for element to be clickable: Located by By.chained({By.xpath: //android.widget.EditText}) (tried for 30 second(s) with 500 milliseconds interval)">
      <![CDATA[org.openqa.selenium.TimeoutException: Expected condition failed: waiting for element to be clickable: Located by By.chained({By.xpath: //android.widget.EditText}) (tried for 30 second(s) with 500 milliseconds interval)
at org.openqa.selenium.support.ui.WebDriverWait.timeoutException(WebDriverWait.java:84)
at org.openqa.selenium.support.ui.FluentWait.until(FluentWait.java:230)
at appWelcomeRepo.LoginPage.login(LoginPage.java:98)
at adminDashboardRepo.AdminDashboardPage.adminLogin(AdminDashboardPage.java:394)
at TaskMasterFlowTest.AddNewFacilityTest.TC02_addNew_PremiumFacilityTest(AddNewFacilityTest.java:132)
at java.base/java.util.ArrayList.forEach(ArrayList.java:1597)
Caused by: org.openqa.selenium.NoSuchElementException: Can't locate an element by this strategy: By.chained({By.xpath: //android.widget.EditText})
at io.appium.java_client.pagefactory.AppiumElementLocator.findElement(AppiumElementLocator.java:166)
at io.appium.java_client.pagefactory.interceptors.InterceptorOfASingleElement.call(InterceptorOfASingleElement.java:64)
at io.appium.java_client.proxy.Interceptor.intercept(Interceptor.java:78)
at org.openqa.selenium.remote.RemoteWebElement$ByteBuddy$O2EaPMA0.isDisplayed(Unknown Source)
at org.openqa.selenium.support.ui.ExpectedConditions.elementIfVisible(ExpectedConditions.java:304)
at org.openqa.selenium.support.ui.ExpectedConditions.access$000(ExpectedConditions.java:37)
at org.openqa.selenium.support.ui.ExpectedConditions$10.apply(ExpectedConditions.java:290)
at org.openqa.selenium.support.ui.ExpectedConditions$10.apply(ExpectedConditions.java:287)
at org.openqa.selenium.support.ui.ExpectedConditions$23.apply(ExpectedConditions.java:656)
at org.openqa.selenium.support.ui.ExpectedConditions$23.apply(ExpectedConditions.java:652)
at org.openqa.selenium.support.ui.FluentWait.until(FluentWait.java:205)
... 30 more
Caused by: org.openqa.selenium.TimeoutException: Expected condition failed: waiting for io.appium.java_client.pagefactory.AppiumElementLocator$WaitingFunction@14b8b2fe (tried for 1 second(s) with 500 milliseconds interval)
at org.openqa.selenium.support.ui.FluentWait.timeoutException(FluentWait.java:262)
at org.openqa.selenium.support.ui.FluentWait.until(FluentWait.java:230)
at io.appium.java_client.pagefactory.AppiumElementLocator.waitFor(AppiumElementLocator.java:135)
at io.appium.java_client.pagefactory.AppiumElementLocator.findElement(AppiumElementLocator.java:160)
... 40 more
Caused by: org.openqa.selenium.NoSuchElementException: Cannot locate an element using By.chained({By.xpath: //android.widget.EditText})
For documentation on this error, please visit: https://www.selenium.dev/documentation/webdriver/troubleshooting/errors#no-such-element-exception
Build info: version: '4.13.0', revision: 'ba948ece5b*'
System info: os.name: 'Windows 11', os.arch: 'amd64', os.version: '10.0', java.version: '23.0.2'
Driver info: driver.version: RemoteWebDriver
at io.appium.java_client.pagefactory.bys.builder.ByChained.findElement(ByChained.java:77)
at org.openqa.selenium.remote.ElementLocation$ElementFinder$1.findElement(ElementLocation.java:139)
at org.openqa.selenium.remote.ElementLocation.findElement(ElementLocation.java:59)
at org.openqa.selenium.remote.RemoteWebDriver.findElement(RemoteWebDriver.java:359)
at org.openqa.selenium.remote.RemoteWebDriver.findElement(RemoteWebDriver.java:353)
at io.appium.java_client.pagefactory.bys.ContentMappedBy.findElement(ContentMappedBy.java:53)
at org.openqa.selenium.remote.ElementLocation$ElementFinder$1.findElement(ElementLocation.java:139)
at org.openqa.selenium.remote.ElementLocation.findElement(ElementLocation.java:59)
at org.openqa.selenium.remote.RemoteWebDriver.findElement(RemoteWebDriver.java:359)
at org.openqa.selenium.remote.RemoteWebDriver.findElement(RemoteWebDriver.java:353)
at io.appium.java_client.pagefactory.AppiumElementLocator.lambda$findElement$1(AppiumElementLocator.java:160)
at io.appium.java_client.pagefactory.AppiumElementLocator$WaitingFunction.apply(AppiumElementLocator.java:217)
at io.appium.java_client.pagefactory.AppiumElementLocator$WaitingFunction.apply(AppiumElementLocator.java:210)
at org.openqa.selenium.support.ui.FluentWait.until(FluentWait.java:205)
... 42 more
... Removed 26 stack frames]]>
    </failure>
  </testcase> <!-- TC02_addNew_PremiumFacilityTest -->
  <testcase classname="TaskMasterFlowTest.AdminTaskDeletionScenarioTest" name="Tc01_assign_Delete_AssignTaskOfSameFacilityTest" time="181.753"/>
  <testcase classname="TaskMasterFlowTest.AdminTaskDeletionScenarioTest" name="Tc02_pendingTaskValidationTest" time="0.377">
    <failure type="java.lang.IllegalArgumentException" message="Input must be set">
      <![CDATA[java.lang.IllegalArgumentException: Input must be set
at org.openqa.selenium.internal.Require.nonNull(Require.java:60)
at org.openqa.selenium.support.ui.FluentWait.<init>(FluentWait.java:94)
at org.openqa.selenium.support.ui.WebDriverWait.<init>(WebDriverWait.java:74)
at org.openqa.selenium.support.ui.WebDriverWait.<init>(WebDriverWait.java:43)
at appWelcomeRepo.LoginPage.login(LoginPage.java:95)
at adminDashboardRepo.AdminDashboardPage.adminLogin(AdminDashboardPage.java:394)
at supervisorDashboardRepo.SupervisorDashboardPage.supervisorLogin(SupervisorDashboardPage.java:223)
at TaskMasterFlowTest.AdminTaskDeletionScenarioTest.Tc02_pendingTaskValidationTest(AdminTaskDeletionScenarioTest.java:105)
at java.base/java.util.ArrayList.forEach(ArrayList.java:1597)
... Removed 26 stack frames]]>
    </failure>
  </testcase> <!-- Tc02_pendingTaskValidationTest -->
  <testcase classname="TaskMasterFlowTest.AdminTaskDeletionScenarioTest" name="Tc03_validateBuddyPendingTaskTest" time="85.445">
    <failure type="org.openqa.selenium.NoSuchElementException" message="An element could not be located on the page using the given search parameters.
For documentation on this error, please visit: https://www.selenium.dev/documentation/webdriver/troubleshooting/errors#no-such-element-exception
Build info: version: &amp;apos;4.13.0&amp;apos;, revision: &amp;apos;ba948ece5b*&amp;apos;
System info: os.name: &amp;apos;Windows 11&amp;apos;, os.arch: &amp;apos;amd64&amp;apos;, os.version: &amp;apos;10.0&amp;apos;, java.version: &amp;apos;23.0.2&amp;apos;
Driver info: io.appium.java_client.android.AndroidDriver
Command: [6206f5b5-6d65-459e-abb0-d3dd00085c56, findElement {using=xpath, value=//android.view.View[contains(@content-desc,&amp;apos;Maruthi&amp;apos;)]}]
Capabilities {appium:app: C:\Users\User\eclipse-works..., appium:appActivity: com.woloo.smarthygiene.Main..., appium:appPackage: com.woloo.smarthygiene, appium:autoGrantPermissions: true, appium:automationName: UiAutomator2, appium:databaseEnabled: false, appium:desired: {app: C:\Users\User\eclipse-works..., appActivity: com.woloo.smarthygiene.Main..., appPackage: com.woloo.smarthygiene, autoGrantPermissions: true, automationName: UiAutomator2, deviceName: Galaxy A13, newCommandTimeout: 120, noReset: false, platformName: ANDROID, platformVersion: 14.0}, appium:deviceApiLevel: 34, appium:deviceManufacturer: samsung, appium:deviceModel: SM-A135F, appium:deviceName: RZ8TA0PDHLX, appium:deviceScreenDensity: 450, appium:deviceScreenSize: 1080x2408, appium:deviceUDID: RZ8TA0PDHLX, appium:javascriptEnabled: true, appium:locationContextEnabled: false, appium:networkConnectionEnabled: true, appium:newCommandTimeout: 120, appium:noReset: false, appium:pixelRatio: 2.8125, appium:platformVersion: 14, appium:statBarHeight: 70, appium:takesScreenshot: true, appium:viewportRect: {height: 2338, left: 0, top: 70, width: 1080}, appium:warnings: {}, appium:webStorageEnabled: false, platformName: ANDROID}
Session ID: 6206f5b5-6d65-459e-abb0-d3dd00085c56">
      <![CDATA[org.openqa.selenium.NoSuchElementException: An element could not be located on the page using the given search parameters.
For documentation on this error, please visit: https://www.selenium.dev/documentation/webdriver/troubleshooting/errors#no-such-element-exception
Build info: version: '4.13.0', revision: 'ba948ece5b*'
System info: os.name: 'Windows 11', os.arch: 'amd64', os.version: '10.0', java.version: '23.0.2'
Driver info: io.appium.java_client.android.AndroidDriver
Command: [6206f5b5-6d65-459e-abb0-d3dd00085c56, findElement {using=xpath, value=//android.view.View[contains(@content-desc,'Maruthi')]}]
Capabilities {appium:app: C:\Users\User\eclipse-works..., appium:appActivity: com.woloo.smarthygiene.Main..., appium:appPackage: com.woloo.smarthygiene, appium:autoGrantPermissions: true, appium:automationName: UiAutomator2, appium:databaseEnabled: false, appium:desired: {app: C:\Users\User\eclipse-works..., appActivity: com.woloo.smarthygiene.Main..., appPackage: com.woloo.smarthygiene, autoGrantPermissions: true, automationName: UiAutomator2, deviceName: Galaxy A13, newCommandTimeout: 120, noReset: false, platformName: ANDROID, platformVersion: 14.0}, appium:deviceApiLevel: 34, appium:deviceManufacturer: samsung, appium:deviceModel: SM-A135F, appium:deviceName: RZ8TA0PDHLX, appium:deviceScreenDensity: 450, appium:deviceScreenSize: 1080x2408, appium:deviceUDID: RZ8TA0PDHLX, appium:javascriptEnabled: true, appium:locationContextEnabled: false, appium:networkConnectionEnabled: true, appium:newCommandTimeout: 120, appium:noReset: false, appium:pixelRatio: 2.8125, appium:platformVersion: 14, appium:statBarHeight: 70, appium:takesScreenshot: true, appium:viewportRect: {height: 2338, left: 0, top: 70, width: 1080}, appium:warnings: {}, appium:webStorageEnabled: false, platformName: ANDROID}
Session ID: 6206f5b5-6d65-459e-abb0-d3dd00085c56
at org.openqa.selenium.remote.codec.w3c.W3CHttpResponseCodec.createException(W3CHttpResponseCodec.java:200)
at org.openqa.selenium.remote.codec.w3c.W3CHttpResponseCodec.decode(W3CHttpResponseCodec.java:133)
at org.openqa.selenium.remote.codec.w3c.W3CHttpResponseCodec.decode(W3CHttpResponseCodec.java:52)
at org.openqa.selenium.remote.HttpCommandExecutor.execute(HttpCommandExecutor.java:191)
at io.appium.java_client.remote.AppiumCommandExecutor.execute(AppiumCommandExecutor.java:250)
at org.openqa.selenium.remote.RemoteWebDriver.execute(RemoteWebDriver.java:602)
at org.openqa.selenium.remote.ElementLocation$ElementFinder$2.findElement(ElementLocation.java:165)
at org.openqa.selenium.remote.ElementLocation.findElement(ElementLocation.java:59)
at org.openqa.selenium.remote.RemoteWebDriver.findElement(RemoteWebDriver.java:359)
at org.openqa.selenium.remote.RemoteWebDriver.findElement(RemoteWebDriver.java:353)
at taskBuddyDashboardRepo.BuddyProfilePage.buddyProfileUIValidation(BuddyProfilePage.java:85)
at TaskMasterFlowTest.AdminTaskDeletionScenarioTest.Tc03_validateBuddyPendingTaskTest(AdminTaskDeletionScenarioTest.java:132)
at java.base/java.util.ArrayList.forEach(ArrayList.java:1597)
... Removed 29 stack frames]]>
    </failure>
  </testcase> <!-- Tc03_validateBuddyPendingTaskTest -->
  <testcase classname="TaskMasterFlowTest.AdminTaskDeletionScenarioTest" name="Tc04_validationOf_PN_for_AcceptedTaskTest" time="0.0">
    <skipped/>
  </testcase> <!-- Tc04_validationOf_PN_for_AcceptedTaskTest -->
  <testcase classname="TaskMasterFlowTest.AdminTaskDeletionScenarioTest" name="Tc05_taskBuddyDashboardAcceptedTaskValidationTest" time="0.0">
    <skipped/>
  </testcase> <!-- Tc05_taskBuddyDashboardAcceptedTaskValidationTest -->
  <testcase classname="TaskMasterFlowTest.AdminTaskDeletionScenarioTest" name="Tc06_taskbuddyAcceptedTask_UpdateInAdminDashboardTest" time="0.0">
    <skipped/>
  </testcase> <!-- Tc06_taskbuddyAcceptedTask_UpdateInAdminDashboardTest -->
  <testcase classname="TaskMasterFlowTest.AdminTaskDeletionScenarioTest" name="Tc07_adminDeleteTaskbuddyAcceptedTaskTest" time="0.0">
    <skipped/>
  </testcase> <!-- Tc07_adminDeleteTaskbuddyAcceptedTaskTest -->
  <testcase classname="TaskMasterFlowTest.AdminTaskDeletionScenarioTest" name="Tc08_taskbuddyAcceptedTaskUpdatedInSupervisors_JanitorsDetailsScreenTest" time="0.0">
    <skipped/>
  </testcase> <!-- Tc08_taskbuddyAcceptedTaskUpdatedInSupervisors_JanitorsDetailsScreenTest -->
  <testcase classname="TaskMasterFlowTest.AdminTaskDeletionScenarioTest" name="Tc09_taskBuddyStartToWorkAcceptedTaskFlowTest" time="0.0">
    <skipped/>
  </testcase> <!-- Tc09_taskBuddyStartToWorkAcceptedTaskFlowTest -->
  <testcase classname="TaskMasterFlowTest.AdminTaskDeletionScenarioTest" name="Tc10_taskBuddyDashboardOngoingTaskValidationTest" time="0.0">
    <skipped/>
  </testcase> <!-- Tc10_taskBuddyDashboardOngoingTaskValidationTest -->
  <testcase classname="TaskMasterFlowTest.AdminTaskDeletionScenarioTest" name="Tc11_taskbuddyOngoingTaskUpdateInAdminDashboardTest" time="0.0">
    <skipped/>
  </testcase> <!-- Tc11_taskbuddyOngoingTaskUpdateInAdminDashboardTest -->
  <testcase classname="TaskMasterFlowTest.AdminTaskDeletionScenarioTest" name="Tc12_adminDeleteTaskbuddyOngoingTaskTest" time="0.0">
    <skipped/>
  </testcase> <!-- Tc12_adminDeleteTaskbuddyOngoingTaskTest -->
  <testcase classname="TaskMasterFlowTest.AdminTaskDeletionScenarioTest" name="Tc13_taskbuddyOngoingTaskUpdatedInSupervisors_JanitorsDetailsScreenTest" time="0.0">
    <skipped/>
  </testcase> <!-- Tc13_taskbuddyOngoingTaskUpdatedInSupervisors_JanitorsDetailsScreenTest -->
  <testcase classname="TaskMasterFlowTest.AdminTaskDeletionScenarioTest" name="Tc14_validationOf_PN_for_RequestforClosureTaskTest" time="0.0">
    <skipped/>
  </testcase> <!-- Tc14_validationOf_PN_for_RequestforClosureTaskTest -->
  <testcase classname="TaskMasterFlowTest.AdminTaskDeletionScenarioTest" name="Tc15_taskBuddyDashboardClosureTaskValidationTest" time="0.0">
    <skipped/>
  </testcase> <!-- Tc15_taskBuddyDashboardClosureTaskValidationTest -->
  <testcase classname="TaskMasterFlowTest.AdminTaskDeletionScenarioTest" name="Tc16_validateClosureTaskIsUpdatedInSupervisors_JanitorsDetailScreenTest" time="0.0">
    <skipped/>
  </testcase> <!-- Tc16_validateClosureTaskIsUpdatedInSupervisors_JanitorsDetailScreenTest -->
  <testcase classname="TaskMasterFlowTest.AdminTaskDeletionScenarioTest" name="Tc17_taskbuddyClosureTaskUpdateInAdminDashboardTest" time="0.0">
    <skipped/>
  </testcase> <!-- Tc17_taskbuddyClosureTaskUpdateInAdminDashboardTest -->
  <testcase classname="TaskMasterFlowTest.AdminTaskDeletionScenarioTest" name="Tc18_verifyAdminDelete_BuddyRequestForClosureTaskTest" time="0.0">
    <skipped/>
  </testcase> <!-- Tc18_verifyAdminDelete_BuddyRequestForClosureTaskTest -->
  <testcase classname="TaskMasterFlowTest.AdminTaskDeletionScenarioTest" name="Tc19_approveBuddyRequestedTaskTest" time="0.0">
    <skipped/>
  </testcase> <!-- Tc19_approveBuddyRequestedTaskTest -->
  <testcase classname="TaskMasterFlowTest.AdminTaskDeletionScenarioTest" name="Tc20_completedTaskUpdatedInSupervisors_JanitorsDetailScreenTest" time="0.0">
    <skipped/>
  </testcase> <!-- Tc20_completedTaskUpdatedInSupervisors_JanitorsDetailScreenTest -->
  <testcase classname="TaskMasterFlowTest.AdminTaskDeletionScenarioTest" name="Tc21_validateBuddyCompletedTaskTest" time="0.0">
    <skipped/>
  </testcase> <!-- Tc21_validateBuddyCompletedTaskTest -->
  <testcase classname="TaskMasterFlowTest.AdminTaskDeletionScenarioTest" name="Tc22_validateCompletedTaskUpdatedInAdminDashboardTest" time="0.0">
    <skipped/>
  </testcase> <!-- Tc22_validateCompletedTaskUpdatedInAdminDashboardTest -->
  <testcase classname="Utilities.BaseClass" name="@BeforeSuite loadConfig" time="0.0">
    <ignored/>
  </testcase> <!-- @BeforeSuite loadConfig -->
  <testcase classname="TaskMasterFlowTest.NewUserPurchasePremiumSubscriptionThrough_RenewItLinkTest" name="Tc01_newUserLoginTest" time="0.0">
    <ignored/>
  </testcase> <!-- Tc01_newUserLoginTest -->
  <testcase classname="Utilities.BaseClass" name="@AfterSuite stopServer" time="0.0">
    <ignored/>
  </testcase> <!-- @AfterSuite stopServer -->
  <testcase classname="Utilities.BaseClass" name="@BeforeSuite loadConfig" time="0.0">
    <ignored/>
  </testcase> <!-- @BeforeSuite loadConfig -->
  <testcase classname="Utilities.BaseClass" name="@AfterSuite stopServer" time="0.0">
    <ignored/>
  </testcase> <!-- @AfterSuite stopServer -->
  <testcase classname="TaskMasterFlowTest.AddNewFacilityTest" name="TC03_addNew_ClassicFacilityPaymentPersistentTest" time="0.0">
    <ignored/>
  </testcase> <!-- TC03_addNew_ClassicFacilityPaymentPersistentTest -->
  <testcase classname="Utilities.BaseClass" name="@BeforeSuite loadConfig" time="0.0">
    <ignored/>
  </testcase> <!-- @BeforeSuite loadConfig -->
  <testcase classname="Utilities.BaseClass" name="@AfterSuite stopServer" time="0.0">
    <ignored/>
  </testcase> <!-- @AfterSuite stopServer -->
</testsuite> <!-- TaskMasterFlowTest_AdminTaskDeletionScenarioTest -->
