<!DOCTYPE html>

<html>
  <head>
  <meta charset='utf-8'>
  <title>TestNG reports</title>

    <link type="text/css" href="testng-reports1.css" rel="stylesheet" id="ultra" />
    <link type="text/css" href="testng-reports.css" rel="stylesheet" id="retro" disabled="false"/>
    <script type="text/javascript" src="jquery-3.6.0.min.js"></script>
    <script type="text/javascript" src="testng-reports.js"></script>
    <script type="text/javascript" src="https://www.google.com/jsapi"></script>
    <script type='text/javascript'>
      google.load('visualization', '1', {packages:['table']});
      google.setOnLoadCallback(drawTable);
      var suiteTableInitFunctions = new Array();
      var suiteTableData = new Array();
    </script>
    <!--
      <script type="text/javascript" src="jquery-ui/js/jquery-ui-1.8.16.custom.min.js"></script>
     -->
  </head>

  <body>    <div class="top-banner-root">
      <span class="top-banner-title-font">Test results</span>
      <button id="button" class="button">Switch Retro Theme</button> <!-- button -->
      <br/>
      <span class="top-banner-font-1">1 suite, 1 failed test</span>
    </div> <!-- top-banner-root -->
    <div class="navigator-root">
      <div class="navigator-suite-header">
        <span>All suites</span>
        <a href="#" title="Collapse/expand all the suites" class="collapse-all-link">
          <img src="collapseall.gif" class="collapse-all-icon">
          </img> <!-- collapse-all-icon -->
        </a> <!-- collapse-all-link -->
      </div> <!-- navigator-suite-header -->
      <div class="suite">
        <div class="rounded-window">
          <div class="suite-header light-rounded-window-top">
            <a href="#" panel-name="suite-Suite" class="navigator-link">
              <span class="suite-name border-failed">Suite</span>
            </a> <!-- navigator-link -->
          </div> <!-- suite-header light-rounded-window-top -->
          <div class="navigator-suite-content">
            <div class="suite-section-title">
              <span>Info</span>
            </div> <!-- suite-section-title -->
            <div class="suite-section-content">
              <ul>
                <li>
                  <a href="#" panel-name="test-xml-Suite" class="navigator-link ">
                    <span>C:\Users\User\eclipse-workspace_sample\SampleProject\AdminDeleteDifferentTaskFlow.xml</span>
                  </a> <!-- navigator-link  -->
                </li>
                <li>
                  <a href="#" panel-name="testlist-Suite" class="navigator-link ">
                    <span class="test-stats">1 test</span>
                  </a> <!-- navigator-link  -->
                </li>
                <li>
                  <a href="#" panel-name="group-Suite" class="navigator-link ">
                    <span>1 group</span>
                  </a> <!-- navigator-link  -->
                </li>
                <li>
                  <a href="#" panel-name="times-Suite" class="navigator-link ">
                    <span>Times</span>
                  </a> <!-- navigator-link  -->
                </li>
                <li>
                  <a href="#" panel-name="reporter-Suite" class="navigator-link ">
                    <span>Reporter output</span>
                  </a> <!-- navigator-link  -->
                </li>
                <li>
                  <a href="#" panel-name="ignored-methods-Suite" class="navigator-link ">
                    <span>Ignored methods</span>
                  </a> <!-- navigator-link  -->
                </li>
                <li>
                  <a href="#" panel-name="chronological-Suite" class="navigator-link ">
                    <span>Chronological view</span>
                  </a> <!-- navigator-link  -->
                </li>
              </ul>
            </div> <!-- suite-section-content -->
            <div class="result-section">
              <div class="suite-section-title">
                <span>Results</span>
              </div> <!-- suite-section-title -->
              <div class="suite-section-content">
                <ul>
                  <li>
                    <span class="method-stats">22 methods, 1 failed,   21 passed</span>
                  </li>
                  <li>
                    <span class="method-list-title failed">Failed methods</span>
                    <span class="show-or-hide-methods failed">
                      <a href="#" panel-name="suite-Suite" class="hide-methods failed suite-Suite"> (hide)</a> <!-- hide-methods failed suite-Suite -->
                      <a href="#" panel-name="suite-Suite" class="show-methods failed suite-Suite"> (show)</a> <!-- show-methods failed suite-Suite -->
                    </span>
                    <div class="method-list-content failed suite-Suite">
                      <span>
                        <img src="failed.png" width="3%"/>
                        <a href="#" panel-name="suite-Suite" title="TaskMasterFlowTest.AdminTaskDeletionScenarioTest" class="method navigator-link" hash-for-method="Tc19_approveBuddyRequestedTaskTest(1)">Tc19_approveBuddyRequestedTaskTest(1)</a> <!-- method navigator-link -->
                      </span>
                      <br/>
                    </div> <!-- method-list-content failed suite-Suite -->
                  </li>
                  <li>
                    <span class="method-list-title passed">Passed methods</span>
                    <span class="show-or-hide-methods passed">
                      <a href="#" panel-name="suite-Suite" class="hide-methods passed suite-Suite"> (hide)</a> <!-- hide-methods passed suite-Suite -->
                      <a href="#" panel-name="suite-Suite" class="show-methods passed suite-Suite"> (show)</a> <!-- show-methods passed suite-Suite -->
                    </span>
                    <div class="method-list-content passed suite-Suite">
                      <span>
                        <img src="passed.png" width="3%"/>
                        <a href="#" panel-name="suite-Suite" title="TaskMasterFlowTest.AdminTaskDeletionScenarioTest" class="method navigator-link" hash-for-method="Tc01_assign_Delete_AssignTaskOfSameFacilityTest(1)">Tc01_assign_Delete_AssignTaskOfSameFacilityTest(1)</a> <!-- method navigator-link -->
                      </span>
                      <br/>
                      <span>
                        <img src="passed.png" width="3%"/>
                        <a href="#" panel-name="suite-Suite" title="TaskMasterFlowTest.AdminTaskDeletionScenarioTest" class="method navigator-link" hash-for-method="Tc02_pendingTaskValidationTest(1)">Tc02_pendingTaskValidationTest(1)</a> <!-- method navigator-link -->
                      </span>
                      <br/>
                      <span>
                        <img src="passed.png" width="3%"/>
                        <a href="#" panel-name="suite-Suite" title="TaskMasterFlowTest.AdminTaskDeletionScenarioTest" class="method navigator-link" hash-for-method="Tc03_validateBuddyPendingTaskTest(1)">Tc03_validateBuddyPendingTaskTest(1)</a> <!-- method navigator-link -->
                      </span>
                      <br/>
                      <span>
                        <img src="passed.png" width="3%"/>
                        <a href="#" panel-name="suite-Suite" title="TaskMasterFlowTest.AdminTaskDeletionScenarioTest" class="method navigator-link" hash-for-method="Tc04_validationOf_PN_for_AcceptedTaskTest(1)">Tc04_validationOf_PN_for_AcceptedTaskTest(1)</a> <!-- method navigator-link -->
                      </span>
                      <br/>
                      <span>
                        <img src="passed.png" width="3%"/>
                        <a href="#" panel-name="suite-Suite" title="TaskMasterFlowTest.AdminTaskDeletionScenarioTest" class="method navigator-link" hash-for-method="Tc05_taskBuddyDashboardAcceptedTaskValidationTest(1)">Tc05_taskBuddyDashboardAcceptedTaskValidationTest(1)</a> <!-- method navigator-link -->
                      </span>
                      <br/>
                      <span>
                        <img src="passed.png" width="3%"/>
                        <a href="#" panel-name="suite-Suite" title="TaskMasterFlowTest.AdminTaskDeletionScenarioTest" class="method navigator-link" hash-for-method="Tc06_taskbuddyAcceptedTask_UpdateInAdminDashboardTest(1)">Tc06_taskbuddyAcceptedTask_UpdateInAdminDashboardTest(1)</a> <!-- method navigator-link -->
                      </span>
                      <br/>
                      <span>
                        <img src="passed.png" width="3%"/>
                        <a href="#" panel-name="suite-Suite" title="TaskMasterFlowTest.AdminTaskDeletionScenarioTest" class="method navigator-link" hash-for-method="Tc07_adminDeleteTaskbuddyAcceptedTaskTest(1)">Tc07_adminDeleteTaskbuddyAcceptedTaskTest(1)</a> <!-- method navigator-link -->
                      </span>
                      <br/>
                      <span>
                        <img src="passed.png" width="3%"/>
                        <a href="#" panel-name="suite-Suite" title="TaskMasterFlowTest.AdminTaskDeletionScenarioTest" class="method navigator-link" hash-for-method="Tc08_taskbuddyAcceptedTaskUpdatedInSupervisors_JanitorsDetailsScreenTest(1)">Tc08_taskbuddyAcceptedTaskUpdatedInSupervisors_JanitorsDetailsScreenTest(1)</a> <!-- method navigator-link -->
                      </span>
                      <br/>
                      <span>
                        <img src="passed.png" width="3%"/>
                        <a href="#" panel-name="suite-Suite" title="TaskMasterFlowTest.AdminTaskDeletionScenarioTest" class="method navigator-link" hash-for-method="Tc09_taskBuddyStartToWorkAcceptedTaskFlowTest(1)">Tc09_taskBuddyStartToWorkAcceptedTaskFlowTest(1)</a> <!-- method navigator-link -->
                      </span>
                      <br/>
                      <span>
                        <img src="passed.png" width="3%"/>
                        <a href="#" panel-name="suite-Suite" title="TaskMasterFlowTest.AdminTaskDeletionScenarioTest" class="method navigator-link" hash-for-method="Tc10_taskBuddyDashboardOngoingTaskValidationTest(1)">Tc10_taskBuddyDashboardOngoingTaskValidationTest(1)</a> <!-- method navigator-link -->
                      </span>
                      <br/>
                      <span>
                        <img src="passed.png" width="3%"/>
                        <a href="#" panel-name="suite-Suite" title="TaskMasterFlowTest.AdminTaskDeletionScenarioTest" class="method navigator-link" hash-for-method="Tc11_taskbuddyOngoingTaskUpdateInAdminDashboardTest(1)">Tc11_taskbuddyOngoingTaskUpdateInAdminDashboardTest(1)</a> <!-- method navigator-link -->
                      </span>
                      <br/>
                      <span>
                        <img src="passed.png" width="3%"/>
                        <a href="#" panel-name="suite-Suite" title="TaskMasterFlowTest.AdminTaskDeletionScenarioTest" class="method navigator-link" hash-for-method="Tc12_adminDeleteTaskbuddyOngoingTaskTest(1)">Tc12_adminDeleteTaskbuddyOngoingTaskTest(1)</a> <!-- method navigator-link -->
                      </span>
                      <br/>
                      <span>
                        <img src="passed.png" width="3%"/>
                        <a href="#" panel-name="suite-Suite" title="TaskMasterFlowTest.AdminTaskDeletionScenarioTest" class="method navigator-link" hash-for-method="Tc13_taskbuddyOngoingTaskUpdatedInSupervisors_JanitorsDetailsScreenTest(1)">Tc13_taskbuddyOngoingTaskUpdatedInSupervisors_JanitorsDetailsScreenTest(1)</a> <!-- method navigator-link -->
                      </span>
                      <br/>
                      <span>
                        <img src="passed.png" width="3%"/>
                        <a href="#" panel-name="suite-Suite" title="TaskMasterFlowTest.AdminTaskDeletionScenarioTest" class="method navigator-link" hash-for-method="Tc14_validationOf_PN_for_RequestforClosureTaskTest(1)">Tc14_validationOf_PN_for_RequestforClosureTaskTest(1)</a> <!-- method navigator-link -->
                      </span>
                      <br/>
                      <span>
                        <img src="passed.png" width="3%"/>
                        <a href="#" panel-name="suite-Suite" title="TaskMasterFlowTest.AdminTaskDeletionScenarioTest" class="method navigator-link" hash-for-method="Tc15_taskBuddyDashboardClosureTaskValidationTest(1)">Tc15_taskBuddyDashboardClosureTaskValidationTest(1)</a> <!-- method navigator-link -->
                      </span>
                      <br/>
                      <span>
                        <img src="passed.png" width="3%"/>
                        <a href="#" panel-name="suite-Suite" title="TaskMasterFlowTest.AdminTaskDeletionScenarioTest" class="method navigator-link" hash-for-method="Tc16_validateClosureTaskIsUpdatedInSupervisors_JanitorsDetailScreenTest(1)">Tc16_validateClosureTaskIsUpdatedInSupervisors_JanitorsDetailScreenTest(1)</a> <!-- method navigator-link -->
                      </span>
                      <br/>
                      <span>
                        <img src="passed.png" width="3%"/>
                        <a href="#" panel-name="suite-Suite" title="TaskMasterFlowTest.AdminTaskDeletionScenarioTest" class="method navigator-link" hash-for-method="Tc17_taskbuddyClosureTaskUpdateInAdminDashboardTest(1)">Tc17_taskbuddyClosureTaskUpdateInAdminDashboardTest(1)</a> <!-- method navigator-link -->
                      </span>
                      <br/>
                      <span>
                        <img src="passed.png" width="3%"/>
                        <a href="#" panel-name="suite-Suite" title="TaskMasterFlowTest.AdminTaskDeletionScenarioTest" class="method navigator-link" hash-for-method="Tc18_verifyAdminDelete_BuddyRequestForClosureTaskTest(1)">Tc18_verifyAdminDelete_BuddyRequestForClosureTaskTest(1)</a> <!-- method navigator-link -->
                      </span>
                      <br/>
                      <span>
                        <img src="passed.png" width="3%"/>
                        <a href="#" panel-name="suite-Suite" title="TaskMasterFlowTest.AdminTaskDeletionScenarioTest" class="method navigator-link" hash-for-method="Tc20_completedTaskUpdatedInSupervisors_JanitorsDetailScreenTest(1)">Tc20_completedTaskUpdatedInSupervisors_JanitorsDetailScreenTest(1)</a> <!-- method navigator-link -->
                      </span>
                      <br/>
                      <span>
                        <img src="passed.png" width="3%"/>
                        <a href="#" panel-name="suite-Suite" title="TaskMasterFlowTest.AdminTaskDeletionScenarioTest" class="method navigator-link" hash-for-method="Tc21_validateBuddyCompletedTaskTest(1)">Tc21_validateBuddyCompletedTaskTest(1)</a> <!-- method navigator-link -->
                      </span>
                      <br/>
                      <span>
                        <img src="passed.png" width="3%"/>
                        <a href="#" panel-name="suite-Suite" title="TaskMasterFlowTest.AdminTaskDeletionScenarioTest" class="method navigator-link" hash-for-method="Tc22_validateCompletedTaskUpdatedInAdminDashboardTest(1)">Tc22_validateCompletedTaskUpdatedInAdminDashboardTest(1)</a> <!-- method navigator-link -->
                      </span>
                      <br/>
                    </div> <!-- method-list-content passed suite-Suite -->
                  </li>
                </ul>
              </div> <!-- suite-section-content -->
            </div> <!-- result-section -->
          </div> <!-- navigator-suite-content -->
        </div> <!-- rounded-window -->
      </div> <!-- suite -->
    </div> <!-- navigator-root -->
    <div class="wrapper">
      <div class="main-panel-root">
        <div panel-name="suite-Suite" class="panel Suite">
          <div class="suite-Suite-class-failed">
            <div class="main-panel-header rounded-window-top">
              <img src="failed.png"/>
              <span class="class-name">TaskMasterFlowTest.AdminTaskDeletionScenarioTest</span>
            </div> <!-- main-panel-header rounded-window-top -->
            <div class="main-panel-content rounded-window-bottom">
              <div class="method">
                <div class="method-content">
                  <a name="Tc19_approveBuddyRequestedTaskTest(1)">
                  </a> <!-- Tc19_approveBuddyRequestedTaskTest(1) -->
                  <span class="method-name">Tc19_approveBuddyRequestedTaskTest</span>
                  <span class="parameters">(1)</span>
                  <div class="stack-trace">org.openqa.selenium.NoSuchElementException: An element could not be located on the page using the given search parameters.
For documentation on this error, please visit: https://www.selenium.dev/documentation/webdriver/troubleshooting/errors#no-such-element-exception
Build info: version: &apos;4.13.0&apos;, revision: &apos;ba948ece5b*&apos;
System info: os.name: &apos;Windows 11&apos;, os.arch: &apos;amd64&apos;, os.version: &apos;10.0&apos;, java.version: &apos;23.0.2&apos;
Driver info: io.appium.java_client.android.AndroidDriver
Command: [dabb11ee-af38-4543-b479-b944753ce21d, findElement {using=xpath, value=//android.widget.TextView[@resource-id=&quot;android:id/title&quot; and contains(@text,&quot;Task Approved by Supervisor&quot;)]}]
Capabilities {appium:app: ./apps/Nov17.apk, appium:appActivity: com.woloo.smarthygiene.Main..., appium:appPackage: com.woloo.smarthygiene, appium:autoGrantPermissions: true, appium:automationName: UiAutomator2, appium:databaseEnabled: false, appium:desired: {app: ./apps/Nov17.apk, appActivity: com.woloo.smarthygiene.Main..., appPackage: com.woloo.smarthygiene, autoGrantPermissions: true, automationName: UiAutomator2, deviceName: Galaxy A13, newCommandTimeout: 120, noReset: false, platformName: ANDROID, platformVersion: 14.0}, appium:deviceApiLevel: 34, appium:deviceManufacturer: samsung, appium:deviceModel: SM-A135F, appium:deviceName: RZ8TA0PDHLX, appium:deviceScreenDensity: 450, appium:deviceScreenSize: 1080x2408, appium:deviceUDID: RZ8TA0PDHLX, appium:javascriptEnabled: true, appium:locationContextEnabled: false, appium:networkConnectionEnabled: true, appium:newCommandTimeout: 120, appium:noReset: false, appium:pixelRatio: 2.8125, appium:platformVersion: 14, appium:statBarHeight: 70, appium:takesScreenshot: true, appium:viewportRect: {height: 2338, left: 0, top: 70, width: 1080}, appium:warnings: {}, appium:webStorageEnabled: false, platformName: ANDROID}
Session ID: dabb11ee-af38-4543-b479-b944753ce21d
	at org.openqa.selenium.remote.codec.w3c.W3CHttpResponseCodec.createException(W3CHttpResponseCodec.java:200)
	at org.openqa.selenium.remote.codec.w3c.W3CHttpResponseCodec.decode(W3CHttpResponseCodec.java:133)
	at org.openqa.selenium.remote.codec.w3c.W3CHttpResponseCodec.decode(W3CHttpResponseCodec.java:52)
	at org.openqa.selenium.remote.HttpCommandExecutor.execute(HttpCommandExecutor.java:191)
	at io.appium.java_client.remote.AppiumCommandExecutor.execute(AppiumCommandExecutor.java:250)
	at org.openqa.selenium.remote.RemoteWebDriver.execute(RemoteWebDriver.java:602)
	at org.openqa.selenium.remote.ElementLocation$ElementFinder$2.findElement(ElementLocation.java:165)
	at org.openqa.selenium.remote.ElementLocation.findElement(ElementLocation.java:59)
	at org.openqa.selenium.remote.RemoteWebDriver.findElement(RemoteWebDriver.java:359)
	at org.openqa.selenium.remote.RemoteWebDriver.findElement(RemoteWebDriver.java:353)
	at TaskMasterFlowTest.AdminTaskDeletionScenarioTest.Tc19_approveBuddyRequestedTaskTest(AdminTaskDeletionScenarioTest.java:693)
	at java.base/java.util.ArrayList.forEach(ArrayList.java:1597)
... Removed 28 stack frames
</div> <!-- stack-trace -->
                </div> <!-- method-content -->
              </div> <!-- method -->
            </div> <!-- main-panel-content rounded-window-bottom -->
          </div> <!-- suite-Suite-class-failed -->
          <div class="suite-Suite-class-passed">
            <div class="main-panel-header rounded-window-top">
              <img src="passed.png"/>
              <span class="class-name">TaskMasterFlowTest.AdminTaskDeletionScenarioTest</span>
            </div> <!-- main-panel-header rounded-window-top -->
            <div class="main-panel-content rounded-window-bottom">
              <div class="method">
                <div class="method-content">
                  <a name="Tc01_assign_Delete_AssignTaskOfSameFacilityTest(1)">
                  </a> <!-- Tc01_assign_Delete_AssignTaskOfSameFacilityTest(1) -->
                  <span class="method-name">Tc01_assign_Delete_AssignTaskOfSameFacilityTest</span>
                  <span class="parameters">(1)</span>
                </div> <!-- method-content -->
              </div> <!-- method -->
              <div class="method">
                <div class="method-content">
                  <a name="Tc02_pendingTaskValidationTest(1)">
                  </a> <!-- Tc02_pendingTaskValidationTest(1) -->
                  <span class="method-name">Tc02_pendingTaskValidationTest</span>
                  <span class="parameters">(1)</span>
                </div> <!-- method-content -->
              </div> <!-- method -->
              <div class="method">
                <div class="method-content">
                  <a name="Tc03_validateBuddyPendingTaskTest(1)">
                  </a> <!-- Tc03_validateBuddyPendingTaskTest(1) -->
                  <span class="method-name">Tc03_validateBuddyPendingTaskTest</span>
                  <span class="parameters">(1)</span>
                </div> <!-- method-content -->
              </div> <!-- method -->
              <div class="method">
                <div class="method-content">
                  <a name="Tc04_validationOf_PN_for_AcceptedTaskTest(1)">
                  </a> <!-- Tc04_validationOf_PN_for_AcceptedTaskTest(1) -->
                  <span class="method-name">Tc04_validationOf_PN_for_AcceptedTaskTest</span>
                  <span class="parameters">(1)</span>
                </div> <!-- method-content -->
              </div> <!-- method -->
              <div class="method">
                <div class="method-content">
                  <a name="Tc05_taskBuddyDashboardAcceptedTaskValidationTest(1)">
                  </a> <!-- Tc05_taskBuddyDashboardAcceptedTaskValidationTest(1) -->
                  <span class="method-name">Tc05_taskBuddyDashboardAcceptedTaskValidationTest</span>
                  <span class="parameters">(1)</span>
                </div> <!-- method-content -->
              </div> <!-- method -->
              <div class="method">
                <div class="method-content">
                  <a name="Tc06_taskbuddyAcceptedTask_UpdateInAdminDashboardTest(1)">
                  </a> <!-- Tc06_taskbuddyAcceptedTask_UpdateInAdminDashboardTest(1) -->
                  <span class="method-name">Tc06_taskbuddyAcceptedTask_UpdateInAdminDashboardTest</span>
                  <span class="parameters">(1)</span>
                </div> <!-- method-content -->
              </div> <!-- method -->
              <div class="method">
                <div class="method-content">
                  <a name="Tc07_adminDeleteTaskbuddyAcceptedTaskTest(1)">
                  </a> <!-- Tc07_adminDeleteTaskbuddyAcceptedTaskTest(1) -->
                  <span class="method-name">Tc07_adminDeleteTaskbuddyAcceptedTaskTest</span>
                  <span class="parameters">(1)</span>
                </div> <!-- method-content -->
              </div> <!-- method -->
              <div class="method">
                <div class="method-content">
                  <a name="Tc08_taskbuddyAcceptedTaskUpdatedInSupervisors_JanitorsDetailsScreenTest(1)">
                  </a> <!-- Tc08_taskbuddyAcceptedTaskUpdatedInSupervisors_JanitorsDetailsScreenTest(1) -->
                  <span class="method-name">Tc08_taskbuddyAcceptedTaskUpdatedInSupervisors_JanitorsDetailsScreenTest</span>
                  <span class="parameters">(1)</span>
                </div> <!-- method-content -->
              </div> <!-- method -->
              <div class="method">
                <div class="method-content">
                  <a name="Tc09_taskBuddyStartToWorkAcceptedTaskFlowTest(1)">
                  </a> <!-- Tc09_taskBuddyStartToWorkAcceptedTaskFlowTest(1) -->
                  <span class="method-name">Tc09_taskBuddyStartToWorkAcceptedTaskFlowTest</span>
                  <span class="parameters">(1)</span>
                </div> <!-- method-content -->
              </div> <!-- method -->
              <div class="method">
                <div class="method-content">
                  <a name="Tc10_taskBuddyDashboardOngoingTaskValidationTest(1)">
                  </a> <!-- Tc10_taskBuddyDashboardOngoingTaskValidationTest(1) -->
                  <span class="method-name">Tc10_taskBuddyDashboardOngoingTaskValidationTest</span>
                  <span class="parameters">(1)</span>
                </div> <!-- method-content -->
              </div> <!-- method -->
              <div class="method">
                <div class="method-content">
                  <a name="Tc11_taskbuddyOngoingTaskUpdateInAdminDashboardTest(1)">
                  </a> <!-- Tc11_taskbuddyOngoingTaskUpdateInAdminDashboardTest(1) -->
                  <span class="method-name">Tc11_taskbuddyOngoingTaskUpdateInAdminDashboardTest</span>
                  <span class="parameters">(1)</span>
                </div> <!-- method-content -->
              </div> <!-- method -->
              <div class="method">
                <div class="method-content">
                  <a name="Tc12_adminDeleteTaskbuddyOngoingTaskTest(1)">
                  </a> <!-- Tc12_adminDeleteTaskbuddyOngoingTaskTest(1) -->
                  <span class="method-name">Tc12_adminDeleteTaskbuddyOngoingTaskTest</span>
                  <span class="parameters">(1)</span>
                </div> <!-- method-content -->
              </div> <!-- method -->
              <div class="method">
                <div class="method-content">
                  <a name="Tc13_taskbuddyOngoingTaskUpdatedInSupervisors_JanitorsDetailsScreenTest(1)">
                  </a> <!-- Tc13_taskbuddyOngoingTaskUpdatedInSupervisors_JanitorsDetailsScreenTest(1) -->
                  <span class="method-name">Tc13_taskbuddyOngoingTaskUpdatedInSupervisors_JanitorsDetailsScreenTest</span>
                  <span class="parameters">(1)</span>
                </div> <!-- method-content -->
              </div> <!-- method -->
              <div class="method">
                <div class="method-content">
                  <a name="Tc14_validationOf_PN_for_RequestforClosureTaskTest(1)">
                  </a> <!-- Tc14_validationOf_PN_for_RequestforClosureTaskTest(1) -->
                  <span class="method-name">Tc14_validationOf_PN_for_RequestforClosureTaskTest</span>
                  <span class="parameters">(1)</span>
                </div> <!-- method-content -->
              </div> <!-- method -->
              <div class="method">
                <div class="method-content">
                  <a name="Tc15_taskBuddyDashboardClosureTaskValidationTest(1)">
                  </a> <!-- Tc15_taskBuddyDashboardClosureTaskValidationTest(1) -->
                  <span class="method-name">Tc15_taskBuddyDashboardClosureTaskValidationTest</span>
                  <span class="parameters">(1)</span>
                </div> <!-- method-content -->
              </div> <!-- method -->
              <div class="method">
                <div class="method-content">
                  <a name="Tc16_validateClosureTaskIsUpdatedInSupervisors_JanitorsDetailScreenTest(1)">
                  </a> <!-- Tc16_validateClosureTaskIsUpdatedInSupervisors_JanitorsDetailScreenTest(1) -->
                  <span class="method-name">Tc16_validateClosureTaskIsUpdatedInSupervisors_JanitorsDetailScreenTest</span>
                  <span class="parameters">(1)</span>
                </div> <!-- method-content -->
              </div> <!-- method -->
              <div class="method">
                <div class="method-content">
                  <a name="Tc17_taskbuddyClosureTaskUpdateInAdminDashboardTest(1)">
                  </a> <!-- Tc17_taskbuddyClosureTaskUpdateInAdminDashboardTest(1) -->
                  <span class="method-name">Tc17_taskbuddyClosureTaskUpdateInAdminDashboardTest</span>
                  <span class="parameters">(1)</span>
                </div> <!-- method-content -->
              </div> <!-- method -->
              <div class="method">
                <div class="method-content">
                  <a name="Tc18_verifyAdminDelete_BuddyRequestForClosureTaskTest(1)">
                  </a> <!-- Tc18_verifyAdminDelete_BuddyRequestForClosureTaskTest(1) -->
                  <span class="method-name">Tc18_verifyAdminDelete_BuddyRequestForClosureTaskTest</span>
                  <span class="parameters">(1)</span>
                </div> <!-- method-content -->
              </div> <!-- method -->
              <div class="method">
                <div class="method-content">
                  <a name="Tc20_completedTaskUpdatedInSupervisors_JanitorsDetailScreenTest(1)">
                  </a> <!-- Tc20_completedTaskUpdatedInSupervisors_JanitorsDetailScreenTest(1) -->
                  <span class="method-name">Tc20_completedTaskUpdatedInSupervisors_JanitorsDetailScreenTest</span>
                  <span class="parameters">(1)</span>
                </div> <!-- method-content -->
              </div> <!-- method -->
              <div class="method">
                <div class="method-content">
                  <a name="Tc21_validateBuddyCompletedTaskTest(1)">
                  </a> <!-- Tc21_validateBuddyCompletedTaskTest(1) -->
                  <span class="method-name">Tc21_validateBuddyCompletedTaskTest</span>
                  <span class="parameters">(1)</span>
                </div> <!-- method-content -->
              </div> <!-- method -->
              <div class="method">
                <div class="method-content">
                  <a name="Tc22_validateCompletedTaskUpdatedInAdminDashboardTest(1)">
                  </a> <!-- Tc22_validateCompletedTaskUpdatedInAdminDashboardTest(1) -->
                  <span class="method-name">Tc22_validateCompletedTaskUpdatedInAdminDashboardTest</span>
                  <span class="parameters">(1)</span>
                </div> <!-- method-content -->
              </div> <!-- method -->
            </div> <!-- main-panel-content rounded-window-bottom -->
          </div> <!-- suite-Suite-class-passed -->
        </div> <!-- panel Suite -->
        <div panel-name="test-xml-Suite" class="panel">
          <div class="main-panel-header rounded-window-top">
            <span class="header-content">C:\Users\User\eclipse-workspace_sample\SampleProject\AdminDeleteDifferentTaskFlow.xml</span>
          </div> <!-- main-panel-header rounded-window-top -->
          <div class="main-panel-content rounded-window-bottom">
            <pre>
&lt;?xml version=&quot;1.0&quot; encoding=&quot;UTF-8&quot;?&gt;
&lt;!DOCTYPE suite SYSTEM &quot;https://testng.org/testng-1.0.dtd&quot;&gt;
&lt;suite name=&quot;Suite&quot;&gt;
  &lt;listeners&gt;
    &lt;listener class-name=&quot;Utilities.ListenerImpUtility&quot;/&gt;
  &lt;/listeners&gt;
  &lt;test thread-count=&quot;5&quot; name=&quot;AdminDifferentTaskDeletionTest&quot;&gt;
    &lt;parameter name=&quot;rowNumber&quot; value=&quot;1&quot;/&gt;
    &lt;groups&gt;
      &lt;run&gt;
        &lt;include name=&quot;sanity&quot;/&gt;
      &lt;/run&gt;
    &lt;/groups&gt;
    &lt;classes&gt;
      &lt;class name=&quot;TaskMasterFlowTest.AdminTaskDeletionScenarioTest&quot;/&gt;
    &lt;/classes&gt;
  &lt;/test&gt; &lt;!-- AdminDifferentTaskDeletionTest --&gt;
&lt;/suite&gt; &lt;!-- Suite --&gt;
            </pre>
          </div> <!-- main-panel-content rounded-window-bottom -->
        </div> <!-- panel -->
        <div panel-name="testlist-Suite" class="panel">
          <div class="main-panel-header rounded-window-top">
            <span class="header-content">Tests for Suite</span>
          </div> <!-- main-panel-header rounded-window-top -->
          <div class="main-panel-content rounded-window-bottom">
            <ul>
              <li>
                <span class="test-name">AdminDifferentTaskDeletionTest (1 class)</span>
              </li>
            </ul>
          </div> <!-- main-panel-content rounded-window-bottom -->
        </div> <!-- panel -->
        <div panel-name="group-Suite" class="panel">
          <div class="main-panel-header rounded-window-top">
            <span class="header-content">Groups for Suite</span>
          </div> <!-- main-panel-header rounded-window-top -->
          <div class="main-panel-content rounded-window-bottom">
            <div class="test-group">
              <span class="test-group-name">sanity</span>
              <br/>
              <div class="method-in-group">
                <span class="method-in-group-name">Tc01_assign_Delete_AssignTaskOfSameFacilityTest</span>
                <br/>
              </div> <!-- method-in-group -->
              <div class="method-in-group">
                <span class="method-in-group-name">Tc02_pendingTaskValidationTest</span>
                <br/>
              </div> <!-- method-in-group -->
              <div class="method-in-group">
                <span class="method-in-group-name">Tc03_validateBuddyPendingTaskTest</span>
                <br/>
              </div> <!-- method-in-group -->
              <div class="method-in-group">
                <span class="method-in-group-name">Tc04_validationOf_PN_for_AcceptedTaskTest</span>
                <br/>
              </div> <!-- method-in-group -->
              <div class="method-in-group">
                <span class="method-in-group-name">Tc05_taskBuddyDashboardAcceptedTaskValidationTest</span>
                <br/>
              </div> <!-- method-in-group -->
              <div class="method-in-group">
                <span class="method-in-group-name">Tc06_taskbuddyAcceptedTask_UpdateInAdminDashboardTest</span>
                <br/>
              </div> <!-- method-in-group -->
              <div class="method-in-group">
                <span class="method-in-group-name">Tc07_adminDeleteTaskbuddyAcceptedTaskTest</span>
                <br/>
              </div> <!-- method-in-group -->
              <div class="method-in-group">
                <span class="method-in-group-name">Tc08_taskbuddyAcceptedTaskUpdatedInSupervisors_JanitorsDetailsScreenTest</span>
                <br/>
              </div> <!-- method-in-group -->
              <div class="method-in-group">
                <span class="method-in-group-name">Tc09_taskBuddyStartToWorkAcceptedTaskFlowTest</span>
                <br/>
              </div> <!-- method-in-group -->
              <div class="method-in-group">
                <span class="method-in-group-name">Tc10_taskBuddyDashboardOngoingTaskValidationTest</span>
                <br/>
              </div> <!-- method-in-group -->
              <div class="method-in-group">
                <span class="method-in-group-name">Tc11_taskbuddyOngoingTaskUpdateInAdminDashboardTest</span>
                <br/>
              </div> <!-- method-in-group -->
              <div class="method-in-group">
                <span class="method-in-group-name">Tc12_adminDeleteTaskbuddyOngoingTaskTest</span>
                <br/>
              </div> <!-- method-in-group -->
              <div class="method-in-group">
                <span class="method-in-group-name">Tc13_taskbuddyOngoingTaskUpdatedInSupervisors_JanitorsDetailsScreenTest</span>
                <br/>
              </div> <!-- method-in-group -->
              <div class="method-in-group">
                <span class="method-in-group-name">Tc14_validationOf_PN_for_RequestforClosureTaskTest</span>
                <br/>
              </div> <!-- method-in-group -->
              <div class="method-in-group">
                <span class="method-in-group-name">Tc15_taskBuddyDashboardClosureTaskValidationTest</span>
                <br/>
              </div> <!-- method-in-group -->
              <div class="method-in-group">
                <span class="method-in-group-name">Tc16_validateClosureTaskIsUpdatedInSupervisors_JanitorsDetailScreenTest</span>
                <br/>
              </div> <!-- method-in-group -->
              <div class="method-in-group">
                <span class="method-in-group-name">Tc17_taskbuddyClosureTaskUpdateInAdminDashboardTest</span>
                <br/>
              </div> <!-- method-in-group -->
              <div class="method-in-group">
                <span class="method-in-group-name">Tc18_verifyAdminDelete_BuddyRequestForClosureTaskTest</span>
                <br/>
              </div> <!-- method-in-group -->
              <div class="method-in-group">
                <span class="method-in-group-name">Tc19_approveBuddyRequestedTaskTest</span>
                <br/>
              </div> <!-- method-in-group -->
              <div class="method-in-group">
                <span class="method-in-group-name">Tc20_completedTaskUpdatedInSupervisors_JanitorsDetailScreenTest</span>
                <br/>
              </div> <!-- method-in-group -->
              <div class="method-in-group">
                <span class="method-in-group-name">Tc21_validateBuddyCompletedTaskTest</span>
                <br/>
              </div> <!-- method-in-group -->
              <div class="method-in-group">
                <span class="method-in-group-name">Tc22_validateCompletedTaskUpdatedInAdminDashboardTest</span>
                <br/>
              </div> <!-- method-in-group -->
            </div> <!-- test-group -->
          </div> <!-- main-panel-content rounded-window-bottom -->
        </div> <!-- panel -->
        <div panel-name="times-Suite" class="panel">
          <div class="main-panel-header rounded-window-top">
            <span class="header-content">Times for Suite</span>
          </div> <!-- main-panel-header rounded-window-top -->
          <div class="main-panel-content rounded-window-bottom">
            <div class="times-div">
              <script type="text/javascript">
suiteTableInitFunctions.push('tableData_Suite');
function tableData_Suite() {
var data = new google.visualization.DataTable();
data.addColumn('number', 'Number');
data.addColumn('string', 'Method');
data.addColumn('string', 'Class');
data.addColumn('number', 'Time (ms)');
data.addRows(22);
data.setCell(0, 0, 0)
data.setCell(0, 1, 'Tc01_assign_Delete_AssignTaskOfSameFacilityTest')
data.setCell(0, 2, 'TaskMasterFlowTest.AdminTaskDeletionScenarioTest')
data.setCell(0, 3, 186900);
data.setCell(1, 0, 1)
data.setCell(1, 1, 'Tc09_taskBuddyStartToWorkAcceptedTaskFlowTest')
data.setCell(1, 2, 'TaskMasterFlowTest.AdminTaskDeletionScenarioTest')
data.setCell(1, 3, 153726);
data.setCell(2, 0, 2)
data.setCell(2, 1, 'Tc14_validationOf_PN_for_RequestforClosureTaskTest')
data.setCell(2, 2, 'TaskMasterFlowTest.AdminTaskDeletionScenarioTest')
data.setCell(2, 3, 137889);
data.setCell(3, 0, 3)
data.setCell(3, 1, 'Tc07_adminDeleteTaskbuddyAcceptedTaskTest')
data.setCell(3, 2, 'TaskMasterFlowTest.AdminTaskDeletionScenarioTest')
data.setCell(3, 3, 131154);
data.setCell(4, 0, 4)
data.setCell(4, 1, 'Tc18_verifyAdminDelete_BuddyRequestForClosureTaskTest')
data.setCell(4, 2, 'TaskMasterFlowTest.AdminTaskDeletionScenarioTest')
data.setCell(4, 3, 130993);
data.setCell(5, 0, 5)
data.setCell(5, 1, 'Tc12_adminDeleteTaskbuddyOngoingTaskTest')
data.setCell(5, 2, 'TaskMasterFlowTest.AdminTaskDeletionScenarioTest')
data.setCell(5, 3, 130299);
data.setCell(6, 0, 6)
data.setCell(6, 1, 'Tc04_validationOf_PN_for_AcceptedTaskTest')
data.setCell(6, 2, 'TaskMasterFlowTest.AdminTaskDeletionScenarioTest')
data.setCell(6, 3, 128039);
data.setCell(7, 0, 7)
data.setCell(7, 1, 'Tc03_validateBuddyPendingTaskTest')
data.setCell(7, 2, 'TaskMasterFlowTest.AdminTaskDeletionScenarioTest')
data.setCell(7, 3, 96993);
data.setCell(8, 0, 8)
data.setCell(8, 1, 'Tc06_taskbuddyAcceptedTask_UpdateInAdminDashboardTest')
data.setCell(8, 2, 'TaskMasterFlowTest.AdminTaskDeletionScenarioTest')
data.setCell(8, 3, 84271);
data.setCell(9, 0, 9)
data.setCell(9, 1, 'Tc11_taskbuddyOngoingTaskUpdateInAdminDashboardTest')
data.setCell(9, 2, 'TaskMasterFlowTest.AdminTaskDeletionScenarioTest')
data.setCell(9, 3, 81699);
data.setCell(10, 0, 10)
data.setCell(10, 1, 'Tc17_taskbuddyClosureTaskUpdateInAdminDashboardTest')
data.setCell(10, 2, 'TaskMasterFlowTest.AdminTaskDeletionScenarioTest')
data.setCell(10, 3, 80686);
data.setCell(11, 0, 11)
data.setCell(11, 1, 'Tc22_validateCompletedTaskUpdatedInAdminDashboardTest')
data.setCell(11, 2, 'TaskMasterFlowTest.AdminTaskDeletionScenarioTest')
data.setCell(11, 3, 79982);
data.setCell(12, 0, 12)
data.setCell(12, 1, 'Tc21_validateBuddyCompletedTaskTest')
data.setCell(12, 2, 'TaskMasterFlowTest.AdminTaskDeletionScenarioTest')
data.setCell(12, 3, 71101);
data.setCell(13, 0, 13)
data.setCell(13, 1, 'Tc05_taskBuddyDashboardAcceptedTaskValidationTest')
data.setCell(13, 2, 'TaskMasterFlowTest.AdminTaskDeletionScenarioTest')
data.setCell(13, 3, 70397);
data.setCell(14, 0, 14)
data.setCell(14, 1, 'Tc10_taskBuddyDashboardOngoingTaskValidationTest')
data.setCell(14, 2, 'TaskMasterFlowTest.AdminTaskDeletionScenarioTest')
data.setCell(14, 3, 70145);
data.setCell(15, 0, 15)
data.setCell(15, 1, 'Tc15_taskBuddyDashboardClosureTaskValidationTest')
data.setCell(15, 2, 'TaskMasterFlowTest.AdminTaskDeletionScenarioTest')
data.setCell(15, 3, 68320);
data.setCell(16, 0, 16)
data.setCell(16, 1, 'Tc19_approveBuddyRequestedTaskTest')
data.setCell(16, 2, 'TaskMasterFlowTest.AdminTaskDeletionScenarioTest')
data.setCell(16, 3, 58370);
data.setCell(17, 0, 17)
data.setCell(17, 1, 'Tc20_completedTaskUpdatedInSupervisors_JanitorsDetailScreenTest')
data.setCell(17, 2, 'TaskMasterFlowTest.AdminTaskDeletionScenarioTest')
data.setCell(17, 3, 58237);
data.setCell(18, 0, 18)
data.setCell(18, 1, 'Tc02_pendingTaskValidationTest')
data.setCell(18, 2, 'TaskMasterFlowTest.AdminTaskDeletionScenarioTest')
data.setCell(18, 3, 58109);
data.setCell(19, 0, 19)
data.setCell(19, 1, 'Tc13_taskbuddyOngoingTaskUpdatedInSupervisors_JanitorsDetailsScreenTest')
data.setCell(19, 2, 'TaskMasterFlowTest.AdminTaskDeletionScenarioTest')
data.setCell(19, 3, 53413);
data.setCell(20, 0, 20)
data.setCell(20, 1, 'Tc16_validateClosureTaskIsUpdatedInSupervisors_JanitorsDetailScreenTest')
data.setCell(20, 2, 'TaskMasterFlowTest.AdminTaskDeletionScenarioTest')
data.setCell(20, 3, 52530);
data.setCell(21, 0, 21)
data.setCell(21, 1, 'Tc08_taskbuddyAcceptedTaskUpdatedInSupervisors_JanitorsDetailsScreenTest')
data.setCell(21, 2, 'TaskMasterFlowTest.AdminTaskDeletionScenarioTest')
data.setCell(21, 3, 52500);
window.suiteTableData['Suite']= { tableData: data, tableDiv: 'times-div-Suite'}
return data;
}
              </script>
              <span class="suite-total-time">Total running time: 33 minutes</span>
              <div id="times-div-Suite">
              </div> <!-- times-div-Suite -->
            </div> <!-- times-div -->
          </div> <!-- main-panel-content rounded-window-bottom -->
        </div> <!-- panel -->
        <div panel-name="reporter-Suite" class="panel">
          <div class="main-panel-header rounded-window-top">
            <span class="header-content">Reporter output for Suite</span>
          </div> <!-- main-panel-header rounded-window-top -->
          <div class="main-panel-content rounded-window-bottom">
          </div> <!-- main-panel-content rounded-window-bottom -->
        </div> <!-- panel -->
        <div panel-name="ignored-methods-Suite" class="panel">
          <div class="main-panel-header rounded-window-top">
            <span class="header-content">0 ignored methods</span>
          </div> <!-- main-panel-header rounded-window-top -->
          <div class="main-panel-content rounded-window-bottom">
          </div> <!-- main-panel-content rounded-window-bottom -->
        </div> <!-- panel -->
        <div panel-name="chronological-Suite" class="panel">
          <div class="main-panel-header rounded-window-top">
            <span class="header-content">Methods in chronological order</span>
          </div> <!-- main-panel-header rounded-window-top -->
          <div class="main-panel-content rounded-window-bottom">
            <div class="chronological-class">
              <div class="chronological-class-name">TaskMasterFlowTest.AdminTaskDeletionScenarioTest</div> <!-- chronological-class-name -->
              <div class="configuration-suite before">
                <span class="method-name">loadConfigAndStartServer</span>
                <span class="method-start">0 ms</span>
              </div> <!-- configuration-suite before -->
              <div class="configuration-class before">
                <span class="method-name">initDriver(Android)</span>
                <span class="method-start">2069 ms</span>
              </div> <!-- configuration-class before -->
              <div class="configuration-method before">
                <span class="method-name">resetAppBeforeTest</span>
                <span class="method-start">22659 ms</span>
              </div> <!-- configuration-method before -->
              <div class="test-method">
                <span class="method-name">Tc01_assign_Delete_AssignTaskOfSameFacilityTest(1)</span>
                <span class="method-start">101450 ms</span>
              </div> <!-- test-method -->
              <div class="configuration-method after">
                <span class="method-name">afterMethod([TestResult name=Tc01_assign_Delete_AssignTaskOfSameFacilityTest status=SUCCESS method=AdminTaskDele...)</span>
                <span class="method-start">288357 ms</span>
              </div> <!-- configuration-method after -->
              <div class="configuration-method before">
                <span class="method-name">resetAppBeforeTest</span>
                <span class="method-start">288366 ms</span>
              </div> <!-- configuration-method before -->
              <div class="test-method">
                <span class="method-name">Tc02_pendingTaskValidationTest(1)</span>
                <span class="method-start">328244 ms</span>
              </div> <!-- test-method -->
              <div class="configuration-method after">
                <span class="method-name">afterMethod([TestResult name=Tc02_pendingTaskValidationTest status=SUCCESS method=AdminTaskDeletionScenarioTest....)</span>
                <span class="method-start">386356 ms</span>
              </div> <!-- configuration-method after -->
              <div class="configuration-method before">
                <span class="method-name">resetAppBeforeTest</span>
                <span class="method-start">386358 ms</span>
              </div> <!-- configuration-method before -->
              <div class="test-method">
                <span class="method-name">Tc03_validateBuddyPendingTaskTest(1)</span>
                <span class="method-start">426223 ms</span>
              </div> <!-- test-method -->
              <div class="configuration-method after">
                <span class="method-name">afterMethod([TestResult name=Tc03_validateBuddyPendingTaskTest status=SUCCESS method=AdminTaskDeletionScenarioTe...)</span>
                <span class="method-start">523219 ms</span>
              </div> <!-- configuration-method after -->
              <div class="configuration-method before">
                <span class="method-name">resetAppBeforeTest</span>
                <span class="method-start">523222 ms</span>
              </div> <!-- configuration-method before -->
              <div class="test-method">
                <span class="method-name">Tc04_validationOf_PN_for_AcceptedTaskTest(1)</span>
                <span class="method-start">561990 ms</span>
              </div> <!-- test-method -->
              <div class="configuration-method after">
                <span class="method-name">afterMethod([TestResult name=Tc04_validationOf_PN_for_AcceptedTaskTest status=SUCCESS method=AdminTaskDeletionSc...)</span>
                <span class="method-start">690032 ms</span>
              </div> <!-- configuration-method after -->
              <div class="configuration-method before">
                <span class="method-name">resetAppBeforeTest</span>
                <span class="method-start">690034 ms</span>
              </div> <!-- configuration-method before -->
              <div class="test-method">
                <span class="method-name">Tc05_taskBuddyDashboardAcceptedTaskValidationTest(1)</span>
                <span class="method-start">728596 ms</span>
              </div> <!-- test-method -->
              <div class="configuration-method after">
                <span class="method-name">afterMethod([TestResult name=Tc05_taskBuddyDashboardAcceptedTaskValidationTest status=SUCCESS method=AdminTaskDe...)</span>
                <span class="method-start">798997 ms</span>
              </div> <!-- configuration-method after -->
              <div class="configuration-method before">
                <span class="method-name">resetAppBeforeTest</span>
                <span class="method-start">798999 ms</span>
              </div> <!-- configuration-method before -->
              <div class="test-method">
                <span class="method-name">Tc06_taskbuddyAcceptedTask_UpdateInAdminDashboardTest(1)</span>
                <span class="method-start">837136 ms</span>
              </div> <!-- test-method -->
              <div class="configuration-method after">
                <span class="method-name">afterMethod([TestResult name=Tc06_taskbuddyAcceptedTask_UpdateInAdminDashboardTest status=SUCCESS method=AdminTa...)</span>
                <span class="method-start">921410 ms</span>
              </div> <!-- configuration-method after -->
              <div class="configuration-method before">
                <span class="method-name">resetAppBeforeTest</span>
                <span class="method-start">921413 ms</span>
              </div> <!-- configuration-method before -->
              <div class="test-method">
                <span class="method-name">Tc07_adminDeleteTaskbuddyAcceptedTaskTest(1)</span>
                <span class="method-start">959281 ms</span>
              </div> <!-- test-method -->
              <div class="configuration-method after">
                <span class="method-name">afterMethod([TestResult name=Tc07_adminDeleteTaskbuddyAcceptedTaskTest status=SUCCESS method=AdminTaskDeletionSc...)</span>
                <span class="method-start">1090437 ms</span>
              </div> <!-- configuration-method after -->
              <div class="configuration-method before">
                <span class="method-name">resetAppBeforeTest</span>
                <span class="method-start">1090439 ms</span>
              </div> <!-- configuration-method before -->
              <div class="test-method">
                <span class="method-name">Tc08_taskbuddyAcceptedTaskUpdatedInSupervisors_JanitorsDetailsScreenTest(1)</span>
                <span class="method-start">1128041 ms</span>
              </div> <!-- test-method -->
              <div class="configuration-method after">
                <span class="method-name">afterMethod([TestResult name=Tc08_taskbuddyAcceptedTaskUpdatedInSupervisors_JanitorsDetailsScreenTest status=SUC...)</span>
                <span class="method-start">1180542 ms</span>
              </div> <!-- configuration-method after -->
              <div class="configuration-method before">
                <span class="method-name">resetAppBeforeTest</span>
                <span class="method-start">1180544 ms</span>
              </div> <!-- configuration-method before -->
              <div class="test-method">
                <span class="method-name">Tc09_taskBuddyStartToWorkAcceptedTaskFlowTest(1)</span>
                <span class="method-start">1220251 ms</span>
              </div> <!-- test-method -->
              <div class="configuration-method after">
                <span class="method-name">afterMethod([TestResult name=Tc09_taskBuddyStartToWorkAcceptedTaskFlowTest status=SUCCESS method=AdminTaskDeleti...)</span>
                <span class="method-start">1373980 ms</span>
              </div> <!-- configuration-method after -->
              <div class="configuration-method before">
                <span class="method-name">resetAppBeforeTest</span>
                <span class="method-start">1373982 ms</span>
              </div> <!-- configuration-method before -->
              <div class="test-method">
                <span class="method-name">Tc10_taskBuddyDashboardOngoingTaskValidationTest(1)</span>
                <span class="method-start">1412649 ms</span>
              </div> <!-- test-method -->
              <div class="configuration-method after">
                <span class="method-name">afterMethod([TestResult name=Tc10_taskBuddyDashboardOngoingTaskValidationTest status=SUCCESS method=AdminTaskDel...)</span>
                <span class="method-start">1482796 ms</span>
              </div> <!-- configuration-method after -->
              <div class="configuration-method before">
                <span class="method-name">resetAppBeforeTest</span>
                <span class="method-start">1482798 ms</span>
              </div> <!-- configuration-method before -->
              <div class="test-method">
                <span class="method-name">Tc11_taskbuddyOngoingTaskUpdateInAdminDashboardTest(1)</span>
                <span class="method-start">1520591 ms</span>
              </div> <!-- test-method -->
              <div class="configuration-method after">
                <span class="method-name">afterMethod([TestResult name=Tc11_taskbuddyOngoingTaskUpdateInAdminDashboardTest status=SUCCESS method=AdminTask...)</span>
                <span class="method-start">1602292 ms</span>
              </div> <!-- configuration-method after -->
              <div class="configuration-method before">
                <span class="method-name">resetAppBeforeTest</span>
                <span class="method-start">1602295 ms</span>
              </div> <!-- configuration-method before -->
              <div class="test-method">
                <span class="method-name">Tc12_adminDeleteTaskbuddyOngoingTaskTest(1)</span>
                <span class="method-start">1640078 ms</span>
              </div> <!-- test-method -->
              <div class="configuration-method after">
                <span class="method-name">afterMethod([TestResult name=Tc12_adminDeleteTaskbuddyOngoingTaskTest status=SUCCESS method=AdminTaskDeletionSce...)</span>
                <span class="method-start">1770379 ms</span>
              </div> <!-- configuration-method after -->
              <div class="configuration-method before">
                <span class="method-name">resetAppBeforeTest</span>
                <span class="method-start">1770380 ms</span>
              </div> <!-- configuration-method before -->
              <div class="test-method">
                <span class="method-name">Tc13_taskbuddyOngoingTaskUpdatedInSupervisors_JanitorsDetailsScreenTest(1)</span>
                <span class="method-start">1810187 ms</span>
              </div> <!-- test-method -->
              <div class="configuration-method after">
                <span class="method-name">afterMethod([TestResult name=Tc13_taskbuddyOngoingTaskUpdatedInSupervisors_JanitorsDetailsScreenTest status=SUCC...)</span>
                <span class="method-start">1863602 ms</span>
              </div> <!-- configuration-method after -->
              <div class="configuration-method before">
                <span class="method-name">resetAppBeforeTest</span>
                <span class="method-start">1863605 ms</span>
              </div> <!-- configuration-method before -->
              <div class="test-method">
                <span class="method-name">Tc14_validationOf_PN_for_RequestforClosureTaskTest(1)</span>
                <span class="method-start">1901688 ms</span>
              </div> <!-- test-method -->
              <div class="configuration-method after">
                <span class="method-name">afterMethod([TestResult name=Tc14_validationOf_PN_for_RequestforClosureTaskTest status=SUCCESS method=AdminTaskD...)</span>
                <span class="method-start">2039580 ms</span>
              </div> <!-- configuration-method after -->
              <div class="configuration-method before">
                <span class="method-name">resetAppBeforeTest</span>
                <span class="method-start">2039583 ms</span>
              </div> <!-- configuration-method before -->
              <div class="test-method">
                <span class="method-name">Tc15_taskBuddyDashboardClosureTaskValidationTest(1)</span>
                <span class="method-start">2077257 ms</span>
              </div> <!-- test-method -->
              <div class="configuration-method after">
                <span class="method-name">afterMethod([TestResult name=Tc15_taskBuddyDashboardClosureTaskValidationTest status=SUCCESS method=AdminTaskDel...)</span>
                <span class="method-start">2145578 ms</span>
              </div> <!-- configuration-method after -->
              <div class="configuration-method before">
                <span class="method-name">resetAppBeforeTest</span>
                <span class="method-start">2145579 ms</span>
              </div> <!-- configuration-method before -->
              <div class="test-method">
                <span class="method-name">Tc16_validateClosureTaskIsUpdatedInSupervisors_JanitorsDetailScreenTest(1)</span>
                <span class="method-start">2183479 ms</span>
              </div> <!-- test-method -->
              <div class="configuration-method after">
                <span class="method-name">afterMethod([TestResult name=Tc16_validateClosureTaskIsUpdatedInSupervisors_JanitorsDetailScreenTest status=SUCC...)</span>
                <span class="method-start">2236012 ms</span>
              </div> <!-- configuration-method after -->
              <div class="configuration-method before">
                <span class="method-name">resetAppBeforeTest</span>
                <span class="method-start">2236014 ms</span>
              </div> <!-- configuration-method before -->
              <div class="test-method">
                <span class="method-name">Tc17_taskbuddyClosureTaskUpdateInAdminDashboardTest(1)</span>
                <span class="method-start">2274136 ms</span>
              </div> <!-- test-method -->
              <div class="configuration-method after">
                <span class="method-name">afterMethod([TestResult name=Tc17_taskbuddyClosureTaskUpdateInAdminDashboardTest status=SUCCESS method=AdminTask...)</span>
                <span class="method-start">2354824 ms</span>
              </div> <!-- configuration-method after -->
              <div class="configuration-method before">
                <span class="method-name">resetAppBeforeTest</span>
                <span class="method-start">2354826 ms</span>
              </div> <!-- configuration-method before -->
              <div class="test-method">
                <span class="method-name">Tc18_verifyAdminDelete_BuddyRequestForClosureTaskTest(1)</span>
                <span class="method-start">2392863 ms</span>
              </div> <!-- test-method -->
              <div class="configuration-method before">
                <span class="method-name">resetAppBeforeTest</span>
                <span class="method-start">2523856 ms</span>
              </div> <!-- configuration-method before -->
              <div class="configuration-method after">
                <span class="method-name">afterMethod([TestResult name=Tc18_verifyAdminDelete_BuddyRequestForClosureTaskTest status=SUCCESS method=AdminTa...)</span>
                <span class="method-start">2523856 ms</span>
              </div> <!-- configuration-method after -->
              <div class="test-method">
                <img src="failed.png">
                </img>
                <span class="method-name">Tc19_approveBuddyRequestedTaskTest(1)</span>
                <span class="method-start">2562075 ms</span>
              </div> <!-- test-method -->
              <div class="configuration-method after">
                <span class="method-name">afterMethod([TestResult name=Tc19_approveBuddyRequestedTaskTest status=FAILURE method=AdminTaskDeletionScenarioT...)</span>
                <span class="method-start">2622597 ms</span>
              </div> <!-- configuration-method after -->
              <div class="configuration-method before">
                <span class="method-name">resetAppBeforeTest</span>
                <span class="method-start">2623990 ms</span>
              </div> <!-- configuration-method before -->
              <div class="test-method">
                <span class="method-name">Tc20_completedTaskUpdatedInSupervisors_JanitorsDetailScreenTest(1)</span>
                <span class="method-start">2661282 ms</span>
              </div> <!-- test-method -->
              <div class="configuration-method after">
                <span class="method-name">afterMethod([TestResult name=Tc20_completedTaskUpdatedInSupervisors_JanitorsDetailScreenTest status=SUCCESS meth...)</span>
                <span class="method-start">2719521 ms</span>
              </div> <!-- configuration-method after -->
              <div class="configuration-method before">
                <span class="method-name">resetAppBeforeTest</span>
                <span class="method-start">2719524 ms</span>
              </div> <!-- configuration-method before -->
              <div class="test-method">
                <span class="method-name">Tc21_validateBuddyCompletedTaskTest(1)</span>
                <span class="method-start">2757561 ms</span>
              </div> <!-- test-method -->
              <div class="configuration-method after">
                <span class="method-name">afterMethod([TestResult name=Tc21_validateBuddyCompletedTaskTest status=SUCCESS method=AdminTaskDeletionScenario...)</span>
                <span class="method-start">2828664 ms</span>
              </div> <!-- configuration-method after -->
              <div class="configuration-method before">
                <span class="method-name">resetAppBeforeTest</span>
                <span class="method-start">2828667 ms</span>
              </div> <!-- configuration-method before -->
              <div class="test-method">
                <span class="method-name">Tc22_validateCompletedTaskUpdatedInAdminDashboardTest(1)</span>
                <span class="method-start">2866624 ms</span>
              </div> <!-- test-method -->
              <div class="configuration-method after">
                <span class="method-name">afterMethod([TestResult name=Tc22_validateCompletedTaskUpdatedInAdminDashboardTest status=SUCCESS method=AdminTa...)</span>
                <span class="method-start">2946606 ms</span>
              </div> <!-- configuration-method after -->
              <div class="configuration-class after">
                <span class="method-name">quitDriver</span>
                <span class="method-start">2946612 ms</span>
              </div> <!-- configuration-class after -->
              <div class="configuration-suite after">
                <span class="method-name">stopServer</span>
                <span class="method-start">2947816 ms</span>
              </div> <!-- configuration-suite after -->
          </div> <!-- main-panel-content rounded-window-bottom -->
        </div> <!-- panel -->
      </div> <!-- main-panel-root -->
    </div> <!-- wrapper -->
  </body>
<script type="text/javascript" src="testng-reports2.js"></script>
</html>
