<?xml version="1.0" encoding="UTF-8"?>
<!-- Generated by org.testng.reporters.JUnitReportReporter -->
<testsuite hostname="TYSS-Dilip-Chakkarabani" failures="0" tests="1" name="TaskMasterFlowTest.AssignSingleTaskToDifferentTimeTest" time="242.516" errors="0" timestamp="2025-11-27T13:45:03 IST" skipped="0">
  <testcase classname="TaskMasterFlowTest.AssignSingleTaskToDifferentTimeTest" name="Tc04_validateBuddyPendingTaskTest" time="242.516"/>
</testsuite> <!-- TaskMasterFlowTest.AssignSingleTaskToDifferentTimeTest -->
