<?xml version="1.0" encoding="UTF-8"?>
<!-- Generated by org.testng.reporters.JUnitReportReporter -->
<testsuite hostname="TYSS-Dilip-Chakkarabani" failures="0" tests="8" name="SuperviosrFlowTest.SupervisorLoginTest" time="259.549" errors="0" timestamp="2025-08-06T18:06:34 IST" skipped="0">
  <testcase classname="SuperviosrFlowTest.SupervisorLoginTest" name="Tc02_invalidMobileNoTest" time="27.008"/>
  <testcase classname="SuperviosrFlowTest.SupervisorLoginTest" name="Tc05_emptyOTPFieldTest" time="31.446"/>
  <testcase classname="SuperviosrFlowTest.SupervisorLoginTest" name="Tc08_pendingTaskValidationTest" time="47.215"/>
  <testcase classname="SuperviosrFlowTest.SupervisorLoginTest" name="Tc04_validMobileNoTest" time="30.186"/>
  <testcase classname="SuperviosrFlowTest.SupervisorLoginTest" name="Tc07_validOTPTest" time="45.920"/>
  <testcase classname="SuperviosrFlowTest.SupervisorLoginTest" name="Tc06_invalidOTPFieldTest" time="35.761"/>
  <testcase classname="SuperviosrFlowTest.SupervisorLoginTest" name="Tc01_emptyloginTest" time="14.940"/>
  <testcase classname="SuperviosrFlowTest.SupervisorLoginTest" name="Tc03_invalidCharacterTest" time="27.073"/>
</testsuite> <!-- SuperviosrFlowTest.SupervisorLoginTest -->
