<?xml version="1.0" encoding="UTF-8"?>
<!-- Generated by org.testng.reporters.JUnitReportReporter -->
<testsuite hostname="TYSS-Dilip-Chakkarabani" failures="0" tests="3" name="TaskMasterFlowTest.SupervisorReassignPendingTaskTest" time="235.099" errors="0" timestamp="2025-10-10T09:35:07 IST" skipped="0">
  <testcase classname="TaskMasterFlowTest.SupervisorReassignPendingTaskTest" name="Tc01_supervisorReassignBuddyPendingTaskTest" time="118.093"/>
  <testcase classname="TaskMasterFlowTest.SupervisorReassignPendingTaskTest" name="Tc02_validateBuddyPendingTaskTest" time="50.875"/>
  <testcase classname="TaskMasterFlowTest.SupervisorReassignPendingTaskTest" name="Tc03_adminDeleteTaskbuddyAcceptedTaskTest" time="66.131"/>
</testsuite> <!-- TaskMasterFlowTest.SupervisorReassignPendingTaskTest -->
