<?xml version="1.0" encoding="UTF-8"?>
<!-- Generated by org.testng.reporters.JUnitReportReporter -->
<testsuite hostname="TYSS-Dilip-Chakkarabani" failures="0" tests="2" name="TaskMasterFlowTest.NewUserPurchaseClassicSubscriptionThroughRenewItLinkTest" time="364.534" errors="0" timestamp="2025-11-27T14:10:03 IST" skipped="0">
  <testcase classname="TaskMasterFlowTest.NewUserPurchaseClassicSubscriptionThroughRenewItLinkTest" name="Tc01_newUserTrytoPurchasingNewFacilityTest" time="161.986"/>
  <testcase classname="TaskMasterFlowTest.NewUserPurchaseClassicSubscriptionThroughRenewItLinkTest" name="Tc02_newUser_Tap_RenewItLink_Purchasing_ClassicSubscriptionTest" time="202.548"/>
</testsuite> <!-- TaskMasterFlowTest.NewUserPurchaseClassicSubscriptionThroughRenewItLinkTest -->
