<?xml version="1.0" encoding="UTF-8"?>
<!-- Generated by org.testng.reporters.JUnitReportReporter -->
<testsuite hostname="TYSS-Dilip-Chakkarabani" failures="0" tests="1" name="SupervisorFlowTest.SupervisorValidateTaskBuddyShiftTimeTest" time="95.973" errors="0" timestamp="2025-08-08T14:06:53 IST" skipped="0">
  <testcase classname="SupervisorFlowTest.SupervisorValidateTaskBuddyShiftTimeTest" name="Tc01_shiftInTimingValidationTest" time="95.973"/>
</testsuite> <!-- SupervisorFlowTest.SupervisorValidateTaskBuddyShiftTimeTest -->
