<?xml version="1.0" encoding="UTF-8"?>
<!-- Generated by org.testng.reporters.JUnitReportReporter -->
<testsuite hostname="TYSS-Dilip-Chakkarabani" failures="0" tests="2" name="TaskMasterFlowTest.NewUserPurchasePremiumSubscriptionThrough_RenewItLinkTest" time="389.671" errors="0" timestamp="2025-11-27T14:10:03 IST" skipped="0">
  <testcase classname="TaskMasterFlowTest.NewUserPurchasePremiumSubscriptionThrough_RenewItLinkTest" name="Tc01_newUserTrytoPurchasingNewFacilityTest" time="158.328"/>
  <testcase classname="TaskMasterFlowTest.NewUserPurchasePremiumSubscriptionThrough_RenewItLinkTest" name="Tc02_newUser_Tap_RenewItLink_Purchasing_PremiumSubscriptionTest" time="231.343"/>
</testsuite> <!-- TaskMasterFlowTest.NewUserPurchasePremiumSubscriptionThrough_RenewItLinkTest -->
