<?xml version="1.0" encoding="UTF-8"?>
<!-- Generated by org.testng.reporters.JUnitReportReporter -->
<testsuite hostname="TYSS-Dilip-Chakkarabani" failures="0" tests="1" name="TaskbuddyFlowTest.AdminDeleteTaskbuddyAcceptedTaskFlowTest" time="73.600" errors="0" timestamp="2025-07-29T12:50:52 IST" skipped="0">
  <testcase classname="TaskbuddyFlowTest.AdminDeleteTaskbuddyAcceptedTaskFlowTest" name="Tc03_adminDeleteTaskbuddyAcceptedTaskTest" time="73.600"/>
</testsuite> <!-- TaskbuddyFlowTest.AdminDeleteTaskbuddyAcceptedTaskFlowTest -->
