<?xml version="1.0" encoding="UTF-8"?>
<!-- Generated by org.testng.reporters.JUnitReportReporter -->
<testsuite hostname="TYSS-Dilip-Chakkarabani" failures="0" tests="2" name="TaskMasterFlowTest.AddNewFacilityTest" time="764.151" errors="0" timestamp="2025-11-27T14:25:01 IST" skipped="0">
  <testcase classname="TaskMasterFlowTest.AddNewFacilityTest" name="TC01_addNew_ClassicFacilityTest" time="409.699"/>
  <testcase classname="TaskMasterFlowTest.AddNewFacilityTest" name="TC02_addNew_PremiumFacilityTest" time="354.452"/>
</testsuite> <!-- TaskMasterFlowTest.AddNewFacilityTest -->
