<?xml version="1.0" encoding="UTF-8"?>
<!-- Generated by org.testng.reporters.JUnitReportReporter -->
<testsuite hostname="TYSS-Dilip-Chakkarabani" failures="0" tests="1" name="SuperviosrFlowTest.SupervisorClosureofRequestedTaskTest" time="124.362" errors="0" timestamp="2025-07-29T20:41:50 IST" skipped="0">
  <testcase classname="SuperviosrFlowTest.SupervisorClosureofRequestedTaskTest" name="Tc09_verifyAdminDelete_BuddyRequestForClosureTaskTest" time="124.362"/>
</testsuite> <!-- SuperviosrFlowTest.SupervisorClosureofRequestedTaskTest -->
