<?xml version="1.0" encoding="UTF-8"?>
<!-- Generated by org.testng.reporters.JUnitReportReporter -->
<testsuite hostname="TYSS-Dilip-Chakkarabani" failures="0" tests="2" name="NewAdminFlowTest.AddNewTaskforExistingTaskbuddyTest" time="176.956" errors="0" timestamp="2025-07-29T21:04:51 IST" skipped="1">
  <testcase classname="NewAdminFlowTest.AddNewTaskforExistingTaskbuddyTest" name="Tc02_addNewTaskforSameFacilityTest" time="176.956"/>
  <testcase classname="NewAdminFlowTest.AddNewTaskforExistingTaskbuddyTest" name="sampleTest">
    <skipped/>
  </testcase> <!-- sampleTest -->
</testsuite> <!-- NewAdminFlowTest.AddNewTaskforExistingTaskbuddyTest -->
