<?xml version="1.0" encoding="UTF-8"?>
<!-- Generated by org.testng.reporters.JUnitReportReporter -->
<testsuite hostname="TYSS-Dilip-Chakkarabani" failures="0" tests="1" name="SupervisorFlowTest.SupervisorValidatePendingTaskTest" time="41.947" errors="0" timestamp="2025-08-08T14:06:53 IST" skipped="0">
  <testcase classname="SupervisorFlowTest.SupervisorValidatePendingTaskTest" name="Tc01_pendingTaskValidationTest" time="41.947"/>
</testsuite> <!-- SupervisorFlowTest.SupervisorValidatePendingTaskTest -->
