<?xml version="1.0" encoding="UTF-8"?>
<!-- Generated by org.testng.reporters.JUnitReportReporter -->
<testsuite hostname="TYSS-Dilip-Chakkarabani" failures="0" tests="3" name="SupervisorFlowTest.SupervisorClosureofRequestedTaskTest" time="210.342" errors="0" timestamp="2025-08-08T14:06:53 IST" skipped="0">
  <testcase classname="SupervisorFlowTest.SupervisorClosureofRequestedTaskTest" name="Tc01_approveBuddyRequestedTaskTest" time="74.395"/>
  <testcase classname="SupervisorFlowTest.SupervisorClosureofRequestedTaskTest" name="Tc02_completedTaskUpdatedInSupervisors_JanitorsDetailScreenTest" time="70.092"/>
  <testcase classname="SupervisorFlowTest.SupervisorClosureofRequestedTaskTest" name="Tc03_validateCompletedTaskUpdatedInAdminDashboardTest" time="65.855"/>
</testsuite> <!-- SupervisorFlowTest.SupervisorClosureofRequestedTaskTest -->
