<?xml version="1.0" encoding="UTF-8"?>
<!-- Generated by org.testng.reporters.JUnitReportReporter -->
<testsuite hostname="TYSS-Dilip-Chakkarabani" failures="0" tests="7" name="TaskbuddyFlowTest.TaskbuddyLoginFlowTest" time="210.003" errors="0" timestamp="2025-08-06T18:06:34 IST" skipped="0">
  <testcase classname="TaskbuddyFlowTest.TaskbuddyLoginFlowTest" name="Tc07_validOTPTest" time="43.793"/>
  <testcase classname="TaskbuddyFlowTest.TaskbuddyLoginFlowTest" name="Tc01_emptyloginTest" time="15.146"/>
  <testcase classname="TaskbuddyFlowTest.TaskbuddyLoginFlowTest" name="Tc02_invalidMobileNoTest" time="27.239"/>
  <testcase classname="TaskbuddyFlowTest.TaskbuddyLoginFlowTest" name="Tc03_invalidCharacterTest" time="27.679"/>
  <testcase classname="TaskbuddyFlowTest.TaskbuddyLoginFlowTest" name="Tc06_invalidOTPFieldTest" time="34.923"/>
  <testcase classname="TaskbuddyFlowTest.TaskbuddyLoginFlowTest" name="Tc05_emptyOTPFieldTest" time="30.868"/>
  <testcase classname="TaskbuddyFlowTest.TaskbuddyLoginFlowTest" name="Tc04_validMobileNoTest" time="30.355"/>
</testsuite> <!-- TaskbuddyFlowTest.TaskbuddyLoginFlowTest -->
