<?xml version="1.0" encoding="UTF-8"?>
<!-- Generated by org.testng.reporters.JUnitReportReporter -->
<testsuite hostname="TYSS-Dilip-Chakkarabani" failures="0" tests="1" name="TaskbuddyFlowTest.AdminDeleteTaskbuddyOnGoingTaskTest" time="56.772" errors="0" timestamp="2025-07-29T17:36:20 IST" skipped="0">
  <testcase classname="TaskbuddyFlowTest.AdminDeleteTaskbuddyOnGoingTaskTest" name="Tc02_taskbuddyOngoingTaskUpdatedInSupervisors_JanitorsDetailsScreenTest" time="56.772"/>
</testsuite> <!-- TaskbuddyFlowTest.AdminDeleteTaskbuddyOnGoingTaskTest -->
