<?xml version="1.0" encoding="UTF-8"?>
<!-- Generated by org.testng.reporters.JUnitReportReporter -->
<testsuite hostname="TYSS-Dilip-Chakkarabani" failures="0" tests="2" name="NewAdminFlowTest.AddNewFacilityTest" time="198.463" errors="0" timestamp="2025-10-27T02:39:23 IST" skipped="1">
  <testcase classname="NewAdminFlowTest.AddNewFacilityTest" name="TC01_addNew_ClassicFacilityTest" time="198.463"/>
  <testcase classname="NewAdminFlowTest.AddNewFacilityTest" name="TC02_addNew_PremiumFacilityTest">
    <skipped/>
  </testcase> <!-- TC02_addNew_PremiumFacilityTest -->
</testsuite> <!-- NewAdminFlowTest.AddNewFacilityTest -->
