<?xml version="1.0" encoding="UTF-8"?>
<!-- Generated by org.testng.reporters.JUnitReportReporter -->
<testsuite hostname="TYSS-Dilip-Chakkarabani" failures="0" tests="1" name="TaskbuddyFlowTest.ValidationTaskBuddyShiftTimeTest" time="81.802" errors="0" timestamp="2025-07-24T21:48:24 IST" skipped="0">
  <testcase classname="TaskbuddyFlowTest.ValidationTaskBuddyShiftTimeTest" name="Tc05_validationOf_PN_for_RejectedTaskTest" time="81.802"/>
</testsuite> <!-- TaskbuddyFlowTest.ValidationTaskBuddyShiftTimeTest -->
