<?xml version="1.0" encoding="UTF-8"?>
<!-- Generated by org.testng.reporters.JUnitReportReporter -->
<testsuite hostname="TYSS-Dilip-Chakkarabani" failures="0" tests="1" name="NewAdminFlowTest.AdminDeleteTaskbuddyAcceptedTaskFlowTest" time="60.475" errors="0" timestamp="2025-08-08T14:06:53 IST" skipped="0">
  <testcase classname="NewAdminFlowTest.AdminDeleteTaskbuddyAcceptedTaskFlowTest" name="Tc01_taskbuddyAcceptedTask_UpdateInAdminDashboardTest" time="60.475"/>
</testsuite> <!-- NewAdminFlowTest.AdminDeleteTaskbuddyAcceptedTaskFlowTest -->
