<?xml version="1.0" encoding="UTF-8"?>
<!-- Generated by org.testng.reporters.JUnitReportReporter -->
<testsuite hostname="TYSS-Dilip-Chakkarabani" failures="0" tests="10" name="NewAdminFlowTest.NegativeFlowTest" time="1109.364" errors="0" timestamp="2025-11-27T10:28:24 IST" skipped="4">
  <testcase classname="NewAdminFlowTest.NegativeFlowTest" name="Tc05_validateEmptyFacilityFieldTest" time="131.266"/>
  <testcase classname="NewAdminFlowTest.NegativeFlowTest" name="Tc06_withoutEnteringLocationTapNextButtonTest" time="98.187"/>
  <testcase classname="NewAdminFlowTest.NegativeFlowTest" name="Tc07_assignTaskEmptyFieldValidationTest" time="154.136"/>
  <testcase classname="NewAdminFlowTest.NegativeFlowTest" name="Tc08_validateChooseAdminErrorMessageTest" time="202.809"/>
  <testcase classname="NewAdminFlowTest.NegativeFlowTest" name="Tc09_assignSupervisorEmptyFieldValidationTest" time="257.256"/>
  <testcase classname="NewAdminFlowTest.NegativeFlowTest" name="Tc10_taskbuddyEmptyFieldvalidationTest" time="265.710"/>
  <testcase classname="NewAdminFlowTest.NegativeFlowTest" name="Tc03_validateMobileNoDigitsTest">
    <skipped/>
  </testcase> <!-- Tc03_validateMobileNoDigitsTest -->
  <testcase classname="NewAdminFlowTest.NegativeFlowTest" name="Tc01_validateEmptyLoginTest">
    <skipped/>
  </testcase> <!-- Tc01_validateEmptyLoginTest -->
  <testcase classname="NewAdminFlowTest.NegativeFlowTest" name="Tc04_verifyInvalidOTPTest">
    <skipped/>
  </testcase> <!-- Tc04_verifyInvalidOTPTest -->
  <testcase classname="NewAdminFlowTest.NegativeFlowTest" name="Tc02_validateInvalidMobileNoTest">
    <skipped/>
  </testcase> <!-- Tc02_validateInvalidMobileNoTest -->
</testsuite> <!-- NewAdminFlowTest.NegativeFlowTest -->
